Log file open, 06/02/20 17:25:16
LogWindows: Failed to load 'aqProf.dll' (GetLastError=126)
LogWindows: File 'aqProf.dll' does not exist
LogWindows: Failed to load 'VSPerf140.dll' (GetLastError=126)
LogWindows: File 'VSPerf140.dll' does not exist
LogWindows: Failed to load 'VtuneApi.dll' (GetLastError=126)
LogWindows: File 'VtuneApi.dll' does not exist
LogWindows: Failed to load 'VtuneApi32e.dll' (GetLastError=126)
LogWindows: File 'VtuneApi32e.dll' does not exist
LogInit: Display: Running engine for game: JuliaŚpiewak
LogPlatformFile: Not using cached read wrapper
LogTaskGraph: Started task graph with 5 named threads and 20 total threads with 3 sets of task threads.
LogStats: Stats thread started at 0.229799
LogD3D11RHI: Loaded GFSDK_Aftermath_Lib.x64.dll
LogICUInternationalization: Display: ICU TimeZone Detection - Raw Offset: +1:00, Platform Override: ''
LogPluginManager: Mounting plugin Paper2D
LogPluginManager: Mounting plugin AISupport
LogPluginManager: Mounting plugin LightPropagationVolume
LogPluginManager: Mounting plugin CLionSourceCodeAccess
LogPluginManager: Mounting plugin CodeLiteSourceCodeAccess
LogPluginManager: Mounting plugin GitSourceControl
LogPluginManager: Mounting plugin KDevelopSourceCodeAccess
LogPluginManager: Mounting plugin NullSourceCodeAccess
LogPluginManager: Mounting plugin PerforceSourceControl
LogPluginManager: Mounting plugin SubversionSourceControl
LogPluginManager: Mounting plugin UObjectPlugin
LogPluginManager: Mounting plugin VisualStudioCodeSourceCodeAccess
LogPluginManager: Mounting plugin VisualStudioSourceCodeAccess
LogPluginManager: Mounting plugin XCodeSourceCodeAccess
LogPluginManager: Mounting plugin AssetManagerEditor
LogPluginManager: Mounting plugin CryptoKeys
LogPluginManager: Mounting plugin DataValidation
LogPluginManager: Mounting plugin FacialAnimation
LogPluginManager: Mounting plugin GameplayTagsEditor
LogPluginManager: Mounting plugin MacGraphicsSwitching
LogPluginManager: Mounting plugin MeshEditor
LogPluginManager: Mounting plugin MobileLauncherProfileWizard
LogPluginManager: Mounting plugin PluginBrowser
LogPluginManager: Mounting plugin SpeedTreeImporter
LogPluginManager: Mounting plugin DatasmithContent
LogPluginManager: Mounting plugin AlembicImporter
LogPluginManager: Mounting plugin AppleImageUtils
LogPluginManager: Mounting plugin AppleVision
LogPluginManager: Mounting plugin BackChannel
LogPluginManager: Mounting plugin CharacterAI
LogPluginManager: Mounting plugin GeometryCache
LogPluginManager: Mounting plugin HTML5Networking
LogPluginManager: Mounting plugin ProxyLODPlugin
LogPluginManager: Mounting plugin MagicLeap
LogPluginManager: Mounting plugin MagicLeapEmulator
LogPluginManager: Mounting plugin MagicLeapMedia
LogPluginManager: Mounting plugin AndroidMedia
LogPluginManager: Mounting plugin AvfMedia
LogPluginManager: Mounting plugin ImgMedia
LogPluginManager: Mounting plugin LinearTimecode
LogPluginManager: Mounting plugin MediaCompositing
LogPluginManager: Mounting plugin MediaPlayerEditor
LogPluginManager: Mounting plugin WmfMedia
LogPluginManager: Mounting plugin TcpMessaging
LogPluginManager: Mounting plugin UdpMessaging
LogPluginManager: Mounting plugin ActorSequence
LogPluginManager: Mounting plugin LevelSequenceEditor
LogPluginManager: Mounting plugin MatineeToLevelSequence
LogPluginManager: Mounting plugin NetcodeUnitTest
LogPluginManager: Mounting plugin NUTUnrealEngine4
LogPluginManager: Mounting plugin OnlineSubsystemGooglePlay
LogPluginManager: Mounting plugin OnlineSubsystemIOS
LogPluginManager: Mounting plugin OnlineSubsystem
LogPluginManager: Mounting plugin OnlineSubsystemNull
LogPluginManager: Mounting plugin OnlineSubsystemUtils
LogPluginManager: Mounting plugin LauncherChunkInstaller
LogPluginManager: Mounting plugin AndroidDeviceProfileSelector
LogPluginManager: Mounting plugin AndroidMoviePlayer
LogPluginManager: Mounting plugin AndroidPermission
LogPluginManager: Mounting plugin AppleMoviePlayer
LogPluginManager: Mounting plugin ArchVisCharacter
LogPluginManager: Mounting plugin AudioCapture
LogPluginManager: Mounting plugin CableComponent
LogPluginManager: Mounting plugin CustomMeshComponent
LogPluginManager: Mounting plugin EditableMesh
LogPluginManager: Mounting plugin ExampleDeviceProfileSelector
LogPluginManager: Mounting plugin GoogleCloudMessaging
LogPluginManager: Mounting plugin ImmediatePhysics
LogPluginManager: Mounting plugin IOSDeviceProfileSelector
LogPluginManager: Mounting plugin LinuxDeviceProfileSelector
LogPluginManager: Mounting plugin LocationServicesBPLibrary
LogPluginManager: Mounting plugin MobilePatchingUtils
LogPluginManager: Mounting plugin OculusVR
LogPluginManager: Plugin shader directory ../../../Engine/Plugins/Runtime/Oculus/OculusVR/Shaders found
LogPluginManager: Mapping shader source directory ../../../Engine/Plugins/Runtime/Oculus/OculusVR/Shaders to virtual directory /Plugin/OculusVR
LogPluginManager: Mounting plugin PhysXVehicles
LogPluginManager: Mounting plugin ProceduralMeshComponent
LogPluginManager: Mounting plugin RuntimePhysXCooking
LogPluginManager: Mounting plugin SteamVR
LogPluginManager: Mounting plugin WindowsMoviePlayer
LogStreaming: Display: Took  0.110s to configure plugins.
LogInit: Using libcurl 7.55.1-DEV
LogInit:  - built for x86_64-pc-win32
LogInit:  - supports SSL with OpenSSL/1.0.2h
LogInit:  - supports HTTP deflate (compression) using libz 1.2.8
LogInit:  - other features:
LogInit:      CURL_VERSION_SSL
LogInit:      CURL_VERSION_LIBZ
LogInit:      CURL_VERSION_IPV6
LogInit:      CURL_VERSION_ASYNCHDNS
LogInit:      CURL_VERSION_LARGEFILE
LogInit:      CURL_VERSION_IDN
LogInit:  CurlRequestOptions (configurable via config and command line):
LogInit:  - bVerifyPeer = false  - Libcurl will NOT verify peer certificate
LogInit:  - bUseHttpProxy = false  - Libcurl will NOT use HTTP proxy
LogInit:  - bDontReuseConnections = false  - Libcurl will reuse connections
LogInit:  - CertBundlePath = nullptr  - Libcurl will use whatever was configured at build time.
LogInit:  - MaxHostConnections = 16  - Libcurl will limit the number of connections to a host
LogInit:  - LocalHostAddr = Default
LogInit:  - BufferSize = 65536
LogInit: WinSock: version 1.1 (2.2), MaxSocks=32767, MaxUdp=65467
LogInit: Build: ++UE4+Release-4.20-CL-4369336
LogInit: Engine Version: 4.20.3-4369336+++UE4+Release-4.20
LogInit: Compatible Engine Version: 4.20.0-4212847+++UE4+Release-4.20
LogInit: Net CL: 4212847
LogInit: OS: Windows 10 (), CPU: Intel(R) Core(TM) i5-8500 CPU @ 3.00GHz, GPU: NVIDIA GeForce GTX 1060 6GB
LogInit: Compiled (64-bit): Sep 17 2018 12:26:19
LogInit: Compiled with Visual C++: 19.13.26129.00
LogInit: Build Configuration: Development
LogInit: Branch Name: ++UE4+Release-4.20
LogInit: Command Line: 
LogInit: Base Directory: D:/UE_4.20/Engine/Binaries/Win64/
LogInit: Installed Engine Build: 1
LogDevObjectVersion: Number of dev versions registered: 20
LogDevObjectVersion:   Dev-Blueprints (B0D832E4-1F89-4F0D-ACCF-7EB736FD4AA2): 10
LogDevObjectVersion:   Dev-Build (E1C64328-A22C-4D53-A36C-8E866417BD8C): 0
LogDevObjectVersion:   Dev-Core (375EC13C-06E4-48FB-B500-84F0262A717E): 2
LogDevObjectVersion:   Dev-Editor (E4B068ED-F494-42E9-A231-DA0B2E46BB41): 24
LogDevObjectVersion:   Dev-Framework (CFFC743F-43B0-4480-9391-14DF171D2073): 34
LogDevObjectVersion:   Dev-Mobile (B02B49B5-BB20-44E9-A304-32B752E40360): 2
LogDevObjectVersion:   Dev-Networking (A4E4105C-59A1-49B5-A7C5-40C4547EDFEE): 0
LogDevObjectVersion:   Dev-Online (39C831C9-5AE6-47DC-9A44-9C173E1C8E7C): 0
LogDevObjectVersion:   Dev-Physics (78F01B33-EBEA-4F98-B9B4-84EACCB95AA2): 0
LogDevObjectVersion:   Dev-Platform (6631380F-2D4D-43E0-8009-CF276956A95A): 0
LogDevObjectVersion:   Dev-Rendering (12F88B9F-8875-4AFC-A67C-D90C383ABD29): 26
LogDevObjectVersion:   Dev-Sequencer (7B5AE74C-D270-4C10-A958-57980B212A5A): 9
LogDevObjectVersion:   Dev-VR (D7296918-1DD6-4BDD-9DE2-64A83CC13884): 2
LogDevObjectVersion:   Dev-LoadTimes (C2A15278-BFE7-4AFE-6C17-90FF531DF755): 1
LogDevObjectVersion:   Private-Geometry (6EACA3D4-40EC-4CC1-B786-8BED09428FC5): 3
LogDevObjectVersion:   Dev-AnimPhys (29E575DD-E0A3-4627-9D10-D276232CDCEA): 17
LogDevObjectVersion:   Dev-ReflectionCapture (6B266CEC-1EC7-4B8F-A30B-E4D90942FC07): 1
LogDevObjectVersion:   Dev-Automation (0DF73D61-A23F-47EA-B727-89E90C41499A): 1
LogDevObjectVersion:   FortniteMain (601D1886-AC64-4F84-AA16-D3DE0DEAC7D6): 12
LogDevObjectVersion:   Dev-Enterprise (9DFFBCD6-494F-0158-E221-12823C92A888): 1
LogStreaming: Display: Took  0.002s to delete old logs.
LogInit: Presizing for max 8388607 objects, including 0 objects not considered by GC, pre-allocating 0 bytes for permanent pool.
LogInit: Object subsystem initialized
[2020.06.02-15.25.17:020][  0]LogInit: Selected Device Profile: [Windows]
[2020.06.02-15.25.17:020][  0]LogInit: Applying CVar settings loaded from the selected device profile: [Windows]
[2020.06.02-15.25.17:032][  0]LogHAL: Display: Platform has ~ 16 GB [17109979136 / 17179869184 / 16], which maps to Larger [LargestMinGB=32, LargerMinGB=12, DefaultMinGB=8, SmallerMinGB=6, SmallestMinGB=0)
[2020.06.02-15.25.17:032][  0]LogInit: Setting Device Profile CVar: [[r.Vulkan.UseRealUBs:1]]
[2020.06.02-15.25.17:032][  0]LogInit: Going up to parent DeviceProfile []
[2020.06.02-15.25.17:032][  0]LogInit: Computer: DESKTOP-8FBQDIA
[2020.06.02-15.25.17:033][  0]LogInit: User: Jule
[2020.06.02-15.25.17:033][  0]LogInit: CPU Page size=4096, Cores=6
[2020.06.02-15.25.17:033][  0]LogInit: High frequency timer resolution =10.000000 MHz
[2020.06.02-15.25.17:033][  0]LogMemory: Memory total: Physical=15.9GB (16GB approx)
[2020.06.02-15.25.17:033][  0]LogMemory: Platform Memory Stats for Windows
[2020.06.02-15.25.17:033][  0]LogMemory: Process Physical Memory: 100.69 MB used, 100.70 MB peak
[2020.06.02-15.25.17:033][  0]LogMemory: Process Virtual Memory: 84.89 MB used, 84.89 MB peak
[2020.06.02-15.25.17:033][  0]LogMemory: Physical Memory: 8065.34 MB used,  8252.01 MB free, 16317.35 MB total
[2020.06.02-15.25.17:033][  0]LogMemory: Virtual Memory: 4632.66 MB used,  8252.01 MB free, 134217728.00 MB total
[2020.06.02-15.25.17:048][  0]LogInit: Using OS detected language (pl-PL).
[2020.06.02-15.25.17:048][  0]LogInit: Using OS detected locale (pl-PL).
[2020.06.02-15.25.17:049][  0]LogTextLocalizationManager: No specific localization for 'pl-PL' exists, so the 'pl' localization will be used.
[2020.06.02-15.25.17:050][  0]LogStreaming: Display: Took  0.002s to InitEngineTextLocalization.
[2020.06.02-15.25.17:050][  0]LogInit: Setting process to per monitor DPI aware
[2020.06.02-15.25.17:065][  0]LogSlate: New Slate User Created.  User Index 0, Is Virtual User: 0
[2020.06.02-15.25.17:065][  0]LogSlate: Slate User Registered.  User Index 0, Is Virtual User: 0
[2020.06.02-15.25.17:219][  0]LogHMD: Failed to initialize OpenVR with code 110
[2020.06.02-15.25.17:219][  0]LogD3D11RHI: D3D11 adapters:
[2020.06.02-15.25.17:277][  0]LogD3D11RHI:    0. 'NVIDIA GeForce GTX 1060 6GB' (Feature Level 11_0)
[2020.06.02-15.25.17:277][  0]LogD3D11RHI:       6052/0/8158 MB DedicatedVideo/DedicatedSystem/SharedSystem, Outputs:1, VendorId:0x10de
[2020.06.02-15.25.17:279][  0]LogD3D11RHI:    1. 'Microsoft Basic Render Driver' (Feature Level 11_0)
[2020.06.02-15.25.17:279][  0]LogD3D11RHI:       0/0/8158 MB DedicatedVideo/DedicatedSystem/SharedSystem, Outputs:0, VendorId:0x1414
[2020.06.02-15.25.17:279][  0]LogD3D11RHI: Chosen D3D11 Adapter: 0
[2020.06.02-15.25.17:288][  0]LogD3D11RHI: Creating new Direct3DDevice
[2020.06.02-15.25.17:288][  0]LogD3D11RHI:     GPU DeviceId: 0x1c03 (for the marketing name, search the web for "GPU Device Id")
[2020.06.02-15.25.17:288][  0]LogWindows: EnumDisplayDevices:
[2020.06.02-15.25.17:288][  0]LogWindows:    0. 'NVIDIA GeForce GTX 1060 6GB' (P:1 D:1)
[2020.06.02-15.25.17:288][  0]LogWindows:    1. 'NVIDIA GeForce GTX 1060 6GB' (P:0 D:0)
[2020.06.02-15.25.17:289][  0]LogWindows:    2. 'NVIDIA GeForce GTX 1060 6GB' (P:0 D:0)
[2020.06.02-15.25.17:289][  0]LogWindows:    3. 'NVIDIA GeForce GTX 1060 6GB' (P:0 D:0)
[2020.06.02-15.25.17:289][  0]LogWindows: DebugString: FoundDriverCount:4 
[2020.06.02-15.25.17:289][  0]LogD3D11RHI:     Adapter Name: NVIDIA GeForce GTX 1060 6GB
[2020.06.02-15.25.17:289][  0]LogD3D11RHI:   Driver Version: 442.59 (internal:26.21.14.4259, unified:442.59)
[2020.06.02-15.25.17:289][  0]LogD3D11RHI:      Driver Date: 3-4-2020
[2020.06.02-15.25.17:289][  0]LogRHI: Texture pool is 4236 MB (70% of 6052 MB)
[2020.06.02-15.25.17:326][  0]LogD3D11RHI: Async texture creation enabled
[2020.06.02-15.25.17:347][  0]LogD3D11RHI: GPU Timing Frequency: 1000.000000 (Debug: 2 1)
[2020.06.02-15.25.17:349][  0]LogShaderCompilers: Guid format shader working directory is -3 characters bigger than the processId version (C:/Users/admin/Documents/Unreal Projects/Projekt/Intermediate/Shaders/WorkingDirectory/18504/).
[2020.06.02-15.25.17:349][  0]LogShaderCompilers: Cleaned the shader compiler working directory 'C:/Users/admin/AppData/Local/Temp/UnrealShaderWorkingDir/54E9FDC244A3407BF656AC8D03C57558/'.
[2020.06.02-15.25.17:588][  0]LogTemp: Display: Loaded TP AllDesktopTargetPlatform
[2020.06.02-15.25.17:600][  0]LogTemp: Display: Loaded TP MacClientTargetPlatform
[2020.06.02-15.25.17:611][  0]LogTemp: Display: Loaded TP MacNoEditorTargetPlatform
[2020.06.02-15.25.17:622][  0]LogTemp: Display: Loaded TP MacServerTargetPlatform
[2020.06.02-15.25.17:634][  0]LogTemp: Display: Loaded TP MacTargetPlatform
[2020.06.02-15.25.17:645][  0]LogTemp: Display: Loaded TP WindowsClientTargetPlatform
[2020.06.02-15.25.17:656][  0]LogTemp: Display: Loaded TP WindowsNoEditorTargetPlatform
[2020.06.02-15.25.17:668][  0]LogTemp: Display: Loaded TP WindowsServerTargetPlatform
[2020.06.02-15.25.17:673][  0]LogTemp: Display: Loaded TP WindowsTargetPlatform
[2020.06.02-15.25.17:747][  0]LogTemp: Display: Loaded TP AndroidTargetPlatform
[2020.06.02-15.25.17:747][  0]LogTemp: Display: Loaded TP AndroidTargetPlatform
[2020.06.02-15.25.17:747][  0]LogTemp: Display: Loaded TP AndroidTargetPlatform
[2020.06.02-15.25.17:747][  0]LogTemp: Display: Loaded TP AndroidTargetPlatform
[2020.06.02-15.25.17:747][  0]LogTemp: Display: Loaded TP AndroidTargetPlatform
[2020.06.02-15.25.17:747][  0]LogTemp: Display: Loaded TP AndroidTargetPlatform
[2020.06.02-15.25.17:747][  0]LogTemp: Display: Loaded TP AndroidTargetPlatform
[2020.06.02-15.25.17:747][  0]LogTemp: Display: Loaded TP AndroidTargetPlatform
[2020.06.02-15.25.17:747][  0]LogTemp: Display: Loaded TP AndroidTargetPlatform
[2020.06.02-15.25.17:747][  0]LogTemp: Display: Loaded TP AndroidTargetPlatform
[2020.06.02-15.25.17:747][  0]LogTemp: Display: Loaded TP AndroidTargetPlatform
[2020.06.02-15.25.17:747][  0]LogTemp: Display: Loaded TP AndroidTargetPlatform
[2020.06.02-15.25.17:747][  0]LogTemp: Display: Loaded TP AndroidTargetPlatform
[2020.06.02-15.25.17:747][  0]LogTemp: Display: Loaded TP AndroidTargetPlatform
[2020.06.02-15.25.17:747][  0]LogTemp: Display: Loaded TP AndroidTargetPlatform
[2020.06.02-15.25.17:747][  0]LogTemp: Display: Loaded TP AndroidTargetPlatform
[2020.06.02-15.25.17:747][  0]LogTemp: Display: Loaded TP AndroidTargetPlatform
[2020.06.02-15.25.17:747][  0]LogTemp: Display: Loaded TP AndroidTargetPlatform
[2020.06.02-15.25.17:748][  0]LogTemp: Display: Loaded TP HTML5TargetPlatform
[2020.06.02-15.25.17:803][  0]LogTemp: Display: Loaded TP IOSTargetPlatform
[2020.06.02-15.25.17:803][  0]LogTemp: Display: Loaded TP IOSTargetPlatform
[2020.06.02-15.25.17:823][  0]LogTemp: Display: Loaded TP TVOSTargetPlatform
[2020.06.02-15.25.17:823][  0]LogTemp: Display: Loaded TP TVOSTargetPlatform
[2020.06.02-15.25.17:833][  0]LogTemp: Display: Loaded TP LinuxClientTargetPlatform
[2020.06.02-15.25.17:843][  0]LogTemp: Display: Loaded TP LinuxNoEditorTargetPlatform
[2020.06.02-15.25.17:854][  0]LogTemp: Display: Loaded TP LinuxServerTargetPlatform
[2020.06.02-15.25.17:864][  0]LogTemp: Display: Loaded TP LinuxTargetPlatform
[2020.06.02-15.25.17:872][  0]LogTemp: Display: Loaded TP LuminTargetPlatform
[2020.06.02-15.25.17:872][  0]LogTargetPlatformManager: Display: Building Assets For Windows
[2020.06.02-15.25.17:913][  0]LogXGEController: Cannot use XGE Controller as Incredibuild is not installed on this machine.
[2020.06.02-15.25.17:913][  0]LogShaderCompilers: Cannot use XGE Shader Compiler as Incredibuild is not installed on this machine.
[2020.06.02-15.25.17:913][  0]LogShaderCompilers: Display: Using Local Shader Compiler.
[2020.06.02-15.25.18:584][  0]LogDerivedDataCache: Display: Max Cache Size: 512 MB
[2020.06.02-15.25.18:635][  0]LogDerivedDataCache: Loaded boot cache 0.05s 71MB C:/Users/admin/AppData/Local/UnrealEngine/4.20/DerivedDataCache/Boot.ddc.
[2020.06.02-15.25.18:635][  0]LogDerivedDataCache: Display: Loaded Boot cache: C:/Users/admin/AppData/Local/UnrealEngine/4.20/DerivedDataCache/Boot.ddc
[2020.06.02-15.25.18:635][  0]LogDerivedDataCache: FDerivedDataBackendGraph:  Pak pak cache file C:/Users/admin/Documents/Unreal Projects/Projekt/DerivedDataCache/DDC.ddp not found, will not use a pak cache.
[2020.06.02-15.25.18:635][  0]LogDerivedDataCache: Unable to find inner node Pak for hierarchical cache Hierarchy.
[2020.06.02-15.25.18:635][  0]LogDerivedDataCache: FDerivedDataBackendGraph:  CompressedPak pak cache file C:/Users/admin/Documents/Unreal Projects/Projekt/DerivedDataCache/Compressed.ddp not found, will not use a pak cache.
[2020.06.02-15.25.18:635][  0]LogDerivedDataCache: Unable to find inner node CompressedPak for hierarchical cache Hierarchy.
[2020.06.02-15.25.18:648][  0]LogDerivedDataCache: Display: Pak cache opened for reading ../../../Engine/DerivedDataCache/Compressed.ddp.
[2020.06.02-15.25.18:660][  0]LogDerivedDataCache: Using Local data cache path C:/Users/admin/AppData/Local/UnrealEngine/Common/DerivedDataCache: Writable
[2020.06.02-15.25.18:660][  0]LogDerivedDataCache: Shared data cache path not found in *engine.ini, will not use an Shared cache.
[2020.06.02-15.25.18:660][  0]LogDerivedDataCache: Unable to find inner node Shared for hierarchical cache Hierarchy.
[2020.06.02-15.25.18:675][  0]LogMaterial: Verifying Global Shaders for PCD3D_SM5
[2020.06.02-15.25.18:676][  0]LogSlate: Using FreeType 2.6.0
[2020.06.02-15.25.18:677][  0]LogSlate: SlateFontServices - WITH_FREETYPE: 1, WITH_HARFBUZZ: 1
[2020.06.02-15.25.18:741][  0]LogAssetRegistry: FAssetRegistry took 0.0251 seconds to start up
[2020.06.02-15.25.19:021][  0]LogInit: Selected Device Profile: [Windows]
[2020.06.02-15.25.19:129][  0]LogSimplygon: Simplygon DLL not present - disabling.
[2020.06.02-15.25.19:131][  0]LogMeshReduction: Using SimplygonSwarm for distributed automatic mesh merging
[2020.06.02-15.25.19:131][  0]LogMeshReduction: Using ProxyLODMeshReduction for automatic mesh merging
[2020.06.02-15.25.19:131][  0]LogMeshReduction: Using QuadricMeshReduction for automatic static mesh reduction
[2020.06.02-15.25.19:131][  0]LogMeshReduction: No automatic skeletal mesh reduction module available
[2020.06.02-15.25.19:143][  0]LogNetVersion: JuliaŚpiewak 1.0.0, NetCL: 4212847, EngineNetVer: 5, GameNetVer: 0 (Checksum: 3775725956)
[2020.06.02-15.25.19:637][  0]LogPackageLocalizationCache: Processed 11 localized package path(s) for 2 prioritized culture(s) in 0.088407 seconds
[2020.06.02-15.25.19:643][  0]LogUObjectArray: 38425 objects as part of root set at end of initial load.
[2020.06.02-15.25.19:643][  0]LogUObjectAllocator: 6690864 out of 0 bytes used by permanent object pool.
[2020.06.02-15.25.19:643][  0]LogUObjectArray: CloseDisregardForGC: 0/0 objects in disregard for GC pool
[2020.06.02-15.25.20:346][  0]LogTcpMessaging: Initializing TcpMessaging bridge
[2020.06.02-15.25.20:358][  0]LogUdpMessaging: Initializing bridge on interface 0.0.0.0:0 to multicast group 230.0.0.1:6666.
[2020.06.02-15.25.20:487][  0]SourceControl: Source control is disabled
[2020.06.02-15.25.20:487][  0]SourceControl: Source control is disabled
[2020.06.02-15.25.20:488][  0]SourceControl: Source control is disabled
[2020.06.02-15.25.20:489][  0]SourceControl: Source control is disabled
[2020.06.02-15.25.20:633][  0]LogAndroidPermission: UAndroidPermissionCallbackProxy::GetInstance
[2020.06.02-15.25.20:874][  0]LogOcInput: OculusInput pre-init called
[2020.06.02-15.25.20:923][  0]LogEngine: Initializing Engine...
[2020.06.02-15.25.20:924][  0]LogHMD: Failed to initialize OpenVR with code 110
[2020.06.02-15.25.20:925][  0]LogStats: UGameplayTagsManager::ConstructGameplayTagTree: ImportINI prefixes -  0.000 s
[2020.06.02-15.25.20:925][  0]LogStats: UGameplayTagsManager::ConstructGameplayTagTree: Construct from data asset -  0.000 s
[2020.06.02-15.25.20:925][  0]LogStats: UGameplayTagsManager::ConstructGameplayTagTree: ImportINI -  0.000 s
[2020.06.02-15.25.20:925][  0]LogStats: UGameplayTagsManager::ConstructGameplayTagTree: GameplayTagTreeChangedEvent.Broadcast -  0.000 s
[2020.06.02-15.25.21:103][  0]LogInit: Initializing FReadOnlyCVARCache
[2020.06.02-15.25.21:111][  0]LogAIModule: Creating AISystem for world Untitled
[2020.06.02-15.25.21:247][  0]LogInit: XAudio2 using 'Krekek (Razer Kraken 7.1 V2)' : 2 channels at 48 kHz using 16 bits per sample (channel mask 0x3)
[2020.06.02-15.25.21:305][  0]LogInit: FAudioDevice initialized.
[2020.06.02-15.25.21:305][  0]LogNetVersion: Set ProjectVersion to 1.0.0.0. Version Checksum will be recalculated on next use.
[2020.06.02-15.25.21:454][  0]LogDerivedDataCache: Saved boot cache 0.15s 71MB C:/Users/admin/AppData/Local/UnrealEngine/4.20/DerivedDataCache/Boot.ddc.
[2020.06.02-15.25.21:457][  0]LogInit: Texture streaming: Enabled
[2020.06.02-15.25.21:468][  0]LogEngineSessionManager: EngineSessionManager initialized
[2020.06.02-15.25.21:503][  0]LogInit: Transaction tracking system initialized
[2020.06.02-15.25.21:515][  0]BlueprintLog: New page: Editor Load
[2020.06.02-15.25.21:562][  0]LocalizationService: Localization service is disabled
[2020.06.02-15.25.21:906][  0]LogCook: Display: Max memory allowance for cook 16384mb min free memory 0mb
[2020.06.02-15.25.21:906][  0]LogCook: Display: Mobile HDR setting 1
[2020.06.02-15.25.21:920][  0]LogFileCache: Scanning file cache for directory 'C:/Users/admin/Documents/Unreal Projects/Projekt/Content/' took 0.01s
[2020.06.02-15.25.21:920][  0]LogGameplayTags: Display: UGameplayTagsManager::DoneAddingNativeTags. DelegateIsBound: 0
[2020.06.02-15.25.21:920][  0]LogStats: UGameplayTagsManager::ConstructGameplayTagTree: ImportINI prefixes -  0.000 s
[2020.06.02-15.25.21:920][  0]LogStats: UGameplayTagsManager::ConstructGameplayTagTree: Construct from data asset -  0.000 s
[2020.06.02-15.25.21:920][  0]LogStats: UGameplayTagsManager::ConstructGameplayTagTree: ImportINI -  0.000 s
[2020.06.02-15.25.21:920][  0]LogStats: UGameplayTagsManager::ConstructGameplayTagTree: GameplayTagTreeChangedEvent.Broadcast -  0.000 s
[2020.06.02-15.25.22:002][  0]SourceControl: Source control is disabled
[2020.06.02-15.25.22:002][  0]Cmd: MAP LOAD FILE="C:/Users/admin/Documents/Unreal Projects/Projekt/Content/StarterContent/Maps/Minimal_Default.umap" TEMPLATE=0 SHOWPROGRESS=1 FEATURELEVEL=3
[2020.06.02-15.25.22:006][  0]LightingResults: New page: Lighting Build
[2020.06.02-15.25.22:007][  0]MapCheck: New page: Map Check
[2020.06.02-15.25.22:007][  0]LightingResults: New page: Lighting Build
[2020.06.02-15.25.23:249][  0]LogAIModule: Creating AISystem for world Minimal_Default
[2020.06.02-15.25.23:561][  0]LogEditorServer: Finished looking for orphan Actors (0.000 secs)
[2020.06.02-15.25.23:650][  0]Cmd: MAP CHECKDEP NOCLEARLOG
[2020.06.02-15.25.23:712][  0]MapCheck: Map check complete: 0 Error(s), 0 Warning(s), took 61,281ms to complete.
[2020.06.02-15.25.23:712][  0]LogFileHelpers: Loading map 'Minimal_Default' took 1.709
[2020.06.02-15.25.24:669][  0]LogSlate: Updating window title bar state: overlay mode, drag disabled, window buttons hidden, title bar hidden
[2020.06.02-15.25.24:705][  0]LogSlate: Updating window title bar state: overlay mode, drag disabled, window buttons hidden, title bar hidden
[2020.06.02-15.25.24:711][  0]LogSlate: Updating window title bar state: overlay mode, drag disabled, window buttons hidden, title bar hidden
[2020.06.02-15.25.24:718][  0]LogSlate: Updating window title bar state: overlay mode, drag disabled, window buttons hidden, title bar hidden
[2020.06.02-15.25.24:863][  0]LogCollectionManager: Loaded 0 collections in 0.001074 seconds
[2020.06.02-15.25.25:314][  0]LogFileCache: Scanning file cache for directory 'C:/Users/admin/Documents/Unreal Projects/Projekt/Saved/Collections/' took 0.01s
[2020.06.02-15.25.25:314][  0]LogFileCache: Scanning file cache for directory 'C:/Users/admin/Documents/Unreal Projects/Projekt/Content/Developers/Jule/Collections/' took 0.01s
[2020.06.02-15.25.25:314][  0]LogFileCache: Scanning file cache for directory 'C:/Users/admin/Documents/Unreal Projects/Projekt/Content/Collections/' took 0.01s
[2020.06.02-15.25.25:314][  0]LogCollectionManager: Rebuilt the GUID cache for 0 collections in 0.000000 seconds
[2020.06.02-15.25.25:356][  0]LogContentBrowser: Native class hierarchy populated in 0.0313 seconds. Added 2572 classes and 603 folders.
[2020.06.02-15.25.25:645][  0]LogContentBrowser: Native class hierarchy updated for 'WidgetCarousel' in 0.0002 seconds. Added 0 classes and 0 folders.
[2020.06.02-15.25.27:918][  0]LogContentBrowser: Native class hierarchy updated for 'AddContentDialog' in 0.0003 seconds. Added 0 classes and 0 folders.
[2020.06.02-15.25.28:085][  0]LogContentBrowser: Native class hierarchy updated for 'SceneOutliner' in 0.0003 seconds. Added 1 classes and 2 folders.
[2020.06.02-15.25.30:663][  0]LogContentBrowser: Native class hierarchy updated for 'HierarchicalLODOutliner' in 0.0002 seconds. Added 0 classes and 0 folders.
[2020.06.02-15.25.30:663][  0]LogLoad: (Engine Initialization) Total time: 14.93 seconds
[2020.06.02-15.25.30:663][  0]LogLoad: (Engine Initialization) Total Blueprint compile time: 0.00 seconds
[2020.06.02-15.25.30:761][  0]LogContentStreaming: Texture pool size now 1000 MB
[2020.06.02-15.25.30:791][  0]LogSlate: Took 0.000157 seconds to synchronously load lazily loaded font '../../../Engine/Content/Slate/Fonts/Roboto-Regular.ttf' (155K)
[2020.06.02-15.25.30:793][  0]LogSlate: Took 0.000135 seconds to synchronously load lazily loaded font '../../../Engine/Content/Slate/Fonts/Roboto-Bold.ttf' (160K)
[2020.06.02-15.25.30:823][  0]LogSlate: Took 0.009027 seconds to synchronously load lazily loaded font '../../../Engine/Content/Editor/Slate/Fonts/FontAwesome.ttf' (139K)
[2020.06.02-15.25.31:442][  1]LogRenderer: Reallocating scene render targets to support 736x360 Format 10 NumSamples 1 (Frame:1).
[2020.06.02-15.25.31:738][  2]LogAssetRegistry: Asset discovery search completed in 13.0185 seconds
[2020.06.02-15.25.31:740][  2]LogCollectionManager: Rebuilt the object cache for 0 collections in 0.000000 seconds (found 0 objects)
[2020.06.02-15.25.31:740][  2]LogCollectionManager: Fixed up redirectors for 0 collections in 0.000062 seconds (updated 0 objects)
[2020.06.02-15.25.32:112][  3]LogSlate: Took 0.014644 seconds to synchronously load lazily loaded font '../../../Engine/Content/Slate/Fonts/Roboto-Light.ttf' (167K)
[2020.06.02-15.30.14:348][979]LogSlate: FSceneViewport::OnFocusLost() reason 2
[2020.06.02-15.30.16:339][210]LogSlate: FSceneViewport::OnFocusLost() reason 2
[2020.06.02-15.30.16:397][210]LogSlate: Took 0.000144 seconds to synchronously load lazily loaded font '../../../Engine/Content/Slate/Fonts/Roboto-Light.ttf' (167K)
[2020.06.02-15.30.22:255][864]LogAIModule: Creating AISystem for world Zadanie003JuliaŚpiewak
[2020.06.02-15.30.22:278][864]LogSlate: FSceneViewport::OnFocusLost() reason 2
[2020.06.02-15.30.33:566][148]LogMetaData: Removing '/Game/Zadanie03JuliaŚpiewak.Zadanie03JuliaŚpiewak_C' ref from Metadata '/Game/Zadanie003JuliaŚpiewak.PackageMetaData'
[2020.06.02-15.30.33:566][148]LogMetaData: Removing '/Game/Zadanie03JuliaŚpiewak.SKEL_Zadanie03JuliaŚpiewak_C' ref from Metadata '/Game/Zadanie003JuliaŚpiewak.PackageMetaData'
[2020.06.02-15.30.33:591][148]LogSlate: FSceneViewport::OnFocusLost() reason 2
[2020.06.02-15.30.33:597][148]Cmd: OBJ SAVEPACKAGE PACKAGE="/Game/Zadanie03JuliaŚpiewak_BuiltData" FILE="C:/Users/admin/Documents/Unreal Projects/Projekt/Content/Zadanie03JuliaŚpiewak_BuiltData.uasset" SILENT=true
[2020.06.02-15.30.33:714][148]LogSavePackage: Moving 'C:/Users/admin/Documents/Unreal Projects/Projekt/Saved/Zadanie03JuliaŚpiewak_BuiltData4A0F987E44D0D7D1B1D117B4D734CCD1.tmp' to 'C:/Users/admin/Documents/Unreal Projects/Projekt/Content/Zadanie03JuliaŚpiewak_BuiltData.uasset'
[2020.06.02-15.30.33:789][148]Cmd: OBJ SAVEPACKAGE PACKAGE="/Game/Zadanie03JuliaŚpiewak" FILE="C:/Users/admin/Documents/Unreal Projects/Projekt/Content/Zadanie03JuliaŚpiewak.umap" SILENT=true AUTOSAVING=false KEEPDIRTY=false
[2020.06.02-15.30.33:977][148]LogSavePackage: Moving 'C:/Users/admin/Documents/Unreal Projects/Projekt/Saved/Zadanie03JuliaŚpiewak0E46DACC4E76778E1FD0FEBAB4F115D6.tmp' to 'C:/Users/admin/Documents/Unreal Projects/Projekt/Content/Zadanie03JuliaŚpiewak.umap'
[2020.06.02-15.30.33:983][148]LogFileHelpers: Saving map 'Zadanie03JuliaŚpiewak' took 0.255
[2020.06.02-15.30.34:114][148]LogSlate: FSceneViewport::OnFocusLost() reason 2
[2020.06.02-15.30.34:822][219]LogSlate: FSceneViewport::OnFocusLost() reason 0
[2020.06.02-15.30.35:009][235]Cmd: MAP LOAD FILE="C:/Users/admin/Documents/Unreal Projects/Projekt/Content/Zadanie01JuliaŚpiewak.umap" TEMPLATE=0 SHOWPROGRESS=1 FEATURELEVEL=3
[2020.06.02-15.30.35:021][235]LightingResults: New page: Lighting Build
[2020.06.02-15.30.35:022][235]LoadErrors: New page: Loading map: Zadanie01JuliaŚpiewak.umap
[2020.06.02-15.30.35:055][235]MapCheck: New page: Map Check
[2020.06.02-15.30.35:055][235]LightingResults: New page: Lighting Build
[2020.06.02-15.30.35:299][235]LogAIModule: Creating AISystem for world Zadanie01JuliaŚpiewak
[2020.06.02-15.30.35:410][235]LogEditorServer: Finished looking for orphan Actors (0.000 secs)
[2020.06.02-15.30.35:448][235]Cmd: MAP CHECKDEP NOCLEARLOG
[2020.06.02-15.30.35:507][235]MapCheck: Map check complete: 0 Error(s), 0 Warning(s), took 59,308ms to complete.
[2020.06.02-15.30.35:507][235]LogFileHelpers: Loading map 'Zadanie01JuliaŚpiewak' took 0.514
[2020.06.02-15.30.35:532][235]LogSlate: Window 'Open Level' being destroyed
[2020.06.02-15.30.37:056][401]LogSlate: FSceneViewport::OnFocusLost() reason 2
[2020.06.02-15.30.39:015][635]LogSlate: FSceneViewport::OnFocusLost() reason 2
[2020.06.02-15.30.40:338][789]Cmd: MAP LOAD FILE="C:/Users/admin/Documents/Unreal Projects/Projekt/Content/Zadanie03JuliaŚpiewak.umap" TEMPLATE=0 SHOWPROGRESS=1 FEATURELEVEL=3
[2020.06.02-15.30.40:349][789]LightingResults: New page: Lighting Build
[2020.06.02-15.30.40:350][789]LoadErrors: New page: Loading map: Zadanie03JuliaŚpiewak.umap
[2020.06.02-15.30.40:350][789]MapCheck: New page: Map Check
[2020.06.02-15.30.40:350][789]LightingResults: New page: Lighting Build
[2020.06.02-15.30.40:392][789]LogAIModule: Creating AISystem for world Zadanie03JuliaŚpiewak
[2020.06.02-15.30.40:437][789]LogEditorServer: Finished looking for orphan Actors (0.000 secs)
[2020.06.02-15.30.40:473][789]Cmd: MAP CHECKDEP NOCLEARLOG
[2020.06.02-15.30.40:530][789]MapCheck: Map check complete: 0 Error(s), 0 Warning(s), took 56,94ms to complete.
[2020.06.02-15.30.40:530][789]LogFileHelpers: Loading map 'Zadanie03JuliaŚpiewak' took 0.192
[2020.06.02-15.30.40:531][789]LogSlate: Window 'Open Level' being destroyed
[2020.06.02-15.30.50:313][956]LogSlate: FSceneViewport::OnFocusLost() reason 2
[2020.06.02-15.30.51:599][ 92]LogSlate: FSceneViewport::OnFocusLost() reason 2
[2020.06.02-15.30.51:601][ 92]LogAssetEditorManager: Opening Asset editor for LevelScriptBlueprint /Game/Zadanie03JuliaŚpiewak.Zadanie03JuliaŚpiewak:PersistentLevel.Zadanie03JuliaŚpiewak
[2020.06.02-15.30.52:621][ 92]LogContentBrowser: Native class hierarchy updated for 'BlueprintGraph' in 0.0005 seconds. Added 116 classes and 0 folders.
[2020.06.02-15.30.53:993][ 92]LogSlate: Took 0.034658 seconds to synchronously load lazily loaded font '../../../Engine/Content/Slate/Fonts/Roboto-BoldCondensed.ttf' (158K)
[2020.06.02-15.30.54:174][ 93]LogSlate: Took 0.012986 seconds to synchronously load lazily loaded font '../../../Engine/Content/Slate/Fonts/Roboto-Italic.ttf' (157K)
[2020.06.02-15.31.18:518][201]LogRenderer: Reallocating scene render targets to support 736x796 Format 10 NumSamples 1 (Frame:3037).
[2020.06.02-15.31.49:616][472]LogTemp: Repeating last play command: Selected Viewport
[2020.06.02-15.31.49:650][472]LogBlueprintUserMessages: Early PlayInEditor Detection: Level '/Game/Zadanie03JuliaŚpiewak.Zadanie03JuliaŚpiewak:PersistentLevel' has LevelScriptBlueprint '/Game/Zadanie03JuliaŚpiewak.Zadanie03JuliaŚpiewak:PersistentLevel.Zadanie03JuliaŚpiewak' with GeneratedClass '/Game/Zadanie03JuliaŚpiewak.Zadanie03JuliaŚpiewak_C' with ClassGeneratedBy '/Game/Zadanie03JuliaŚpiewak.Zadanie03JuliaŚpiewak:PersistentLevel.Zadanie03JuliaŚpiewak'
[2020.06.02-15.31.49:674][472]BlueprintLog: New page: Pre-Play auto-recompile
[2020.06.02-15.31.49:678][472]LogPlayLevel: [PlayLevel] Compiling Zadanie03JuliaŚpiewak before play...
[2020.06.02-15.31.49:803][472]LogPlayLevel: PlayLevel: Blueprint regeneration took 129 ms (1 blueprints)
[2020.06.02-15.31.49:867][472]PIE: New page: PIE session: Zadanie03JuliaŚpiewak (2 cze 2020, 19:31:49)
[2020.06.02-15.31.49:867][472]LogPlayLevel: Creating play world package: /Game/UEDPIE_0_Zadanie03JuliaŚpiewak
[2020.06.02-15.31.49:903][472]LogPlayLevel: PIE: StaticDuplicateObject took: (0.036438s)
[2020.06.02-15.31.49:904][472]LogAIModule: Creating AISystem for world Zadanie03JuliaŚpiewak
[2020.06.02-15.31.49:915][472]LogPlayLevel: PIE: World Init took: (0.011349s)
[2020.06.02-15.31.49:915][472]LogPlayLevel: PIE: Created PIE world by copying editor world from /Game/Zadanie03JuliaŚpiewak.Zadanie03JuliaŚpiewak to /Game/UEDPIE_0_Zadanie03JuliaŚpiewak.Zadanie03JuliaŚpiewak (0.047954s)
[2020.06.02-15.31.50:106][472]LogInit: XAudio2 using 'Krekek (Razer Kraken 7.1 V2)' : 2 channels at 48 kHz using 16 bits per sample (channel mask 0x3)
[2020.06.02-15.31.50:151][472]LogInit: FAudioDevice initialized.
[2020.06.02-15.31.50:221][472]LogLoad: Game class is 'GameModeBase'
[2020.06.02-15.31.50:313][472]LogWorld: Bringing World /Game/UEDPIE_0_Zadanie03JuliaŚpiewak.Zadanie03JuliaŚpiewak up for play (max tick rate 0) at 2020.06.02-17.31.50
[2020.06.02-15.31.50:325][472]LogWorld: Bringing up level for play took: 0.012672
[2020.06.02-15.31.50:460][472]LogContentBrowser: Native class hierarchy updated for 'MovieSceneCapture' in 0.0003 seconds. Added 10 classes and 0 folders.
[2020.06.02-15.31.50:485][472]PIE: Play in editor start time for /Game/UEDPIE_0_Zadanie03JuliaŚpiewak 1,367
[2020.06.02-15.31.50:485][472]LogBlueprintUserMessages: Late PlayInEditor Detection: Level '/Game/Zadanie03JuliaŚpiewak.Zadanie03JuliaŚpiewak:PersistentLevel' has LevelScriptBlueprint '/Game/Zadanie03JuliaŚpiewak.Zadanie03JuliaŚpiewak:PersistentLevel.Zadanie03JuliaŚpiewak' with GeneratedClass '/Game/Zadanie03JuliaŚpiewak.Zadanie03JuliaŚpiewak_C' with ClassGeneratedBy '/Game/Zadanie03JuliaŚpiewak.Zadanie03JuliaŚpiewak:PersistentLevel.Zadanie03JuliaŚpiewak'
[2020.06.02-15.31.55:798][ 89]LogBlueprintUserMessages: Early EndPlayMap Detection: Level '/Game/Zadanie03JuliaŚpiewak.Zadanie03JuliaŚpiewak:PersistentLevel' has LevelScriptBlueprint '/Game/Zadanie03JuliaŚpiewak.Zadanie03JuliaŚpiewak:PersistentLevel.Zadanie03JuliaŚpiewak' with GeneratedClass '/Game/Zadanie03JuliaŚpiewak.Zadanie03JuliaŚpiewak_C' with ClassGeneratedBy '/Game/Zadanie03JuliaŚpiewak.Zadanie03JuliaŚpiewak:PersistentLevel.Zadanie03JuliaŚpiewak'
[2020.06.02-15.31.55:799][ 89]LogSlate: Updating window title bar state: overlay mode, drag disabled, window buttons hidden, title bar hidden
[2020.06.02-15.31.55:865][ 89]LogPlayLevel: Display: Shutting down PIE online subsystems
[2020.06.02-15.31.55:865][ 89]LogBlueprintUserMessages: Late EndPlayMap Detection: Level '/Game/Zadanie03JuliaŚpiewak.Zadanie03JuliaŚpiewak:PersistentLevel' has LevelScriptBlueprint '/Game/Zadanie03JuliaŚpiewak.Zadanie03JuliaŚpiewak:PersistentLevel.Zadanie03JuliaŚpiewak' with GeneratedClass '/Game/Zadanie03JuliaŚpiewak.Zadanie03JuliaŚpiewak_C' with ClassGeneratedBy '/Game/Zadanie03JuliaŚpiewak.Zadanie03JuliaŚpiewak:PersistentLevel.Zadanie03JuliaŚpiewak'
[2020.06.02-15.31.55:889][ 89]LogSlate: Updating window title bar state: overlay mode, drag disabled, window buttons hidden, title bar hidden
[2020.06.02-15.31.55:923][ 90]LogPlayLevel: Display: Destroying online subsystem :Context_3
[2020.06.02-15.31.58:282][367]LogSlate: FSceneViewport::OnFocusLost() reason 0
[2020.06.02-15.32.08:189][476]LogSlate: Window 'Zadanie03JuliaŚpiewak* - Level Blueprint Editor' being destroyed
[2020.06.02-15.32.08:194][476]LogSlate: Window 'Zadanie03JuliaŚpiewak* - Level Blueprint Editor' being destroyed
[2020.06.02-15.39.20:230][151]LogSlate: FSceneViewport::OnFocusLost() reason 2
[2020.06.02-15.39.25:890][382]LogSlate: Window 'Save Content' being destroyed
[2020.06.02-15.39.25:896][382]Cmd: MAP LOAD FILE="C:/Users/admin/Documents/Unreal Projects/Projekt/Content/Zadanie08JuliaŚpiewak.umap" TEMPLATE=0 SHOWPROGRESS=1 FEATURELEVEL=3
[2020.06.02-15.39.25:904][382]LogSlate: FSceneViewport::OnFocusLost() reason 2
[2020.06.02-15.39.25:909][382]LightingResults: New page: Lighting Build
[2020.06.02-15.39.25:909][382]LoadErrors: New page: Loading map: Zadanie08JuliaŚpiewak.umap
[2020.06.02-15.39.25:912][382]MapCheck: New page: Map Check
[2020.06.02-15.39.25:912][382]LightingResults: New page: Lighting Build
[2020.06.02-15.39.27:149][382]LogAIModule: Creating AISystem for world Zadanie08JuliaŚpiewak
[2020.06.02-15.39.27:255][382]LogEditorServer: Finished looking for orphan Actors (0.000 secs)
[2020.06.02-15.39.27:323][382]Cmd: MAP CHECKDEP NOCLEARLOG
[2020.06.02-15.39.27:398][382]MapCheck: Map check complete: 0 Error(s), 0 Warning(s), took 73,961ms to complete.
[2020.06.02-15.39.27:398][382]LogFileHelpers: Loading map 'Zadanie08JuliaŚpiewak' took 1.502
[2020.06.02-15.39.27:400][382]LogSlate: Window 'Open Level' being destroyed
[2020.06.02-15.39.31:505][867]LogSlate: FSceneViewport::OnFocusLost() reason 2
[2020.06.02-15.39.32:734][  9]LogSlate: FSceneViewport::OnFocusLost() reason 2
[2020.06.02-15.39.32:737][  9]LogAssetEditorManager: Opening Asset editor for LevelScriptBlueprint /Game/Zadanie08JuliaŚpiewak.Zadanie08JuliaŚpiewak:PersistentLevel.Zadanie08JuliaŚpiewak
[2020.06.02-15.39.50:701][556]LogSlate: Window 'Zadanie08JuliaŚpiewak - Level Blueprint Editor' being destroyed
[2020.06.02-15.39.50:706][556]LogSlate: Window 'Zadanie08JuliaŚpiewak - Level Blueprint Editor' being destroyed
[2020.06.02-15.39.51:261][620]LogSlate: FSceneViewport::OnFocusLost() reason 0
[2020.06.02-15.39.53:521][885]Cmd: MAP LOAD FILE="C:/Users/admin/Documents/Unreal Projects/Projekt/Content/Zadanie09JuliaŚpiewak.umap" TEMPLATE=0 SHOWPROGRESS=1 FEATURELEVEL=3
[2020.06.02-15.39.53:533][885]LightingResults: New page: Lighting Build
[2020.06.02-15.39.53:534][885]LoadErrors: New page: Loading map: Zadanie09JuliaŚpiewak.umap
[2020.06.02-15.39.53:536][885]MapCheck: New page: Map Check
[2020.06.02-15.39.53:536][885]LightingResults: New page: Lighting Build
[2020.06.02-15.39.53:705][885]LogAIModule: Creating AISystem for world Zadanie09JuliaŚpiewak
[2020.06.02-15.39.53:785][885]LogEditorServer: Finished looking for orphan Actors (0.000 secs)
[2020.06.02-15.39.53:824][885]Cmd: MAP CHECKDEP NOCLEARLOG
[2020.06.02-15.39.53:895][885]MapCheck: Map check complete: 0 Error(s), 0 Warning(s), took 71,021ms to complete.
[2020.06.02-15.39.53:895][885]LogFileHelpers: Loading map 'Zadanie09JuliaŚpiewak' took 0.375
[2020.06.02-15.39.53:896][885]LogSlate: Window 'Open Level' being destroyed
[2020.06.02-15.39.55:796][109]LogSlate: FSceneViewport::OnFocusLost() reason 2
[2020.06.02-15.39.56:605][201]LogSlate: FSceneViewport::OnFocusLost() reason 2
[2020.06.02-15.39.56:607][201]LogAssetEditorManager: Opening Asset editor for LevelScriptBlueprint /Game/Zadanie09JuliaŚpiewak.Zadanie09JuliaŚpiewak:PersistentLevel.Zadanie09JuliaŚpiewak
[2020.06.02-15.40.40:283][216]LogSlate: Window 'Zadanie09JuliaŚpiewak - Level Blueprint Editor' being destroyed
[2020.06.02-15.40.40:288][216]LogSlate: Window 'Zadanie09JuliaŚpiewak - Level Blueprint Editor' being destroyed
[2020.06.02-15.40.40:961][294]LogSlate: FSceneViewport::OnFocusLost() reason 0
[2020.06.02-15.40.42:317][450]Cmd: MAP LOAD FILE="C:/Users/admin/Documents/Unreal Projects/Projekt/Content/Zadanie08JuliaŚpiewak.umap" TEMPLATE=0 SHOWPROGRESS=1 FEATURELEVEL=3
[2020.06.02-15.40.42:328][450]LightingResults: New page: Lighting Build
[2020.06.02-15.40.42:329][450]LoadErrors: New page: Loading map: Zadanie08JuliaŚpiewak.umap
[2020.06.02-15.40.42:329][450]MapCheck: New page: Map Check
[2020.06.02-15.40.42:329][450]LightingResults: New page: Lighting Build
[2020.06.02-15.40.42:389][450]LogAIModule: Creating AISystem for world Zadanie08JuliaŚpiewak
[2020.06.02-15.40.42:466][450]LogEditorServer: Finished looking for orphan Actors (0.000 secs)
[2020.06.02-15.40.42:506][450]Cmd: MAP CHECKDEP NOCLEARLOG
[2020.06.02-15.40.42:577][450]MapCheck: Map check complete: 0 Error(s), 0 Warning(s), took 70,704ms to complete.
[2020.06.02-15.40.42:577][450]LogFileHelpers: Loading map 'Zadanie08JuliaŚpiewak' took 0.260
[2020.06.02-15.40.42:578][450]LogSlate: Window 'Open Level' being destroyed
[2020.06.02-15.40.45:730][824]LogSlate: FSceneViewport::OnFocusLost() reason 2
[2020.06.02-15.40.46:702][935]LogSlate: FSceneViewport::OnFocusLost() reason 2
[2020.06.02-15.40.46:704][935]LogAssetEditorManager: Opening Asset editor for LevelScriptBlueprint /Game/Zadanie08JuliaŚpiewak.Zadanie08JuliaŚpiewak:PersistentLevel.Zadanie08JuliaŚpiewak
[2020.06.02-15.41.00:384][598]LogSlate: Window 'Zadanie08JuliaŚpiewak - Level Blueprint Editor' being destroyed
[2020.06.02-15.41.00:389][598]LogSlate: Window 'Zadanie08JuliaŚpiewak - Level Blueprint Editor' being destroyed
[2020.06.02-15.41.02:123][802]LogSlate: FSceneViewport::OnFocusLost() reason 2
[2020.06.02-15.41.03:857][  9]LogSlate: FSceneViewport::OnFocusLost() reason 2
[2020.06.02-15.41.04:968][137]Cmd: MAP LOAD FILE="C:/Users/admin/Documents/Unreal Projects/Projekt/Content/Zadanie09JuliaŚpiewak.umap" TEMPLATE=0 SHOWPROGRESS=1 FEATURELEVEL=3
[2020.06.02-15.41.04:980][137]LightingResults: New page: Lighting Build
[2020.06.02-15.41.04:980][137]LoadErrors: New page: Loading map: Zadanie09JuliaŚpiewak.umap
[2020.06.02-15.41.04:981][137]MapCheck: New page: Map Check
[2020.06.02-15.41.04:981][137]LightingResults: New page: Lighting Build
[2020.06.02-15.41.05:039][137]LogAIModule: Creating AISystem for world Zadanie09JuliaŚpiewak
[2020.06.02-15.41.05:118][137]LogEditorServer: Finished looking for orphan Actors (0.000 secs)
[2020.06.02-15.41.05:158][137]Cmd: MAP CHECKDEP NOCLEARLOG
[2020.06.02-15.41.05:231][137]MapCheck: Map check complete: 0 Error(s), 0 Warning(s), took 72,184ms to complete.
[2020.06.02-15.41.05:231][137]LogFileHelpers: Loading map 'Zadanie09JuliaŚpiewak' took 0.263
[2020.06.02-15.41.05:232][137]LogSlate: Window 'Open Level' being destroyed
[2020.06.02-15.41.07:350][388]LogSlate: FSceneViewport::OnFocusLost() reason 2
[2020.06.02-15.41.09:289][612]LogSlate: FSceneViewport::OnFocusLost() reason 2
[2020.06.02-15.41.09:292][612]LogAssetEditorManager: Opening Asset editor for LevelScriptBlueprint /Game/Zadanie09JuliaŚpiewak.Zadanie09JuliaŚpiewak:PersistentLevel.Zadanie09JuliaŚpiewak
[2020.06.02-15.46.11:589][ 38]LogSlate: FSceneViewport::OnFocusLost() reason 2
[2020.06.02-15.46.15:665][525]LogSlate: FSceneViewport::OnFocusLost() reason 0
[2020.06.02-15.46.18:942][854]LogEditorViewport: Clicking on Actor (LMB): PlayerStart (Player Start)
[2020.06.02-15.46.19:298][855]LogSlate: FSceneViewport::OnFocusLost() reason 2
[2020.06.02-15.46.19:304][855]Cmd: OBJ SAVEPACKAGE PACKAGE="/Game/Zadanie09JuliaŚpiewak" FILE="C:/Users/admin/Documents/Unreal Projects/Projekt/Content/Zadanie09JuliaŚpiewak.umap" SILENT=true AUTOSAVING=false KEEPDIRTY=false
[2020.06.02-15.46.19:668][855]LogSavePackage: Moving 'C:/Users/admin/Documents/Unreal Projects/Projekt/Saved/Zadanie09JuliaŚpiewak26FC9D6741A559406764B3A9B5807D3F.tmp' to 'C:/Users/admin/Documents/Unreal Projects/Projekt/Content/Zadanie09JuliaŚpiewak.umap'
[2020.06.02-15.46.19:697][855]Cmd: OBJ SAVEPACKAGE PACKAGE="/Game/Zadanie09JuliaŚpiewak_BuiltData" FILE="C:/Users/admin/Documents/Unreal Projects/Projekt/Content/Zadanie09JuliaŚpiewak_BuiltData.uasset" SILENT=true
[2020.06.02-15.46.19:713][855]LogSavePackage: Moving 'C:/Users/admin/Documents/Unreal Projects/Projekt/Saved/Zadanie09JuliaŚpiewak_BuiltData4D5ED8F54A38AFBA5B93A28C02674316.tmp' to 'C:/Users/admin/Documents/Unreal Projects/Projekt/Content/Zadanie09JuliaŚpiewak_BuiltData.uasset'
[2020.06.02-15.46.20:434][926]LogSlate: Window 'Zadanie09JuliaŚpiewak - Level Blueprint Editor' being destroyed
[2020.06.02-15.46.20:466][926]LogSlate: Window 'JuliaŚpiewak - Unreal Editor' being destroyed
[2020.06.02-15.46.20:468][926]LogWindowsTextInputMethodSystem: Display: IME system now deactivated.
[2020.06.02-15.46.20:740][927]Cmd: QUIT_EDITOR
[2020.06.02-15.46.21:190][927]LogExit: Preparing to exit.
[2020.06.02-15.46.22:039][927]LogExit: Editor shut down
[2020.06.02-15.46.22:039][927]LogExit: Transaction tracking system shut down
[2020.06.02-15.46.22:364][927]LogExit: Object subsystem successfully closed.
[2020.06.02-15.46.22:382][927]LogShaderCompilers: Display: Shaders left to compile 0
[2020.06.02-15.46.22:384][927]LogD3D11RHI: Shutdown
[2020.06.02-15.46.22:384][927]LogD3D11RHI: CleanupD3DDevice
[2020.06.02-15.46.22:411][927]LogD3D11RHI: ~FD3D11DynamicRHI
[2020.06.02-15.46.22:454][927]LogModuleManager: Shutting down and abandoning module MovieSceneCapture (618)
[2020.06.02-15.46.22:454][927]LogModuleManager: Shutting down and abandoning module Voice (616)
[2020.06.02-15.46.22:454][927]LogModuleManager: Shutting down and abandoning module BlueprintGraph (614)
[2020.06.02-15.46.22:454][927]LogModuleManager: Shutting down and abandoning module HierarchicalLODUtilities (612)
[2020.06.02-15.46.22:454][927]LogModuleManager: Shutting down and abandoning module HierarchicalLODOutliner (610)
[2020.06.02-15.46.22:454][927]LogModuleManager: Shutting down and abandoning module SceneOutliner (608)
[2020.06.02-15.46.22:454][927]LogModuleManager: Shutting down and abandoning module AddContentDialog (606)
[2020.06.02-15.46.22:455][927]LogModuleManager: Shutting down and abandoning module WidgetCarousel (605)
[2020.06.02-15.46.22:455][927]LogModuleManager: Shutting down and abandoning module EditorWidgets (602)
[2020.06.02-15.46.22:455][927]LogModuleManager: Shutting down and abandoning module CollectionManager (600)
[2020.06.02-15.46.22:455][927]LogModuleManager: Shutting down and abandoning module StatsViewer (598)
[2020.06.02-15.46.22:455][927]LogModuleManager: Shutting down and abandoning module FoliageEdit (596)
[2020.06.02-15.46.22:455][927]LogModuleManager: Shutting down and abandoning module LandscapeEditor (594)
[2020.06.02-15.46.22:455][927]LogModuleManager: Shutting down and abandoning module MeshPaintMode (592)
[2020.06.02-15.46.22:455][927]LogModuleManager: Shutting down and abandoning module SceneDepthPickerMode (590)
[2020.06.02-15.46.22:455][927]LogModuleManager: Shutting down and abandoning module ActorPickerMode (588)
[2020.06.02-15.46.22:455][927]LogModuleManager: Shutting down and abandoning module GeometryMode (586)
[2020.06.02-15.46.22:455][927]LogModuleManager: Shutting down and abandoning module TextureAlignMode (584)
[2020.06.02-15.46.22:455][927]LogModuleManager: Shutting down and abandoning module BspMode (582)
[2020.06.02-15.46.22:455][927]LogModuleManager: Shutting down and abandoning module PIEPreviewDeviceProfileSelector (580)
[2020.06.02-15.46.22:455][927]LogModuleManager: Shutting down and abandoning module SequenceRecorderSections (578)
[2020.06.02-15.46.22:455][927]LogModuleManager: Shutting down and abandoning module AutomationWorker (576)
[2020.06.02-15.46.22:456][927]LogModuleManager: Shutting down and abandoning module AudioCaptureEditor (574)
[2020.06.02-15.46.22:456][927]LogModuleManager: Shutting down and abandoning module SequenceRecorder (573)
[2020.06.02-15.46.22:456][927]LogModuleManager: Shutting down and abandoning module MatineeToLevelSequence (570)
[2020.06.02-15.46.22:456][927]LogModuleManager: Shutting down and abandoning module LevelSequenceEditor (568)
[2020.06.02-15.46.22:456][927]LogModuleManager: Shutting down and abandoning module PlacementMode (567)
[2020.06.02-15.46.22:456][927]LogModuleManager: Shutting down and abandoning module MaterialEditor (566)
[2020.06.02-15.46.22:456][927]LogModuleManager: Shutting down and abandoning module WmfMediaFactory (562)
[2020.06.02-15.46.22:456][927]LogModuleManager: Shutting down and abandoning module WmfMediaEditor (560)
[2020.06.02-15.46.22:456][927]LogModuleManager: Shutting down and abandoning module MediaPlayerEditor (558)
[2020.06.02-15.46.22:456][927]LogModuleManager: Shutting down and abandoning module OpenExrWrapper (556)
[2020.06.02-15.46.22:456][927]LogModuleManager: Shutting down and abandoning module ImgMediaFactory (554)
[2020.06.02-15.46.22:456][927]LogModuleManager: Shutting down and abandoning module ImgMediaEditor (552)
[2020.06.02-15.46.22:456][927]LogModuleManager: Shutting down and abandoning module AvfMediaFactory (550)
[2020.06.02-15.46.22:456][927]LogModuleManager: Shutting down and abandoning module AvfMediaEditor (548)
[2020.06.02-15.46.22:456][927]LogModuleManager: Shutting down and abandoning module AndroidMediaFactory (546)
[2020.06.02-15.46.22:456][927]LogModuleManager: Shutting down and abandoning module AndroidMediaEditor (544)
[2020.06.02-15.46.22:456][927]LogModuleManager: Shutting down and abandoning module MagicLeapCameraPreviewFactory (542)
[2020.06.02-15.46.22:456][927]LogModuleManager: Shutting down and abandoning module MagicLeapMediaFactory (540)
[2020.06.02-15.46.22:456][927]LogModuleManager: Shutting down and abandoning module MagicLeapMediaEditor (538)
[2020.06.02-15.46.22:456][927]LogModuleManager: Shutting down and abandoning module CharacterAI (536)
[2020.06.02-15.46.22:456][927]LogModuleManager: Shutting down and abandoning module SmartSnapping (534)
[2020.06.02-15.46.22:456][927]LogModuleManager: Shutting down and abandoning module SessionServices (532)
[2020.06.02-15.46.22:456][927]LogModuleManager: Shutting down and abandoning module ViewportSnapping (530)
[2020.06.02-15.46.22:456][927]LogModuleManager: Shutting down and abandoning module ViewportInteraction (528)
[2020.06.02-15.46.22:456][927]LogModuleManager: Shutting down and abandoning module ClothPainter (526)
[2020.06.02-15.46.22:456][927]LogModuleManager: Shutting down and abandoning module SkeletalMeshEditor (525)
[2020.06.02-15.46.22:456][927]LogModuleManager: Shutting down and abandoning module LogVisualizer (522)
[2020.06.02-15.46.22:456][927]LogModuleManager: Shutting down and abandoning module IntroTutorials (520)
[2020.06.02-15.46.22:456][927]LogModuleManager: Shutting down and abandoning module GameProjectGeneration (519)
[2020.06.02-15.46.22:456][927]LogModuleManager: Shutting down and abandoning module LuminPlatformEditor (516)
[2020.06.02-15.46.22:456][927]LogModuleManager: Shutting down and abandoning module IOSPlatformEditor (514)
[2020.06.02-15.46.22:456][927]LogModuleManager: Shutting down and abandoning module HTML5PlatformEditor (512)
[2020.06.02-15.46.22:456][927]LogModuleManager: Shutting down and abandoning module AndroidPlatformEditor (510)
[2020.06.02-15.46.22:456][927]LogModuleManager: Shutting down and abandoning module AndroidDeviceDetection (509)
[2020.06.02-15.46.23:288][927]LogModuleManager: Shutting down and abandoning module WindowsPlatformEditor (506)
[2020.06.02-15.46.23:288][927]LogModuleManager: Shutting down and abandoning module LuminRuntimeSettings (504)
[2020.06.02-15.46.23:288][927]LogModuleManager: Shutting down and abandoning module IOSRuntimeSettings (502)
[2020.06.02-15.46.23:288][927]LogModuleManager: Shutting down and abandoning module AndroidRuntimeSettings (500)
[2020.06.02-15.46.23:288][927]LogModuleManager: Shutting down and abandoning module InputBindingEditor (498)
[2020.06.02-15.46.23:288][927]LogModuleManager: Shutting down and abandoning module MergeActors (496)
[2020.06.02-15.46.23:288][927]LogModuleManager: Shutting down and abandoning module LocalizationDashboard (494)
[2020.06.02-15.46.23:288][927]LogModuleManager: Shutting down and abandoning module LocalizationService (493)
[2020.06.02-15.46.23:288][927]LogModuleManager: Shutting down and abandoning module HardwareTargeting (490)
[2020.06.02-15.46.23:288][927]LogModuleManager: Shutting down and abandoning module DeviceProfileEditor (488)
[2020.06.02-15.46.23:288][927]LogModuleManager: Shutting down and abandoning module UndoHistory (486)
[2020.06.02-15.46.23:288][927]LogModuleManager: Shutting down and abandoning module XmlParser (484)
[2020.06.02-15.46.23:288][927]LogModuleManager: Shutting down and abandoning module Blutility (482)
[2020.06.02-15.46.23:288][927]LogModuleManager: Shutting down and abandoning module ProjectSettingsViewer (480)
[2020.06.02-15.46.23:288][927]LogModuleManager: Shutting down and abandoning module ProjectTargetPlatformEditor (479)
[2020.06.02-15.46.23:289][927]LogModuleManager: Shutting down and abandoning module EditorSettingsViewer (476)
[2020.06.02-15.46.23:289][927]LogModuleManager: Shutting down and abandoning module SettingsEditor (474)
[2020.06.02-15.46.23:289][927]LogModuleManager: Shutting down and abandoning module ProjectLauncher (472)
[2020.06.02-15.46.23:289][927]LogModuleManager: Shutting down and abandoning module SessionFrontend (470)
[2020.06.02-15.46.23:289][927]LogModuleManager: Shutting down and abandoning module ProfilerClient (468)
[2020.06.02-15.46.23:289][927]LogModuleManager: Shutting down and abandoning module DeviceManager (466)
[2020.06.02-15.46.23:289][927]LogModuleManager: Shutting down and abandoning module TargetDeviceServices (465)
[2020.06.02-15.46.23:355][927]LogModuleManager: Shutting down and abandoning module AutomationController (462)
[2020.06.02-15.46.23:355][927]LogModuleManager: Shutting down and abandoning module AutomationWindow (460)
[2020.06.02-15.46.23:355][927]LogModuleManager: Shutting down and abandoning module Layers (458)
[2020.06.02-15.46.23:355][927]LogModuleManager: Shutting down and abandoning module ComponentVisualizers (456)
[2020.06.02-15.46.23:355][927]LogModuleManager: Shutting down and abandoning module DetailCustomizations (454)
[2020.06.02-15.46.23:355][927]LogModuleManager: Shutting down and abandoning module PackagesDialog (452)
[2020.06.02-15.46.23:355][927]LogModuleManager: Shutting down and abandoning module Persona (450)
[2020.06.02-15.46.23:355][927]LogModuleManager: Shutting down and abandoning module AdvancedPreviewScene (449)
[2020.06.02-15.46.23:355][927]LogModuleManager: Shutting down and abandoning module AnimGraph (447)
[2020.06.02-15.46.23:355][927]LogModuleManager: Shutting down and abandoning module Kismet (444)
[2020.06.02-15.46.23:358][927]LogModuleManager: Shutting down and abandoning module GraphEditor (442)
[2020.06.02-15.46.23:358][927]LogModuleManager: Shutting down and abandoning module ClassViewer (440)
[2020.06.02-15.46.23:358][927]LogModuleManager: Shutting down and abandoning module Toolbox (438)
[2020.06.02-15.46.23:358][927]LogModuleManager: Shutting down and abandoning module ModuleUI (436)
[2020.06.02-15.46.23:358][927]LogModuleManager: Shutting down and abandoning module MovieSceneTools (434)
[2020.06.02-15.46.23:359][927]LogModuleManager: Shutting down and abandoning module OutputLog (432)
[2020.06.02-15.46.23:359][927]LogModuleManager: Shutting down and abandoning module GammaUI (430)
[2020.06.02-15.46.23:359][927]LogModuleManager: Shutting down and abandoning module Documentation (428)
[2020.06.02-15.46.23:359][927]LogModuleManager: Shutting down and abandoning module MovieSceneTracks (426)
[2020.06.02-15.46.23:359][927]LogModuleManager: Shutting down and abandoning module MovieScene (424)
[2020.06.02-15.46.23:359][927]LogModuleManager: Shutting down and abandoning module StreamingPauseRendering (422)
[2020.06.02-15.46.23:359][927]LogModuleManager: Shutting down and abandoning module LauncherPlatform (420)
[2020.06.02-15.46.23:359][927]LogModuleManager: Shutting down and abandoning module AnalyticsET (418)
[2020.06.02-15.46.23:359][927]LogModuleManager: Shutting down and abandoning module PortalServices (416)
[2020.06.02-15.46.23:359][927]LogModuleManager: Shutting down and abandoning module PortalRpc (414)
[2020.06.02-15.46.23:359][927]LogModuleManager: Shutting down and abandoning module MessagingRpc (412)
[2020.06.02-15.46.23:359][927]LogModuleManager: Shutting down and abandoning module AIModule (410)
[2020.06.02-15.46.23:359][927]LogModuleManager: Shutting down and abandoning module GameplayDebugger (409)
[2020.06.02-15.46.23:359][927]LogModuleManager: Shutting down and abandoning module AITestSuite (407)
[2020.06.02-15.46.23:359][927]LogModuleManager: Shutting down and abandoning module NavigationSystem (405)
[2020.06.02-15.46.23:359][927]LogModuleManager: Shutting down and abandoning module DesktopPlatform (402)
[2020.06.02-15.46.23:359][927]LogModuleManager: Shutting down and abandoning module ProfilerService (400)
[2020.06.02-15.46.23:514][927]LogModuleManager: Shutting down and abandoning module TaskGraph (398)
[2020.06.02-15.46.23:514][927]LogModuleManager: Shutting down and abandoning module SteamVRController (396)
[2020.06.02-15.46.23:514][927]LogModuleManager: Shutting down and abandoning module ProceduralMeshComponentEditor (394)
[2020.06.02-15.46.23:514][927]LogModuleManager: Shutting down and abandoning module ProceduralMeshComponent (392)
[2020.06.02-15.46.23:514][927]LogModuleManager: Shutting down and abandoning module OculusInput (390)
[2020.06.02-15.46.23:514][927]LogModuleManager: Shutting down and abandoning module MobilePatchingUtils (388)
[2020.06.02-15.46.23:514][927]LogModuleManager: Shutting down and abandoning module EditableMesh (386)
[2020.06.02-15.46.23:514][927]LogModuleManager: Shutting down and abandoning module CustomMeshComponent (384)
[2020.06.02-15.46.23:514][927]LogModuleManager: Shutting down and abandoning module CableComponent (382)
[2020.06.02-15.46.23:514][927]LogModuleManager: Shutting down and abandoning module AudioCapture (380)
[2020.06.02-15.46.23:514][927]LogModuleManager: Shutting down and abandoning module ArchVisCharacter (378)
[2020.06.02-15.46.23:514][927]LogModuleManager: Shutting down and abandoning module AndroidPermission (376)
[2020.06.02-15.46.23:514][927]LogModuleManager: Shutting down and abandoning module NUTUnrealEngine4 (374)
[2020.06.02-15.46.23:514][927]LogModuleManager: Shutting down and abandoning module NetcodeUnitTest (372)
[2020.06.02-15.46.23:515][927]LogModuleManager: Shutting down and abandoning module MediaCompositingEditor (370)
[2020.06.02-15.46.23:515][927]LogModuleManager: Shutting down and abandoning module MediaCompositing (368)
[2020.06.02-15.46.23:515][927]LogModuleManager: Shutting down and abandoning module LinearTimecode (366)
[2020.06.02-15.46.23:515][927]LogModuleManager: Shutting down and abandoning module ImgMedia (364)
[2020.06.02-15.46.23:517][927]LogModuleManager: Shutting down and abandoning module HTML5Networking (362)
[2020.06.02-15.46.23:517][927]LogModuleManager: Shutting down and abandoning module GeometryCacheTracks (360)
[2020.06.02-15.46.23:517][927]LogModuleManager: Shutting down and abandoning module GeometryCacheSequencer (358)
[2020.06.02-15.46.23:518][927]LogModuleManager: Shutting down and abandoning module BackChannel (356)
[2020.06.02-15.46.23:518][927]LogModuleManager: Shutting down and abandoning module AppleVision (354)
[2020.06.02-15.46.23:518][927]LogModuleManager: Shutting down and abandoning module AppleImageUtils (352)
[2020.06.02-15.46.23:518][927]LogModuleManager: Shutting down and abandoning module AlembicImporter (350)
[2020.06.02-15.46.23:518][927]LogModuleManager: Shutting down and abandoning module AlembicLibrary (349)
[2020.06.02-15.46.23:518][927]LogModuleManager: Shutting down and abandoning module GeometryCache (348)
[2020.06.02-15.46.23:518][927]LogModuleManager: Shutting down and abandoning module GeometryCacheEd (347)
[2020.06.02-15.46.23:518][927]LogModuleManager: Shutting down and abandoning module DatasmithContentEditor (342)
[2020.06.02-15.46.23:518][927]LogModuleManager: Shutting down and abandoning module DatasmithContent (340)
[2020.06.02-15.46.23:518][927]LogModuleManager: Shutting down and abandoning module SpeedTreeImporter (338)
[2020.06.02-15.46.23:518][927]LogModuleManager: Shutting down and abandoning module PluginBrowser (336)
[2020.06.02-15.46.23:518][927]LogModuleManager: Shutting down and abandoning module MobileLauncherProfileWizard (334)
[2020.06.02-15.46.23:518][927]LogModuleManager: Shutting down and abandoning module PolygonModeling (332)
[2020.06.02-15.46.23:518][927]LogModuleManager: Shutting down and abandoning module MeshEditor (330)
[2020.06.02-15.46.23:518][927]LogModuleManager: Shutting down and abandoning module CryptoKeysOpenSSL (328)
[2020.06.02-15.46.23:518][927]LogModuleManager: Shutting down and abandoning module CryptoKeys (326)
[2020.06.02-15.46.23:518][927]LogModuleManager: Shutting down and abandoning module VisualStudioSourceCodeAccess (324)
[2020.06.02-15.46.23:518][927]LogModuleManager: Shutting down and abandoning module VisualStudioCodeSourceCodeAccess (322)
[2020.06.02-15.46.23:518][927]LogModuleManager: Shutting down and abandoning module UObjectPlugin (320)
[2020.06.02-15.46.23:519][927]LogModuleManager: Shutting down and abandoning module SubversionSourceControl (318)
[2020.06.02-15.46.23:519][927]LogModuleManager: Shutting down and abandoning module PerforceSourceControl (316)
[2020.06.02-15.46.23:519][927]LogModuleManager: Shutting down and abandoning module GitSourceControl (314)
[2020.06.02-15.46.23:519][927]LogModuleManager: Shutting down and abandoning module SourceControl (313)
[2020.06.02-15.46.23:519][927]LogModuleManager: Shutting down and abandoning module CLionSourceCodeAccess (310)
[2020.06.02-15.46.23:519][927]LogModuleManager: Shutting down and abandoning module LightPropagationVolumeEditor (308)
[2020.06.02-15.46.23:519][927]LogModuleManager: Shutting down and abandoning module PaperTiledImporter (306)
[2020.06.02-15.46.23:519][927]LogModuleManager: Shutting down and abandoning module PaperSpriteSheetImporter (304)
[2020.06.02-15.46.23:519][927]LogModuleManager: Shutting down and abandoning module Paper2DEditor (302)
[2020.06.02-15.46.23:519][927]LogModuleManager: Shutting down and abandoning module MeshPaint (301)
[2020.06.02-15.46.23:519][927]LogModuleManager: Shutting down and abandoning module RuntimePhysXCooking (298)
[2020.06.02-15.46.23:519][927]LogModuleManager: Shutting down and abandoning module PhysXVehiclesEditor (296)
[2020.06.02-15.46.23:519][927]LogModuleManager: Shutting down and abandoning module PhysXVehicles (294)
[2020.06.02-15.46.23:519][927]LogModuleManager: Shutting down and abandoning module OculusEditor (292)
[2020.06.02-15.46.23:519][927]LogModuleManager: Shutting down and abandoning module LocationServicesBPLibrary (290)
[2020.06.02-15.46.23:519][927]LogModuleManager: Shutting down and abandoning module ImmediatePhysicsEditor (288)
[2020.06.02-15.46.23:519][927]LogModuleManager: Shutting down and abandoning module ImmediatePhysics (286)
[2020.06.02-15.46.23:519][927]LogModuleManager: Shutting down and abandoning module ActorSequence (284)
[2020.06.02-15.46.23:519][927]LogModuleManager: Shutting down and abandoning module UdpMessaging (282)
[2020.06.02-15.46.23:620][927]LogModuleManager: Shutting down and abandoning module TcpMessaging (280)
[2020.06.02-15.46.23:721][927]LogModuleManager: Shutting down and abandoning module MagicLeapAudio (278)
[2020.06.02-15.46.23:721][927]LogModuleManager: Shutting down and abandoning module GameplayTagsEditor (276)
[2020.06.02-15.46.23:721][927]LogModuleManager: Shutting down and abandoning module FacialAnimationEditor (274)
[2020.06.02-15.46.23:721][927]LogModuleManager: Shutting down and abandoning module FacialAnimation (272)
[2020.06.02-15.46.23:721][927]LogModuleManager: Shutting down and abandoning module DataValidation (270)
[2020.06.02-15.46.23:721][927]LogModuleManager: Shutting down and abandoning module AssetManagerEditor (268)
[2020.06.02-15.46.23:721][927]LogModuleManager: Shutting down and abandoning module LevelEditor (267)
[2020.06.02-15.46.23:721][927]LogModuleManager: Shutting down and abandoning module PixelInspectorModule (266)
[2020.06.02-15.46.23:721][927]LogModuleManager: Shutting down and abandoning module CommonMenuExtensions (264)
[2020.06.02-15.46.23:721][927]LogModuleManager: Shutting down and abandoning module MainFrame (262)
[2020.06.02-15.46.23:722][927]LogModuleManager: Shutting down and abandoning module HotReload (261)
[2020.06.02-15.46.23:722][927]LogModuleManager: Shutting down and abandoning module ContentBrowser (257)
[2020.06.02-15.46.23:723][927]LogModuleManager: Shutting down and abandoning module TreeMap (255)
[2020.06.02-15.46.23:723][927]LogModuleManager: Shutting down and abandoning module LightPropagationVolumeRuntime (252)
[2020.06.02-15.46.23:723][927]LogModuleManager: Shutting down and abandoning module AISupportModule (250)
[2020.06.02-15.46.23:723][927]LogModuleManager: Shutting down and abandoning module Paper2D (248)
[2020.06.02-15.46.23:723][927]LogModuleManager: Shutting down and abandoning module WindowsMoviePlayer (246)
[2020.06.02-15.46.23:723][927]LogModuleManager: Shutting down and abandoning module WmfMedia (244)
[2020.06.02-15.46.23:724][927]LogModuleManager: Shutting down and abandoning module Media (243)
[2020.06.02-15.46.23:730][927]LogModuleManager: Shutting down and abandoning module PacketHandler (240)
[2020.06.02-15.46.23:730][927]LogModuleManager: Shutting down and abandoning module ClothingSystemEditor (238)
[2020.06.02-15.46.23:730][927]LogModuleManager: Shutting down and abandoning module ClothingSystemRuntime (236)
[2020.06.02-15.46.23:730][927]LogModuleManager: Shutting down and abandoning module MediaAssets (234)
[2020.06.02-15.46.23:730][927]LogModuleManager: Shutting down and abandoning module Overlay (232)
[2020.06.02-15.46.23:730][927]LogModuleManager: Shutting down and abandoning module OverlayEditor (231)
[2020.06.02-15.46.23:730][927]LogModuleManager: Shutting down and abandoning module VREditor (228)
[2020.06.02-15.46.23:730][927]LogModuleManager: Shutting down and abandoning module StringTableEditor (226)
[2020.06.02-15.46.23:730][927]LogModuleManager: Shutting down and abandoning module GameplayTasksEditor (224)
[2020.06.02-15.46.23:730][927]LogModuleManager: Shutting down and abandoning module BehaviorTreeEditor (222)
[2020.06.02-15.46.23:730][927]LogModuleManager: Shutting down and abandoning module FunctionalTesting (220)
[2020.06.02-15.46.23:730][927]LogModuleManager: Shutting down and abandoning module CollisionAnalyzer (218)
[2020.06.02-15.46.23:730][927]LogModuleManager: Shutting down and abandoning module WorkspaceMenuStructure (217)
[2020.06.02-15.46.23:730][927]LogModuleManager: Shutting down and abandoning module UMG (214)
[2020.06.02-15.46.23:730][927]LogModuleManager: Shutting down and abandoning module UMGEditor (213)
[2020.06.02-15.46.23:730][927]LogModuleManager: Shutting down and abandoning module Sequencer (212)
[2020.06.02-15.46.23:730][927]LogModuleManager: Shutting down and abandoning module MessageLog (209)
[2020.06.02-15.46.23:730][927]LogModuleManager: Shutting down and abandoning module SlateReflector (204)
[2020.06.02-15.46.23:730][927]LogModuleManager: Shutting down and abandoning module Slate (202)
[2020.06.02-15.46.23:731][927]LogModuleManager: Shutting down and abandoning module EditorStyle (200)
[2020.06.02-15.46.23:732][927]LogModuleManager: Shutting down and abandoning module MRMesh (198)
[2020.06.02-15.46.23:732][927]LogModuleManager: Shutting down and abandoning module SourceCodeAccess (196)
[2020.06.02-15.46.23:732][927]LogModuleManager: Shutting down and abandoning module HeadMountedDisplay (194)
[2020.06.02-15.46.23:732][927]LogModuleManager: Shutting down and abandoning module XAudio2 (192)
[2020.06.02-15.46.23:732][927]LogModuleManager: Shutting down and abandoning module Networking (190)
[2020.06.02-15.46.23:732][927]LogModuleManager: Shutting down and abandoning module Core (188)
[2020.06.02-15.46.23:732][927]LogModuleManager: Shutting down and abandoning module LevelSequence (186)
[2020.06.02-15.46.23:732][927]LogModuleManager: Shutting down and abandoning module KismetCompiler (184)
[2020.06.02-15.46.23:732][927]LogModuleManager: Shutting down and abandoning module MeshUtilities (182)
[2020.06.02-15.46.23:732][927]LogModuleManager: Shutting down and abandoning module MeshMergeUtilities (181)
[2020.06.02-15.46.23:732][927]LogModuleManager: Shutting down and abandoning module MeshReductionInterface (180)
[2020.06.02-15.46.23:732][927]LogModuleManager: Shutting down and abandoning module SimplygonSwarm (179)
[2020.06.02-15.46.23:732][927]LogModuleManager: Shutting down and abandoning module ProxyLODMeshReduction (177)
[2020.06.02-15.46.23:732][927]LogModuleManager: Shutting down and abandoning module SimplygonMeshReduction (175)
[2020.06.02-15.46.23:732][927]LogModuleManager: Shutting down and abandoning module QuadricMeshReduction (173)
[2020.06.02-15.46.23:732][927]LogModuleManager: Shutting down and abandoning module MaterialBaking (169)
[2020.06.02-15.46.23:732][927]LogModuleManager: Shutting down and abandoning module DirectoryWatcher (165)
[2020.06.02-15.46.23:732][927]LogModuleManager: Shutting down and abandoning module DerivedDataCache (162)
[2020.06.02-15.46.23:797][927]LogDerivedDataCache: Shutdown
[2020.06.02-15.46.23:797][927]LogModuleManager: Shutting down and abandoning module XGEController (160)
[2020.06.02-15.46.23:797][927]LogModuleManager: Shutting down and abandoning module TargetPlatform (158)
[2020.06.02-15.46.23:797][927]LogModuleManager: Shutting down and abandoning module VulkanShaderFormat (157)
[2020.06.02-15.46.23:797][927]LogModuleManager: Shutting down and abandoning module ShaderFormatVectorVM (155)
[2020.06.02-15.46.23:797][927]LogModuleManager: Shutting down and abandoning module ShaderFormatOpenGL (153)
[2020.06.02-15.46.23:797][927]LogModuleManager: Shutting down and abandoning module ShaderFormatD3D (151)
[2020.06.02-15.46.23:797][927]LogModuleManager: Shutting down and abandoning module MetalShaderFormat (149)
[2020.06.02-15.46.23:797][927]LogModuleManager: Shutting down and abandoning module TextureFormatUncompressed (147)
[2020.06.02-15.46.23:797][927]LogModuleManager: Shutting down and abandoning module TextureFormatPVR (145)
[2020.06.02-15.46.23:797][927]LogModuleManager: Shutting down and abandoning module TextureFormatDXT (143)
[2020.06.02-15.46.23:797][927]LogModuleManager: Shutting down and abandoning module TextureFormatIntelISPCTexComp (141)
[2020.06.02-15.46.23:797][927]LogModuleManager: Shutting down and abandoning module TextureFormatASTC (139)
[2020.06.02-15.46.23:797][927]LogModuleManager: Shutting down and abandoning module ImageWrapper (138)
[2020.06.02-15.46.23:797][927]LogModuleManager: Shutting down and abandoning module TextureFormatAndroid (135)
[2020.06.02-15.46.23:798][927]LogModuleManager: Shutting down and abandoning module AudioFormatOpus (133)
[2020.06.02-15.46.23:798][927]LogModuleManager: Shutting down and abandoning module AudioFormatOgg (131)
[2020.06.02-15.46.23:798][927]LogModuleManager: Shutting down and abandoning module AudioFormatADPCM (129)
[2020.06.02-15.46.23:798][927]LogModuleManager: Shutting down and abandoning module LuminTargetPlatform (127)
[2020.06.02-15.46.23:798][927]LogModuleManager: Shutting down and abandoning module LinuxTargetPlatform (125)
[2020.06.02-15.46.23:798][927]LogModuleManager: Shutting down and abandoning module LinuxServerTargetPlatform (123)
[2020.06.02-15.46.23:798][927]LogModuleManager: Shutting down and abandoning module LinuxNoEditorTargetPlatform (121)
[2020.06.02-15.46.23:798][927]LogModuleManager: Shutting down and abandoning module LinuxClientTargetPlatform (119)
[2020.06.02-15.46.23:798][927]LogModuleManager: Shutting down and abandoning module TVOSTargetPlatform (117)
[2020.06.02-15.46.23:798][927]LogModuleManager: Shutting down and abandoning module Messaging (115)
[2020.06.02-15.46.23:798][927]LogModuleManager: Shutting down and abandoning module IOSTargetPlatform (113)
[2020.06.02-15.46.23:799][927]LogModuleManager: Shutting down and abandoning module HTML5TargetPlatform (111)
[2020.06.02-15.46.23:799][927]LogModuleManager: Shutting down and abandoning module AndroidTargetPlatform (109)
[2020.06.02-15.46.23:803][927]LogModuleManager: Shutting down and abandoning module WindowsTargetPlatform (107)
[2020.06.02-15.46.23:803][927]LogModuleManager: Shutting down and abandoning module WindowsServerTargetPlatform (105)
[2020.06.02-15.46.23:803][927]LogModuleManager: Shutting down and abandoning module WindowsNoEditorTargetPlatform (103)
[2020.06.02-15.46.23:803][927]LogModuleManager: Shutting down and abandoning module WindowsClientTargetPlatform (101)
[2020.06.02-15.46.23:803][927]LogModuleManager: Shutting down and abandoning module MacTargetPlatform (99)
[2020.06.02-15.46.23:803][927]LogModuleManager: Shutting down and abandoning module MacServerTargetPlatform (97)
[2020.06.02-15.46.23:803][927]LogModuleManager: Shutting down and abandoning module MacNoEditorTargetPlatform (95)
[2020.06.02-15.46.23:803][927]LogModuleManager: Shutting down and abandoning module MacClientTargetPlatform (93)
[2020.06.02-15.46.23:803][927]LogModuleManager: Shutting down and abandoning module AllDesktopTargetPlatform (91)
[2020.06.02-15.46.23:803][927]LogModuleManager: Shutting down and abandoning module InputCore (88)
[2020.06.02-15.46.23:803][927]LogModuleManager: Shutting down and abandoning module Settings (86)
[2020.06.02-15.46.23:803][927]LogModuleManager: Shutting down and abandoning module PhysXCooking (84)
[2020.06.02-15.46.23:803][927]LogModuleManager: Shutting down and abandoning module SteamVR (82)
[2020.06.02-15.46.23:803][927]LogModuleManager: Shutting down and abandoning module OculusHMD (80)
[2020.06.02-15.46.23:803][927]LogModuleManager: Shutting down and abandoning module ExampleDeviceProfileSelector (78)
[2020.06.02-15.46.23:803][927]LogModuleManager: Shutting down and abandoning module LauncherChunkInstaller (76)
[2020.06.02-15.46.23:803][927]LogModuleManager: Shutting down and abandoning module OnlineBlueprintSupport (74)
[2020.06.02-15.46.23:803][927]LogModuleManager: Shutting down and abandoning module OnlineSubsystem (70)
[2020.06.02-15.46.23:804][927]LogModuleManager: Shutting down and abandoning module XMPP (65)
[2020.06.02-15.46.23:804][927]LogModuleManager: Shutting down and abandoning module WebSockets (64)
[2020.06.02-15.46.23:822][927]LogModuleManager: Shutting down and abandoning module HTTP (61)
[2020.06.02-15.46.23:822][927]LogHttp: Display: Http module shutting down, but needs to wait on 1 outstanding Http requests:
[2020.06.02-15.46.23:822][927]LogHttp: Display: 	verb=[POST] url=[https://datarouter.ol.epicgames.com/datarouter/api/v1/public/data?SessionID=%7B2C884D7F-4A98-9159-294C-809A65E9906D%7D&AppID=UEEditor.Rocket.Release&AppVersion=4.20.3-4369336%2B%2B%2BUE4%2BRelease-4.20&UserID=0d4ae196404e8d2de094df93fe4ad263%7C876de2b1a0eb44f1983412cdf698817a%7C0731819d-87ea-451c-8703-8664d6deaf70&AppEnvironment=datacollector-binary&UploadType=eteventstream] status=Processing
[2020.06.02-15.46.23:854][927]LogModuleManager: Shutting down and abandoning module SSL (60)
[2020.06.02-15.46.23:855][927]LogModuleManager: Shutting down and abandoning module MagicLeapEmulator (56)
[2020.06.02-15.46.23:855][927]LogModuleManager: Shutting down and abandoning module MagicLeapPrivileges (54)
[2020.06.02-15.46.23:855][927]LogModuleManager: Shutting down and abandoning module MagicLeapIdentity (52)
[2020.06.02-15.46.23:855][927]LogModuleManager: Shutting down and abandoning module MagicLeapHelperVulkan (50)
[2020.06.02-15.46.23:855][927]LogModuleManager: Shutting down and abandoning module MagicLeapHelperOpenGL (48)
[2020.06.02-15.46.23:855][927]LogModuleManager: Shutting down and abandoning module MagicLeapSecureStorage (46)
[2020.06.02-15.46.23:855][927]LogModuleManager: Shutting down and abandoning module MagicLeapGestures (44)
[2020.06.02-15.46.23:855][927]LogModuleManager: Shutting down and abandoning module MagicLeapEyeTracker (42)
[2020.06.02-15.46.23:855][927]LogModuleManager: Shutting down and abandoning module MagicLeapController (40)
[2020.06.02-15.46.23:855][927]LogSlate: Slate User Destroyed.  User Index 0, Is Virtual User: 0
[2020.06.02-15.46.23:856][927]LogModuleManager: Shutting down and abandoning module MagicLeap (38)
[2020.06.02-15.46.23:856][927]LogModuleManager: Shutting down and abandoning module AnimationModifiers (36)
[2020.06.02-15.46.23:856][927]LogModuleManager: Shutting down and abandoning module PropertyEditor (35)
[2020.06.02-15.46.23:856][927]LogModuleManager: Shutting down and abandoning module AudioEditor (32)
[2020.06.02-15.46.23:856][927]LogModuleManager: Shutting down and abandoning module TextureCompressor (30)
[2020.06.02-15.46.23:856][927]LogModuleManager: Shutting down and abandoning module ShaderCore (28)
[2020.06.02-15.46.23:856][927]LogModuleManager: Shutting down and abandoning module Landscape (26)
[2020.06.02-15.46.23:856][927]LogModuleManager: Shutting down and abandoning module SlateRHIRenderer (24)
[2020.06.02-15.46.23:856][927]LogModuleManager: Shutting down and abandoning module OpenGLDrv (22)
[2020.06.02-15.46.23:856][927]LogModuleManager: Shutting down and abandoning module D3D11RHI (20)
[2020.06.02-15.46.23:856][927]LogModuleManager: Shutting down and abandoning module AnimGraphRuntime (18)
[2020.06.02-15.46.23:856][927]LogModuleManager: Shutting down and abandoning module Renderer (16)
[2020.06.02-15.46.23:856][927]LogModuleManager: Shutting down and abandoning module Engine (14)
[2020.06.02-15.46.23:856][927]LogModuleManager: Shutting down and abandoning module CoreUObject (12)
[2020.06.02-15.46.23:856][927]LogModuleManager: Shutting down and abandoning module NetworkFile (10)
[2020.06.02-15.46.23:856][927]LogModuleManager: Shutting down and abandoning module CookedIterativeFile (8)
[2020.06.02-15.46.23:856][927]LogModuleManager: Shutting down and abandoning module StreamingFile (6)
[2020.06.02-15.46.23:856][927]LogModuleManager: Shutting down and abandoning module SandboxFile (4)
[2020.06.02-15.46.23:856][927]LogModuleManager: Shutting down and abandoning module PakFile (2)
[2020.06.02-15.46.23:860][927]LogExit: Exiting.
[2020.06.02-15.46.23:864][927]Log file closed, 06/02/20 17:46:23
