Log file open, 05/08/20 23:17:58
LogWindows: Failed to load 'aqProf.dll' (GetLastError=126)
LogWindows: File 'aqProf.dll' does not exist
LogWindows: Failed to load 'VSPerf140.dll' (GetLastError=126)
LogWindows: File 'VSPerf140.dll' does not exist
LogWindows: Failed to load 'VtuneApi.dll' (GetLastError=126)
LogWindows: File 'VtuneApi.dll' does not exist
LogWindows: Failed to load 'VtuneApi32e.dll' (GetLastError=126)
LogWindows: File 'VtuneApi32e.dll' does not exist
LogInit: Display: Running engine for game: Projekt
LogPlatformFile: Not using cached read wrapper
LogTaskGraph: Started task graph with 5 named threads and 20 total threads with 3 sets of task threads.
LogStats: Stats thread started at 0.230661
LogD3D11RHI: Loaded GFSDK_Aftermath_Lib.x64.dll
LogICUInternationalization: Display: ICU TimeZone Detection - Raw Offset: +1:00, Platform Override: ''
LogPluginManager: Mounting plugin Paper2D
LogPluginManager: Mounting plugin AISupport
LogPluginManager: Mounting plugin LightPropagationVolume
LogPluginManager: Mounting plugin CLionSourceCodeAccess
LogPluginManager: Mounting plugin CodeLiteSourceCodeAccess
LogPluginManager: Mounting plugin GitSourceControl
LogPluginManager: Mounting plugin KDevelopSourceCodeAccess
LogPluginManager: Mounting plugin NullSourceCodeAccess
LogPluginManager: Mounting plugin PerforceSourceControl
LogPluginManager: Mounting plugin SubversionSourceControl
LogPluginManager: Mounting plugin UObjectPlugin
LogPluginManager: Mounting plugin VisualStudioCodeSourceCodeAccess
LogPluginManager: Mounting plugin VisualStudioSourceCodeAccess
LogPluginManager: Mounting plugin XCodeSourceCodeAccess
LogPluginManager: Mounting plugin AssetManagerEditor
LogPluginManager: Mounting plugin CryptoKeys
LogPluginManager: Mounting plugin DataValidation
LogPluginManager: Mounting plugin FacialAnimation
LogPluginManager: Mounting plugin GameplayTagsEditor
LogPluginManager: Mounting plugin MacGraphicsSwitching
LogPluginManager: Mounting plugin MeshEditor
LogPluginManager: Mounting plugin MobileLauncherProfileWizard
LogPluginManager: Mounting plugin PluginBrowser
LogPluginManager: Mounting plugin SpeedTreeImporter
LogPluginManager: Mounting plugin DatasmithContent
LogPluginManager: Mounting plugin AlembicImporter
LogPluginManager: Mounting plugin AppleImageUtils
LogPluginManager: Mounting plugin AppleVision
LogPluginManager: Mounting plugin BackChannel
LogPluginManager: Mounting plugin CharacterAI
LogPluginManager: Mounting plugin GeometryCache
LogPluginManager: Mounting plugin HTML5Networking
LogPluginManager: Mounting plugin ProxyLODPlugin
LogPluginManager: Mounting plugin MagicLeap
LogPluginManager: Mounting plugin MagicLeapEmulator
LogPluginManager: Mounting plugin MagicLeapMedia
LogPluginManager: Mounting plugin AndroidMedia
LogPluginManager: Mounting plugin AvfMedia
LogPluginManager: Mounting plugin ImgMedia
LogPluginManager: Mounting plugin LinearTimecode
LogPluginManager: Mounting plugin MediaCompositing
LogPluginManager: Mounting plugin MediaPlayerEditor
LogPluginManager: Mounting plugin WmfMedia
LogPluginManager: Mounting plugin TcpMessaging
LogPluginManager: Mounting plugin UdpMessaging
LogPluginManager: Mounting plugin ActorSequence
LogPluginManager: Mounting plugin LevelSequenceEditor
LogPluginManager: Mounting plugin MatineeToLevelSequence
LogPluginManager: Mounting plugin NetcodeUnitTest
LogPluginManager: Mounting plugin NUTUnrealEngine4
LogPluginManager: Mounting plugin OnlineSubsystemGooglePlay
LogPluginManager: Mounting plugin OnlineSubsystemIOS
LogPluginManager: Mounting plugin OnlineSubsystem
LogPluginManager: Mounting plugin OnlineSubsystemNull
LogPluginManager: Mounting plugin OnlineSubsystemUtils
LogPluginManager: Mounting plugin LauncherChunkInstaller
LogPluginManager: Mounting plugin AndroidDeviceProfileSelector
LogPluginManager: Mounting plugin AndroidMoviePlayer
LogPluginManager: Mounting plugin AndroidPermission
LogPluginManager: Mounting plugin AppleMoviePlayer
LogPluginManager: Mounting plugin ArchVisCharacter
LogPluginManager: Mounting plugin AudioCapture
LogPluginManager: Mounting plugin CableComponent
LogPluginManager: Mounting plugin CustomMeshComponent
LogPluginManager: Mounting plugin EditableMesh
LogPluginManager: Mounting plugin ExampleDeviceProfileSelector
LogPluginManager: Mounting plugin GoogleCloudMessaging
LogPluginManager: Mounting plugin ImmediatePhysics
LogPluginManager: Mounting plugin IOSDeviceProfileSelector
LogPluginManager: Mounting plugin LinuxDeviceProfileSelector
LogPluginManager: Mounting plugin LocationServicesBPLibrary
LogPluginManager: Mounting plugin MobilePatchingUtils
LogPluginManager: Mounting plugin OculusVR
LogPluginManager: Plugin shader directory ../../../Engine/Plugins/Runtime/Oculus/OculusVR/Shaders found
LogPluginManager: Mapping shader source directory ../../../Engine/Plugins/Runtime/Oculus/OculusVR/Shaders to virtual directory /Plugin/OculusVR
LogPluginManager: Mounting plugin PhysXVehicles
LogPluginManager: Mounting plugin ProceduralMeshComponent
LogPluginManager: Mounting plugin RuntimePhysXCooking
LogPluginManager: Mounting plugin SteamVR
LogPluginManager: Mounting plugin WindowsMoviePlayer
LogStreaming: Display: Took  0.085s to configure plugins.
LogInit: Using libcurl 7.55.1-DEV
LogInit:  - built for x86_64-pc-win32
LogInit:  - supports SSL with OpenSSL/1.0.2h
LogInit:  - supports HTTP deflate (compression) using libz 1.2.8
LogInit:  - other features:
LogInit:      CURL_VERSION_SSL
LogInit:      CURL_VERSION_LIBZ
LogInit:      CURL_VERSION_IPV6
LogInit:      CURL_VERSION_ASYNCHDNS
LogInit:      CURL_VERSION_LARGEFILE
LogInit:      CURL_VERSION_IDN
LogInit:  CurlRequestOptions (configurable via config and command line):
LogInit:  - bVerifyPeer = false  - Libcurl will NOT verify peer certificate
LogInit:  - bUseHttpProxy = false  - Libcurl will NOT use HTTP proxy
LogInit:  - bDontReuseConnections = false  - Libcurl will reuse connections
LogInit:  - CertBundlePath = nullptr  - Libcurl will use whatever was configured at build time.
LogInit:  - MaxHostConnections = 16  - Libcurl will limit the number of connections to a host
LogInit:  - LocalHostAddr = Default
LogInit:  - BufferSize = 65536
LogInit: WinSock: version 1.1 (2.2), MaxSocks=32767, MaxUdp=65467
LogInit: Build: ++UE4+Release-4.20-CL-4369336
LogInit: Engine Version: 4.20.3-4369336+++UE4+Release-4.20
LogInit: Compatible Engine Version: 4.20.0-4212847+++UE4+Release-4.20
LogInit: Net CL: 4212847
LogInit: OS: Windows 10 (), CPU: Intel(R) Core(TM) i5-8500 CPU @ 3.00GHz, GPU: NVIDIA GeForce GTX 1060 6GB
LogInit: Compiled (64-bit): Sep 17 2018 12:26:19
LogInit: Compiled with Visual C++: 19.13.26129.00
LogInit: Build Configuration: Development
LogInit: Branch Name: ++UE4+Release-4.20
LogInit: Command Line: 
LogInit: Base Directory: D:/UE_4.20/Engine/Binaries/Win64/
LogInit: Installed Engine Build: 1
LogDevObjectVersion: Number of dev versions registered: 20
LogDevObjectVersion:   Dev-Blueprints (B0D832E4-1F89-4F0D-ACCF-7EB736FD4AA2): 10
LogDevObjectVersion:   Dev-Build (E1C64328-A22C-4D53-A36C-8E866417BD8C): 0
LogDevObjectVersion:   Dev-Core (375EC13C-06E4-48FB-B500-84F0262A717E): 2
LogDevObjectVersion:   Dev-Editor (E4B068ED-F494-42E9-A231-DA0B2E46BB41): 24
LogDevObjectVersion:   Dev-Framework (CFFC743F-43B0-4480-9391-14DF171D2073): 34
LogDevObjectVersion:   Dev-Mobile (B02B49B5-BB20-44E9-A304-32B752E40360): 2
LogDevObjectVersion:   Dev-Networking (A4E4105C-59A1-49B5-A7C5-40C4547EDFEE): 0
LogDevObjectVersion:   Dev-Online (39C831C9-5AE6-47DC-9A44-9C173E1C8E7C): 0
LogDevObjectVersion:   Dev-Physics (78F01B33-EBEA-4F98-B9B4-84EACCB95AA2): 0
LogDevObjectVersion:   Dev-Platform (6631380F-2D4D-43E0-8009-CF276956A95A): 0
LogDevObjectVersion:   Dev-Rendering (12F88B9F-8875-4AFC-A67C-D90C383ABD29): 26
LogDevObjectVersion:   Dev-Sequencer (7B5AE74C-D270-4C10-A958-57980B212A5A): 9
LogDevObjectVersion:   Dev-VR (D7296918-1DD6-4BDD-9DE2-64A83CC13884): 2
LogDevObjectVersion:   Dev-LoadTimes (C2A15278-BFE7-4AFE-6C17-90FF531DF755): 1
LogDevObjectVersion:   Private-Geometry (6EACA3D4-40EC-4CC1-B786-8BED09428FC5): 3
LogDevObjectVersion:   Dev-AnimPhys (29E575DD-E0A3-4627-9D10-D276232CDCEA): 17
LogDevObjectVersion:   Dev-ReflectionCapture (6B266CEC-1EC7-4B8F-A30B-E4D90942FC07): 1
LogDevObjectVersion:   Dev-Automation (0DF73D61-A23F-47EA-B727-89E90C41499A): 1
LogDevObjectVersion:   FortniteMain (601D1886-AC64-4F84-AA16-D3DE0DEAC7D6): 12
LogDevObjectVersion:   Dev-Enterprise (9DFFBCD6-494F-0158-E221-12823C92A888): 1
LogStreaming: Display: Took  0.000s to delete old logs.
LogInit: Presizing for max 8388607 objects, including 0 objects not considered by GC, pre-allocating 0 bytes for permanent pool.
LogInit: Object subsystem initialized
[2020.05.08-21.17.58:421][  0]LogInit: Selected Device Profile: [Windows]
[2020.05.08-21.17.58:421][  0]LogInit: Applying CVar settings loaded from the selected device profile: [Windows]
[2020.05.08-21.17.58:428][  0]LogHAL: Display: Platform has ~ 16 GB [17109979136 / 17179869184 / 16], which maps to Larger [LargestMinGB=32, LargerMinGB=12, DefaultMinGB=8, SmallerMinGB=6, SmallestMinGB=0)
[2020.05.08-21.17.58:428][  0]LogInit: Setting Device Profile CVar: [[r.Vulkan.UseRealUBs:1]]
[2020.05.08-21.17.58:428][  0]LogInit: Going up to parent DeviceProfile []
[2020.05.08-21.17.58:428][  0]LogInit: Computer: DESKTOP-8FBQDIA
[2020.05.08-21.17.58:428][  0]LogInit: User: Jule
[2020.05.08-21.17.58:428][  0]LogInit: CPU Page size=4096, Cores=6
[2020.05.08-21.17.58:428][  0]LogInit: High frequency timer resolution =10.000000 MHz
[2020.05.08-21.17.58:428][  0]LogMemory: Memory total: Physical=15.9GB (16GB approx)
[2020.05.08-21.17.58:428][  0]LogMemory: Platform Memory Stats for Windows
[2020.05.08-21.17.58:428][  0]LogMemory: Process Physical Memory: 99.97 MB used, 99.97 MB peak
[2020.05.08-21.17.58:428][  0]LogMemory: Process Virtual Memory: 83.33 MB used, 83.33 MB peak
[2020.05.08-21.17.58:428][  0]LogMemory: Physical Memory: 12344.78 MB used,  3972.57 MB free, 16317.35 MB total
[2020.05.08-21.17.58:428][  0]LogMemory: Virtual Memory: 4631.10 MB used,  3972.57 MB free, 134217728.00 MB total
[2020.05.08-21.17.58:441][  0]LogInit: Using OS detected language (pl-PL).
[2020.05.08-21.17.58:441][  0]LogInit: Using OS detected locale (pl-PL).
[2020.05.08-21.17.58:441][  0]LogTextLocalizationManager: No specific localization for 'pl-PL' exists, so the 'pl' localization will be used.
[2020.05.08-21.17.58:443][  0]LogStreaming: Display: Took  0.002s to InitEngineTextLocalization.
[2020.05.08-21.17.58:443][  0]LogInit: Setting process to per monitor DPI aware
[2020.05.08-21.17.58:486][  0]LogSlate: New Slate User Created.  User Index 0, Is Virtual User: 0
[2020.05.08-21.17.58:486][  0]LogSlate: Slate User Registered.  User Index 0, Is Virtual User: 0
[2020.05.08-21.17.58:639][  0]LogHMD: Failed to initialize OpenVR with code 110
[2020.05.08-21.17.58:639][  0]LogD3D11RHI: D3D11 adapters:
[2020.05.08-21.17.58:700][  0]LogD3D11RHI:    0. 'NVIDIA GeForce GTX 1060 6GB' (Feature Level 11_0)
[2020.05.08-21.17.58:700][  0]LogD3D11RHI:       6052/0/8158 MB DedicatedVideo/DedicatedSystem/SharedSystem, Outputs:1, VendorId:0x10de
[2020.05.08-21.17.58:702][  0]LogD3D11RHI:    1. 'Microsoft Basic Render Driver' (Feature Level 11_0)
[2020.05.08-21.17.58:702][  0]LogD3D11RHI:       0/0/8158 MB DedicatedVideo/DedicatedSystem/SharedSystem, Outputs:0, VendorId:0x1414
[2020.05.08-21.17.58:702][  0]LogD3D11RHI: Chosen D3D11 Adapter: 0
[2020.05.08-21.17.58:711][  0]LogD3D11RHI: Creating new Direct3DDevice
[2020.05.08-21.17.58:711][  0]LogD3D11RHI:     GPU DeviceId: 0x1c03 (for the marketing name, search the web for "GPU Device Id")
[2020.05.08-21.17.58:711][  0]LogWindows: EnumDisplayDevices:
[2020.05.08-21.17.58:711][  0]LogWindows:    0. 'NVIDIA GeForce GTX 1060 6GB' (P:1 D:1)
[2020.05.08-21.17.58:711][  0]LogWindows:    1. 'NVIDIA GeForce GTX 1060 6GB' (P:0 D:0)
[2020.05.08-21.17.58:711][  0]LogWindows:    2. 'NVIDIA GeForce GTX 1060 6GB' (P:0 D:0)
[2020.05.08-21.17.58:712][  0]LogWindows:    3. 'NVIDIA GeForce GTX 1060 6GB' (P:0 D:0)
[2020.05.08-21.17.58:712][  0]LogWindows: DebugString: FoundDriverCount:4 
[2020.05.08-21.17.58:712][  0]LogD3D11RHI:     Adapter Name: NVIDIA GeForce GTX 1060 6GB
[2020.05.08-21.17.58:712][  0]LogD3D11RHI:   Driver Version: 442.59 (internal:26.21.14.4259, unified:442.59)
[2020.05.08-21.17.58:712][  0]LogD3D11RHI:      Driver Date: 3-4-2020
[2020.05.08-21.17.58:712][  0]LogRHI: Texture pool is 4236 MB (70% of 6052 MB)
[2020.05.08-21.17.58:747][  0]LogD3D11RHI: Async texture creation enabled
[2020.05.08-21.17.58:762][  0]LogD3D11RHI: GPU Timing Frequency: 1000.000000 (Debug: 2 1)
[2020.05.08-21.17.58:764][  0]LogShaderCompilers: Guid format shader working directory is -3 characters bigger than the processId version (C:/Users/admin/Documents/Unreal Projects/Projekt/Intermediate/Shaders/WorkingDirectory/16704/).
[2020.05.08-21.17.58:764][  0]LogShaderCompilers: Cleaned the shader compiler working directory 'C:/Users/admin/AppData/Local/Temp/UnrealShaderWorkingDir/C68109CA4267A7B2A724FBB711EA5E80/'.
[2020.05.08-21.17.58:992][  0]LogTemp: Display: Loaded TP AllDesktopTargetPlatform
[2020.05.08-21.17.59:003][  0]LogTemp: Display: Loaded TP MacClientTargetPlatform
[2020.05.08-21.17.59:014][  0]LogTemp: Display: Loaded TP MacNoEditorTargetPlatform
[2020.05.08-21.17.59:025][  0]LogTemp: Display: Loaded TP MacServerTargetPlatform
[2020.05.08-21.17.59:036][  0]LogTemp: Display: Loaded TP MacTargetPlatform
[2020.05.08-21.17.59:047][  0]LogTemp: Display: Loaded TP WindowsClientTargetPlatform
[2020.05.08-21.17.59:058][  0]LogTemp: Display: Loaded TP WindowsNoEditorTargetPlatform
[2020.05.08-21.17.59:069][  0]LogTemp: Display: Loaded TP WindowsServerTargetPlatform
[2020.05.08-21.17.59:074][  0]LogTemp: Display: Loaded TP WindowsTargetPlatform
[2020.05.08-21.17.59:145][  0]LogTemp: Display: Loaded TP AndroidTargetPlatform
[2020.05.08-21.17.59:145][  0]LogTemp: Display: Loaded TP AndroidTargetPlatform
[2020.05.08-21.17.59:145][  0]LogTemp: Display: Loaded TP AndroidTargetPlatform
[2020.05.08-21.17.59:145][  0]LogTemp: Display: Loaded TP AndroidTargetPlatform
[2020.05.08-21.17.59:145][  0]LogTemp: Display: Loaded TP AndroidTargetPlatform
[2020.05.08-21.17.59:145][  0]LogTemp: Display: Loaded TP AndroidTargetPlatform
[2020.05.08-21.17.59:145][  0]LogTemp: Display: Loaded TP AndroidTargetPlatform
[2020.05.08-21.17.59:145][  0]LogTemp: Display: Loaded TP AndroidTargetPlatform
[2020.05.08-21.17.59:145][  0]LogTemp: Display: Loaded TP AndroidTargetPlatform
[2020.05.08-21.17.59:145][  0]LogTemp: Display: Loaded TP AndroidTargetPlatform
[2020.05.08-21.17.59:145][  0]LogTemp: Display: Loaded TP AndroidTargetPlatform
[2020.05.08-21.17.59:145][  0]LogTemp: Display: Loaded TP AndroidTargetPlatform
[2020.05.08-21.17.59:145][  0]LogTemp: Display: Loaded TP AndroidTargetPlatform
[2020.05.08-21.17.59:145][  0]LogTemp: Display: Loaded TP AndroidTargetPlatform
[2020.05.08-21.17.59:145][  0]LogTemp: Display: Loaded TP AndroidTargetPlatform
[2020.05.08-21.17.59:145][  0]LogTemp: Display: Loaded TP AndroidTargetPlatform
[2020.05.08-21.17.59:145][  0]LogTemp: Display: Loaded TP AndroidTargetPlatform
[2020.05.08-21.17.59:145][  0]LogTemp: Display: Loaded TP AndroidTargetPlatform
[2020.05.08-21.17.59:146][  0]LogTemp: Display: Loaded TP HTML5TargetPlatform
[2020.05.08-21.17.59:200][  0]LogTemp: Display: Loaded TP IOSTargetPlatform
[2020.05.08-21.17.59:200][  0]LogTemp: Display: Loaded TP IOSTargetPlatform
[2020.05.08-21.17.59:219][  0]LogTemp: Display: Loaded TP TVOSTargetPlatform
[2020.05.08-21.17.59:219][  0]LogTemp: Display: Loaded TP TVOSTargetPlatform
[2020.05.08-21.17.59:229][  0]LogTemp: Display: Loaded TP LinuxClientTargetPlatform
[2020.05.08-21.17.59:239][  0]LogTemp: Display: Loaded TP LinuxNoEditorTargetPlatform
[2020.05.08-21.17.59:249][  0]LogTemp: Display: Loaded TP LinuxServerTargetPlatform
[2020.05.08-21.17.59:260][  0]LogTemp: Display: Loaded TP LinuxTargetPlatform
[2020.05.08-21.17.59:268][  0]LogTemp: Display: Loaded TP LuminTargetPlatform
[2020.05.08-21.17.59:268][  0]LogTargetPlatformManager: Display: Building Assets For Windows
[2020.05.08-21.17.59:305][  0]LogXGEController: Cannot use XGE Controller as Incredibuild is not installed on this machine.
[2020.05.08-21.17.59:305][  0]LogShaderCompilers: Cannot use XGE Shader Compiler as Incredibuild is not installed on this machine.
[2020.05.08-21.17.59:305][  0]LogShaderCompilers: Display: Using Local Shader Compiler.
[2020.05.08-21.17.59:968][  0]LogDerivedDataCache: Display: Max Cache Size: 512 MB
[2020.05.08-21.18.00:016][  0]LogDerivedDataCache: Loaded boot cache 0.05s 71MB C:/Users/admin/AppData/Local/UnrealEngine/4.20/DerivedDataCache/Boot.ddc.
[2020.05.08-21.18.00:016][  0]LogDerivedDataCache: Display: Loaded Boot cache: C:/Users/admin/AppData/Local/UnrealEngine/4.20/DerivedDataCache/Boot.ddc
[2020.05.08-21.18.00:016][  0]LogDerivedDataCache: FDerivedDataBackendGraph:  Pak pak cache file C:/Users/admin/Documents/Unreal Projects/Projekt/DerivedDataCache/DDC.ddp not found, will not use a pak cache.
[2020.05.08-21.18.00:016][  0]LogDerivedDataCache: Unable to find inner node Pak for hierarchical cache Hierarchy.
[2020.05.08-21.18.00:016][  0]LogDerivedDataCache: FDerivedDataBackendGraph:  CompressedPak pak cache file C:/Users/admin/Documents/Unreal Projects/Projekt/DerivedDataCache/Compressed.ddp not found, will not use a pak cache.
[2020.05.08-21.18.00:016][  0]LogDerivedDataCache: Unable to find inner node CompressedPak for hierarchical cache Hierarchy.
[2020.05.08-21.18.00:029][  0]LogDerivedDataCache: Display: Pak cache opened for reading ../../../Engine/DerivedDataCache/Compressed.ddp.
[2020.05.08-21.18.00:042][  0]LogDerivedDataCache: Using Local data cache path C:/Users/admin/AppData/Local/UnrealEngine/Common/DerivedDataCache: Writable
[2020.05.08-21.18.00:042][  0]LogDerivedDataCache: Shared data cache path not found in *engine.ini, will not use an Shared cache.
[2020.05.08-21.18.00:042][  0]LogDerivedDataCache: Unable to find inner node Shared for hierarchical cache Hierarchy.
[2020.05.08-21.18.00:057][  0]LogMaterial: Verifying Global Shaders for PCD3D_SM5
[2020.05.08-21.18.00:058][  0]LogSlate: Using FreeType 2.6.0
[2020.05.08-21.18.00:059][  0]LogSlate: SlateFontServices - WITH_FREETYPE: 1, WITH_HARFBUZZ: 1
[2020.05.08-21.18.00:122][  0]LogAssetRegistry: FAssetRegistry took 0.0251 seconds to start up
[2020.05.08-21.18.00:381][  0]LogInit: Selected Device Profile: [Windows]
[2020.05.08-21.18.00:487][  0]LogSimplygon: Simplygon DLL not present - disabling.
[2020.05.08-21.18.00:489][  0]LogMeshReduction: Using SimplygonSwarm for distributed automatic mesh merging
[2020.05.08-21.18.00:489][  0]LogMeshReduction: Using ProxyLODMeshReduction for automatic mesh merging
[2020.05.08-21.18.00:489][  0]LogMeshReduction: Using QuadricMeshReduction for automatic static mesh reduction
[2020.05.08-21.18.00:489][  0]LogMeshReduction: No automatic skeletal mesh reduction module available
[2020.05.08-21.18.00:503][  0]LogNetVersion: Projekt 1.0.0, NetCL: 4212847, EngineNetVer: 5, GameNetVer: 0 (Checksum: 1449433901)
[2020.05.08-21.18.00:913][  0]LogPackageLocalizationCache: Processed 11 localized package path(s) for 2 prioritized culture(s) in 0.070100 seconds
[2020.05.08-21.18.00:918][  0]LogUObjectArray: 38425 objects as part of root set at end of initial load.
[2020.05.08-21.18.00:918][  0]LogUObjectAllocator: 6690864 out of 0 bytes used by permanent object pool.
[2020.05.08-21.18.00:918][  0]LogUObjectArray: CloseDisregardForGC: 0/0 objects in disregard for GC pool
[2020.05.08-21.18.01:577][  0]LogTcpMessaging: Initializing TcpMessaging bridge
[2020.05.08-21.18.01:590][  0]LogUdpMessaging: Initializing bridge on interface 0.0.0.0:0 to multicast group 230.0.0.1:6666.
[2020.05.08-21.18.01:723][  0]SourceControl: Source control is disabled
[2020.05.08-21.18.01:723][  0]SourceControl: Source control is disabled
[2020.05.08-21.18.01:724][  0]SourceControl: Source control is disabled
[2020.05.08-21.18.01:724][  0]SourceControl: Source control is disabled
[2020.05.08-21.18.01:867][  0]LogAndroidPermission: UAndroidPermissionCallbackProxy::GetInstance
[2020.05.08-21.18.02:106][  0]LogOcInput: OculusInput pre-init called
[2020.05.08-21.18.02:155][  0]LogEngine: Initializing Engine...
[2020.05.08-21.18.02:155][  0]LogHMD: Failed to initialize OpenVR with code 110
[2020.05.08-21.18.02:156][  0]LogStats: UGameplayTagsManager::ConstructGameplayTagTree: ImportINI prefixes -  0.000 s
[2020.05.08-21.18.02:156][  0]LogStats: UGameplayTagsManager::ConstructGameplayTagTree: Construct from data asset -  0.000 s
[2020.05.08-21.18.02:156][  0]LogStats: UGameplayTagsManager::ConstructGameplayTagTree: ImportINI -  0.000 s
[2020.05.08-21.18.02:156][  0]LogStats: UGameplayTagsManager::ConstructGameplayTagTree: GameplayTagTreeChangedEvent.Broadcast -  0.000 s
[2020.05.08-21.18.02:324][  0]LogInit: Initializing FReadOnlyCVARCache
[2020.05.08-21.18.02:332][  0]LogAIModule: Creating AISystem for world Untitled
[2020.05.08-21.18.02:469][  0]LogInit: XAudio2 using 'Krekek (Razer Kraken 7.1 V2)' : 2 channels at 48 kHz using 16 bits per sample (channel mask 0x3)
[2020.05.08-21.18.02:525][  0]LogInit: FAudioDevice initialized.
[2020.05.08-21.18.02:525][  0]LogNetVersion: Set ProjectVersion to 1.0.0.0. Version Checksum will be recalculated on next use.
[2020.05.08-21.18.02:668][  0]LogDerivedDataCache: Saved boot cache 0.14s 71MB C:/Users/admin/AppData/Local/UnrealEngine/4.20/DerivedDataCache/Boot.ddc.
[2020.05.08-21.18.02:676][  0]LogInit: Texture streaming: Enabled
[2020.05.08-21.18.02:688][  0]LogEngineSessionManager: EngineSessionManager initialized
[2020.05.08-21.18.02:699][  0]LogInit: Transaction tracking system initialized
[2020.05.08-21.18.02:712][  0]BlueprintLog: New page: Editor Load
[2020.05.08-21.18.02:757][  0]LocalizationService: Localization service is disabled
[2020.05.08-21.18.02:958][  0]LogCook: Display: Max memory allowance for cook 16384mb min free memory 0mb
[2020.05.08-21.18.02:958][  0]LogCook: Display: Mobile HDR setting 1
[2020.05.08-21.18.02:958][  0]LogGameplayTags: Display: UGameplayTagsManager::DoneAddingNativeTags. DelegateIsBound: 0
[2020.05.08-21.18.02:958][  0]LogStats: UGameplayTagsManager::ConstructGameplayTagTree: ImportINI prefixes -  0.000 s
[2020.05.08-21.18.02:958][  0]LogStats: UGameplayTagsManager::ConstructGameplayTagTree: Construct from data asset -  0.000 s
[2020.05.08-21.18.02:958][  0]LogStats: UGameplayTagsManager::ConstructGameplayTagTree: ImportINI -  0.000 s
[2020.05.08-21.18.02:958][  0]LogStats: UGameplayTagsManager::ConstructGameplayTagTree: GameplayTagTreeChangedEvent.Broadcast -  0.000 s
[2020.05.08-21.18.03:040][  0]LogFileCache: Scanning file cache for directory 'C:/Users/admin/Documents/Unreal Projects/Projekt/Content/' took 0.01s
[2020.05.08-21.18.03:040][  0]SourceControl: Source control is disabled
[2020.05.08-21.18.03:040][  0]Cmd: MAP LOAD FILE="C:/Users/admin/Documents/Unreal Projects/Projekt/Content/StarterContent/Maps/Minimal_Default.umap" TEMPLATE=0 SHOWPROGRESS=1 FEATURELEVEL=3
[2020.05.08-21.18.03:040][  0]LightingResults: New page: Lighting Build
[2020.05.08-21.18.03:042][  0]MapCheck: New page: Map Check
[2020.05.08-21.18.03:042][  0]LightingResults: New page: Lighting Build
[2020.05.08-21.18.03:316][  0]LogAIModule: Creating AISystem for world Minimal_Default
[2020.05.08-21.18.03:322][  0]LogEditorServer: Finished looking for orphan Actors (0.000 secs)
[2020.05.08-21.18.03:343][  0]Cmd: MAP CHECKDEP NOCLEARLOG
[2020.05.08-21.18.03:401][  0]MapCheck: Map check complete: 0 Error(s), 0 Warning(s), took 58,147ms to complete.
[2020.05.08-21.18.03:401][  0]LogFileHelpers: Loading map 'Minimal_Default' took 0.361
[2020.05.08-21.18.03:510][  0]LogSlate: Updating window title bar state: overlay mode, drag disabled, window buttons hidden, title bar hidden
[2020.05.08-21.18.03:517][  0]LogSlate: Updating window title bar state: overlay mode, drag disabled, window buttons hidden, title bar hidden
[2020.05.08-21.18.03:523][  0]LogSlate: Updating window title bar state: overlay mode, drag disabled, window buttons hidden, title bar hidden
[2020.05.08-21.18.03:530][  0]LogSlate: Updating window title bar state: overlay mode, drag disabled, window buttons hidden, title bar hidden
[2020.05.08-21.18.03:534][  0]LogCollectionManager: Loaded 0 collections in 0.000878 seconds
[2020.05.08-21.18.03:572][  0]LogFileCache: Scanning file cache for directory 'C:/Users/admin/Documents/Unreal Projects/Projekt/Saved/Collections/' took 0.01s
[2020.05.08-21.18.03:572][  0]LogFileCache: Scanning file cache for directory 'C:/Users/admin/Documents/Unreal Projects/Projekt/Content/Developers/Jule/Collections/' took 0.01s
[2020.05.08-21.18.03:572][  0]LogFileCache: Scanning file cache for directory 'C:/Users/admin/Documents/Unreal Projects/Projekt/Content/Collections/' took 0.01s
[2020.05.08-21.18.03:572][  0]LogCollectionManager: Rebuilt the GUID cache for 0 collections in 0.000000 seconds
[2020.05.08-21.18.03:579][  0]LogContentBrowser: Native class hierarchy populated in 0.0075 seconds. Added 2572 classes and 603 folders.
[2020.05.08-21.18.03:583][  0]LogContentBrowser: Native class hierarchy updated for 'WidgetCarousel' in 0.0002 seconds. Added 0 classes and 0 folders.
[2020.05.08-21.18.03:614][  0]LogContentBrowser: Native class hierarchy updated for 'AddContentDialog' in 0.0002 seconds. Added 0 classes and 0 folders.
[2020.05.08-21.18.03:617][  0]LogContentBrowser: Native class hierarchy updated for 'SceneOutliner' in 0.0002 seconds. Added 1 classes and 2 folders.
[2020.05.08-21.18.03:655][  0]LogContentBrowser: Native class hierarchy updated for 'HierarchicalLODOutliner' in 0.0002 seconds. Added 0 classes and 0 folders.
[2020.05.08-21.18.03:656][  0]LogLoad: (Engine Initialization) Total time: 6.41 seconds
[2020.05.08-21.18.03:656][  0]LogLoad: (Engine Initialization) Total Blueprint compile time: 0.00 seconds
[2020.05.08-21.18.03:685][  0]LogAssetRegistry: Asset discovery search completed in 3.5849 seconds
[2020.05.08-21.18.03:686][  0]LogCollectionManager: Rebuilt the object cache for 0 collections in 0.000000 seconds (found 0 objects)
[2020.05.08-21.18.03:686][  0]LogCollectionManager: Fixed up redirectors for 0 collections in 0.000041 seconds (updated 0 objects)
[2020.05.08-21.18.03:687][  0]LogContentStreaming: Texture pool size now 1000 MB
[2020.05.08-21.18.03:694][  0]LogSlate: Took 0.000184 seconds to synchronously load lazily loaded font '../../../Engine/Content/Slate/Fonts/Roboto-Regular.ttf' (155K)
[2020.05.08-21.18.03:695][  0]LogSlate: Took 0.000113 seconds to synchronously load lazily loaded font '../../../Engine/Content/Slate/Fonts/Roboto-Bold.ttf' (160K)
[2020.05.08-21.18.03:698][  0]LogSlate: Took 0.000134 seconds to synchronously load lazily loaded font '../../../Engine/Content/Editor/Slate/Fonts/FontAwesome.ttf' (139K)
[2020.05.08-21.18.03:801][  2]LogRenderer: Reallocating scene render targets to support 804x360 Format 10 NumSamples 1 (Frame:1).
[2020.05.08-21.18.41:574][419]LogSlate: FSceneViewport::OnFocusLost() reason 2
[2020.05.08-21.18.43:510][650]LogSlate: FSceneViewport::OnFocusLost() reason 2
[2020.05.08-21.18.45:056][650]LogSlate: Window 'New Level' being destroyed
[2020.05.08-21.18.45:719][728]LogSlate: FSceneViewport::OnFocusLost() reason 2
[2020.05.08-21.18.45:946][754]LogSlate: FSceneViewport::OnFocusLost() reason 2
[2020.05.08-21.18.46:694][842]LogSlate: FSceneViewport::OnFocusLost() reason 2
[2020.05.08-21.18.51:136][369]LogSlate: FSceneViewport::OnFocusLost() reason 2
[2020.05.08-21.18.51:149][369]LogSlate: Took 0.000149 seconds to synchronously load lazily loaded font '../../../Engine/Content/Slate/Fonts/Roboto-Light.ttf' (167K)
[2020.05.08-21.18.54:149][726]Cmd: MAP LOAD FILE="C:/Users/admin/Documents/Unreal Projects/Projekt/Content/Zadanie01JuliaŚpiewak.umap" TEMPLATE=0 SHOWPROGRESS=1 FEATURELEVEL=3
[2020.05.08-21.18.54:156][726]LogSlate: Took 0.000147 seconds to synchronously load lazily loaded font '../../../Engine/Content/Slate/Fonts/Roboto-Light.ttf' (167K)
[2020.05.08-21.18.54:166][726]LightingResults: New page: Lighting Build
[2020.05.08-21.18.54:166][726]LoadErrors: New page: Loading map: Zadanie01JuliaŚpiewak.umap
[2020.05.08-21.18.54:167][726]MapCheck: New page: Map Check
[2020.05.08-21.18.54:167][726]LightingResults: New page: Lighting Build
[2020.05.08-21.18.54:212][726]LogAIModule: Creating AISystem for world Zadanie01JuliaŚpiewak
[2020.05.08-21.18.54:218][726]LogEditorServer: Finished looking for orphan Actors (0.000 secs)
[2020.05.08-21.18.54:251][726]Cmd: MAP CHECKDEP NOCLEARLOG
[2020.05.08-21.18.54:311][726]MapCheck: Map check complete: 0 Error(s), 0 Warning(s), took 60,035ms to complete.
[2020.05.08-21.18.54:311][726]LogFileHelpers: Loading map 'Zadanie01JuliaŚpiewak' took 0.163
[2020.05.08-21.18.54:312][726]LogSlate: Window 'Open Level' being destroyed
[2020.05.08-21.18.56:752][ 13]LogSlate: FSceneViewport::OnFocusLost() reason 2
[2020.05.08-21.18.57:317][ 80]LogSlate: FSceneViewport::OnFocusLost() reason 2
[2020.05.08-21.19.02:136][ 80]LogSlate: Window 'New Level' being destroyed
[2020.05.08-21.19.02:140][ 80]Cmd: MAP LOAD FILE="../../../Engine/Content/Maps/Templates/Template_Default.umap" TEMPLATE=1 SHOWPROGRESS=1 FEATURELEVEL=3
[2020.05.08-21.19.02:148][ 80]LogSlate: FSceneViewport::OnFocusLost() reason 2
[2020.05.08-21.19.02:154][ 80]LightingResults: New page: Lighting Build
[2020.05.08-21.19.02:155][ 80]LoadErrors: New page: Loading map: Template_Default.umap
[2020.05.08-21.19.02:155][ 80]MapCheck: New page: Map Check
[2020.05.08-21.19.02:155][ 80]LightingResults: New page: Lighting Build
[2020.05.08-21.19.02:191][ 80]LogAIModule: Creating AISystem for world Untitled_1
[2020.05.08-21.19.02:197][ 80]LogEditorServer: Finished looking for orphan Actors (0.000 secs)
[2020.05.08-21.19.02:225][ 80]Cmd: MAP CHECKDEP NOCLEARLOG
[2020.05.08-21.19.02:284][ 80]MapCheck: Map check complete: 0 Error(s), 0 Warning(s), took 58,79ms to complete.
[2020.05.08-21.19.02:284][ 80]LogFileHelpers: Loading map 'Template_Default' took 0.144
[2020.05.08-21.19.05:362][447]LogSlate: FSceneViewport::OnFocusLost() reason 0
[2020.05.08-21.19.05:429][455]LogTemp: Repeating last play command: Selected Viewport
[2020.05.08-21.19.05:503][455]LogPlayLevel: PlayLevel: No blueprints needed recompiling
[2020.05.08-21.19.05:579][455]PIE: New page: PIE session: Untitled_1 (9 maj 2020, 01:19:05)
[2020.05.08-21.19.05:579][455]LogPlayLevel: Creating play world package: /Temp/UEDPIE_0_Untitled_1
[2020.05.08-21.19.05:590][455]LogPlayLevel: PIE: StaticDuplicateObject took: (0.011887s)
[2020.05.08-21.19.05:591][455]LogAIModule: Creating AISystem for world Untitled_1
[2020.05.08-21.19.05:601][455]LogPlayLevel: PIE: World Init took: (0.010600s)
[2020.05.08-21.19.05:602][455]LogPlayLevel: PIE: Created PIE world by copying editor world from /Temp/Untitled_1.Untitled_1 to /Temp/UEDPIE_0_Untitled_1.Untitled_1 (0.022663s)
[2020.05.08-21.19.05:788][455]LogInit: XAudio2 using 'Krekek (Razer Kraken 7.1 V2)' : 2 channels at 48 kHz using 16 bits per sample (channel mask 0x3)
[2020.05.08-21.19.05:836][455]LogInit: FAudioDevice initialized.
[2020.05.08-21.19.05:916][455]LogLoad: Game class is 'GameModeBase'
[2020.05.08-21.19.06:010][455]LogWorld: Bringing World /Temp/UEDPIE_0_Untitled_1.Untitled_1 up for play (max tick rate 0) at 2020.05.08-23.19.06
[2020.05.08-21.19.06:024][455]LogWorld: Bringing up level for play took: 0.014863
[2020.05.08-21.19.06:199][455]LogContentBrowser: Native class hierarchy updated for 'MovieSceneCapture' in 0.0003 seconds. Added 10 classes and 0 folders.
[2020.05.08-21.19.06:257][455]PIE: Play in editor start time for /Temp/UEDPIE_0_Untitled_1 1,396
[2020.05.08-21.19.22:772][286]LogRenderer: Reallocating scene render targets to support 804x796 Format 10 NumSamples 1 (Frame:1832).
[2020.05.08-21.19.40:302][388]LogSlate: FSceneViewport::OnFocusLost() reason 2
[2020.05.08-21.19.55:814][180]LogSlate: FSceneViewport::OnFocusLost() reason 0
[2020.05.08-21.20.02:549][883]LogSlate: FSceneViewport::OnFocusLost() reason 0
[2020.05.08-21.20.21:482][ 59]LogSlate: FSceneViewport::OnFocusLost() reason 2
[2020.05.08-21.20.23:746][288]LogAssetEditorManager: Opening Asset editor for LevelScriptBlueprint /Temp/Untitled_1.Untitled_1:PersistentLevel.Untitled
[2020.05.08-21.20.24:802][288]LogContentBrowser: Native class hierarchy updated for 'BlueprintGraph' in 0.0005 seconds. Added 116 classes and 0 folders.
[2020.05.08-21.20.26:188][288]LogSlate: Took 0.017159 seconds to synchronously load lazily loaded font '../../../Engine/Content/Slate/Fonts/Roboto-BoldCondensed.ttf' (158K)
[2020.05.08-21.20.31:695][764]LogSlate: Window 'Tutorials' being destroyed
[2020.05.08-21.20.32:532][845]LogUObjectGlobals: Warning: Failed to find object 'Object None.GraphEditorPanel'
[2020.05.08-21.20.32:532][845]LogUObjectGlobals: Warning: Failed to find object 'Object None.GraphEditorPanel'
[2020.05.08-21.20.32:532][845]LogUObjectGlobals: Warning: Failed to find object 'Object None.GraphEditorPanel'
[2020.05.08-21.20.32:533][845]LogUObjectGlobals: Warning: Failed to find object 'Object None.GraphEditorPanel'
[2020.05.08-21.20.33:179][910]LogUObjectGlobals: Warning: Failed to find object 'Object None.MyBlueprintPanel'
[2020.05.08-21.20.33:180][910]LogUObjectGlobals: Warning: Failed to find object 'Object None.MyBlueprintPanel'
[2020.05.08-21.20.33:904][979]LogUObjectGlobals: Warning: Failed to find object 'Object None.GraphEditorPanel'
[2020.05.08-21.20.33:905][979]LogUObjectGlobals: Warning: Failed to find object 'Object None.GraphEditorPanel'
[2020.05.08-21.20.37:647][368]LogSlate: Window 'Tutorials' being destroyed
[2020.05.08-21.20.37:652][368]LogSlate: Window 'Tutorials' being destroyed
[2020.05.08-21.21.33:913][998]Cmd: TRANSACTION UNDO
[2020.05.08-21.21.33:913][998]LogEditorTransaction: Undo Comment Changed
[2020.05.08-21.21.34:160][ 18]Cmd: TRANSACTION UNDO
[2020.05.08-21.21.34:160][ 18]LogEditorTransaction: Undo Comment Changed
[2020.05.08-21.22.49:239][849]LogBlueprintUserMessages: Early EndPlayMap Detection: Level '/Temp/Untitled_1.Untitled_1:PersistentLevel' has LevelScriptBlueprint '/Temp/Untitled_1.Untitled_1:PersistentLevel.Untitled' with GeneratedClass '/Temp/Untitled_1.Untitled_C' with ClassGeneratedBy '/Temp/Untitled_1.Untitled_1:PersistentLevel.Untitled'
[2020.05.08-21.22.49:293][849]LogSlate: Updating window title bar state: overlay mode, drag disabled, window buttons hidden, title bar hidden
[2020.05.08-21.22.49:399][849]LogPlayLevel: Display: Shutting down PIE online subsystems
[2020.05.08-21.22.49:400][849]LogBlueprintUserMessages: Late EndPlayMap Detection: Level '/Temp/Untitled_1.Untitled_1:PersistentLevel' has LevelScriptBlueprint '/Temp/Untitled_1.Untitled_1:PersistentLevel.Untitled' with GeneratedClass '/Temp/Untitled_1.Untitled_C' with ClassGeneratedBy '/Temp/Untitled_1.Untitled_1:PersistentLevel.Untitled'
[2020.05.08-21.22.49:424][849]LogSlate: Updating window title bar state: overlay mode, drag disabled, window buttons hidden, title bar hidden
[2020.05.08-21.22.49:458][850]LogPlayLevel: Display: Destroying online subsystem :Context_1
[2020.05.08-21.22.58:927][855]LogEditorViewport: Clicking on Actor (LMB): BP_Sky_Sphere_C (Sky Sphere)
[2020.05.08-21.23.00:243][  8]Cmd: SELECT NONE
[2020.05.08-21.23.00:783][ 70]Cmd: SELECT NONE
[2020.05.08-21.23.01:710][181]LogSlate: FSceneViewport::OnFocusLost() reason 0
[2020.05.08-21.23.01:793][191]LogTemp: Repeating last play command: Selected Viewport
[2020.05.08-21.23.01:806][191]LogBlueprintUserMessages: Early PlayInEditor Detection: Level '/Temp/Untitled_1.Untitled_1:PersistentLevel' has LevelScriptBlueprint '/Temp/Untitled_1.Untitled_1:PersistentLevel.Untitled' with GeneratedClass '/Temp/Untitled_1.Untitled_C' with ClassGeneratedBy '/Temp/Untitled_1.Untitled_1:PersistentLevel.Untitled'
[2020.05.08-21.23.01:806][191]LogPlayLevel: PlayLevel: No blueprints needed recompiling
[2020.05.08-21.23.01:807][191]PIE: New page: PIE session: Untitled_1 (9 maj 2020, 01:23:01)
[2020.05.08-21.23.01:807][191]LogPlayLevel: Creating play world package: /Temp/UEDPIE_0_Untitled_1
[2020.05.08-21.23.01:808][191]LogPlayLevel: PIE: StaticDuplicateObject took: (0.001771s)
[2020.05.08-21.23.01:809][191]LogAIModule: Creating AISystem for world Untitled_1
[2020.05.08-21.23.01:809][191]LogPlayLevel: PIE: World Init took: (0.000848s)
[2020.05.08-21.23.01:809][191]LogPlayLevel: PIE: Created PIE world by copying editor world from /Temp/Untitled_1.Untitled_1 to /Temp/UEDPIE_0_Untitled_1.Untitled_1 (0.002719s)
[2020.05.08-21.23.01:957][191]LogInit: XAudio2 using 'Krekek (Razer Kraken 7.1 V2)' : 2 channels at 48 kHz using 16 bits per sample (channel mask 0x3)
[2020.05.08-21.23.02:002][191]LogInit: FAudioDevice initialized.
[2020.05.08-21.23.02:032][191]LogLoad: Game class is 'GameModeBase'
[2020.05.08-21.23.02:033][191]LogWorld: Bringing World /Temp/UEDPIE_0_Untitled_1.Untitled_1 up for play (max tick rate 0) at 2020.05.08-23.23.02
[2020.05.08-21.23.02:034][191]LogWorld: Bringing up level for play took: 0.000473
[2020.05.08-21.23.02:046][191]PIE: Play in editor start time for /Temp/UEDPIE_0_Untitled_1 1,184
[2020.05.08-21.23.02:046][191]LogBlueprintUserMessages: Late PlayInEditor Detection: Level '/Temp/Untitled_1.Untitled_1:PersistentLevel' has LevelScriptBlueprint '/Temp/Untitled_1.Untitled_1:PersistentLevel.Untitled' with GeneratedClass '/Temp/Untitled_1.Untitled_C' with ClassGeneratedBy '/Temp/Untitled_1.Untitled_1:PersistentLevel.Untitled'
[2020.05.08-21.23.02:819][283]LogBlueprintUserMessages: Early EndPlayMap Detection: Level '/Temp/Untitled_1.Untitled_1:PersistentLevel' has LevelScriptBlueprint '/Temp/Untitled_1.Untitled_1:PersistentLevel.Untitled' with GeneratedClass '/Temp/Untitled_1.Untitled_C' with ClassGeneratedBy '/Temp/Untitled_1.Untitled_1:PersistentLevel.Untitled'
[2020.05.08-21.23.02:819][283]LogSlate: Updating window title bar state: overlay mode, drag disabled, window buttons hidden, title bar hidden
[2020.05.08-21.23.02:849][283]LogPlayLevel: Display: Shutting down PIE online subsystems
[2020.05.08-21.23.02:850][283]LogBlueprintUserMessages: Late EndPlayMap Detection: Level '/Temp/Untitled_1.Untitled_1:PersistentLevel' has LevelScriptBlueprint '/Temp/Untitled_1.Untitled_1:PersistentLevel.Untitled' with GeneratedClass '/Temp/Untitled_1.Untitled_C' with ClassGeneratedBy '/Temp/Untitled_1.Untitled_1:PersistentLevel.Untitled'
[2020.05.08-21.23.02:874][283]LogSlate: Updating window title bar state: overlay mode, drag disabled, window buttons hidden, title bar hidden
[2020.05.08-21.23.02:919][288]LogPlayLevel: Display: Destroying online subsystem :Context_4
[2020.05.08-21.23.06:620][724]LogSlate: FSceneViewport::OnFocusLost() reason 0
[2020.05.08-21.23.08:893][936]LogTemp: Repeating last play command: Selected Viewport
[2020.05.08-21.23.08:902][936]LogBlueprintUserMessages: Early PlayInEditor Detection: Level '/Temp/Untitled_1.Untitled_1:PersistentLevel' has LevelScriptBlueprint '/Temp/Untitled_1.Untitled_1:PersistentLevel.Untitled' with GeneratedClass '/Temp/Untitled_1.Untitled_C' with ClassGeneratedBy '/Temp/Untitled_1.Untitled_1:PersistentLevel.Untitled'
[2020.05.08-21.23.08:902][936]LogPlayLevel: PlayLevel: No blueprints needed recompiling
[2020.05.08-21.23.08:902][936]PIE: New page: PIE session: Untitled_1 (9 maj 2020, 01:23:08)
[2020.05.08-21.23.08:902][936]LogPlayLevel: Creating play world package: /Temp/UEDPIE_0_Untitled_1
[2020.05.08-21.23.08:904][936]LogPlayLevel: PIE: StaticDuplicateObject took: (0.001560s)
[2020.05.08-21.23.08:905][936]LogAIModule: Creating AISystem for world Untitled_1
[2020.05.08-21.23.08:905][936]LogPlayLevel: PIE: World Init took: (0.000551s)
[2020.05.08-21.23.08:905][936]LogPlayLevel: PIE: Created PIE world by copying editor world from /Temp/Untitled_1.Untitled_1 to /Temp/UEDPIE_0_Untitled_1.Untitled_1 (0.002203s)
[2020.05.08-21.23.09:050][936]LogInit: XAudio2 using 'Krekek (Razer Kraken 7.1 V2)' : 2 channels at 48 kHz using 16 bits per sample (channel mask 0x3)
[2020.05.08-21.23.09:096][936]LogInit: FAudioDevice initialized.
[2020.05.08-21.23.09:127][936]LogLoad: Game class is 'GameModeBase'
[2020.05.08-21.23.09:129][936]LogWorld: Bringing World /Temp/UEDPIE_0_Untitled_1.Untitled_1 up for play (max tick rate 0) at 2020.05.08-23.23.09
[2020.05.08-21.23.09:129][936]LogWorld: Bringing up level for play took: 0.000700
[2020.05.08-21.23.09:142][936]PIE: Play in editor start time for /Temp/UEDPIE_0_Untitled_1 0,281
[2020.05.08-21.23.09:142][936]LogBlueprintUserMessages: Late PlayInEditor Detection: Level '/Temp/Untitled_1.Untitled_1:PersistentLevel' has LevelScriptBlueprint '/Temp/Untitled_1.Untitled_1:PersistentLevel.Untitled' with GeneratedClass '/Temp/Untitled_1.Untitled_C' with ClassGeneratedBy '/Temp/Untitled_1.Untitled_1:PersistentLevel.Untitled'
[2020.05.08-21.23.10:367][ 81]LogSlate: FSceneViewport::OnFocusLost() reason 0
[2020.05.08-21.23.10:450][ 91]LogBlueprintUserMessages: Early EndPlayMap Detection: Level '/Temp/Untitled_1.Untitled_1:PersistentLevel' has LevelScriptBlueprint '/Temp/Untitled_1.Untitled_1:PersistentLevel.Untitled' with GeneratedClass '/Temp/Untitled_1.Untitled_C' with ClassGeneratedBy '/Temp/Untitled_1.Untitled_1:PersistentLevel.Untitled'
[2020.05.08-21.23.10:450][ 91]LogSlate: Updating window title bar state: overlay mode, drag disabled, window buttons hidden, title bar hidden
[2020.05.08-21.23.10:481][ 91]LogPlayLevel: Display: Shutting down PIE online subsystems
[2020.05.08-21.23.10:481][ 91]LogBlueprintUserMessages: Late EndPlayMap Detection: Level '/Temp/Untitled_1.Untitled_1:PersistentLevel' has LevelScriptBlueprint '/Temp/Untitled_1.Untitled_1:PersistentLevel.Untitled' with GeneratedClass '/Temp/Untitled_1.Untitled_C' with ClassGeneratedBy '/Temp/Untitled_1.Untitled_1:PersistentLevel.Untitled'
[2020.05.08-21.23.10:506][ 91]LogSlate: Updating window title bar state: overlay mode, drag disabled, window buttons hidden, title bar hidden
[2020.05.08-21.23.10:552][ 96]LogPlayLevel: Display: Destroying online subsystem :Context_5
[2020.05.08-21.24.04:143][472]LogTemp: Repeating last play command: Selected Viewport
[2020.05.08-21.24.04:154][472]LogBlueprintUserMessages: Early PlayInEditor Detection: Level '/Temp/Untitled_1.Untitled_1:PersistentLevel' has LevelScriptBlueprint '/Temp/Untitled_1.Untitled_1:PersistentLevel.Untitled' with GeneratedClass '/Temp/Untitled_1.Untitled_C' with ClassGeneratedBy '/Temp/Untitled_1.Untitled_1:PersistentLevel.Untitled'
[2020.05.08-21.24.04:154][472]BlueprintLog: New page: Pre-Play auto-recompile
[2020.05.08-21.24.04:155][472]LogPlayLevel: [PlayLevel] Compiling Untitled before play...
[2020.05.08-21.24.04:184][472]LogPlayLevel: PlayLevel: Blueprint regeneration took 29 ms (1 blueprints)
[2020.05.08-21.24.04:184][472]PIE: New page: PIE session: Untitled_1 (9 maj 2020, 01:24:04)
[2020.05.08-21.24.04:184][472]LogPlayLevel: Creating play world package: /Temp/UEDPIE_0_Untitled_1
[2020.05.08-21.24.04:186][472]LogPlayLevel: PIE: StaticDuplicateObject took: (0.001708s)
[2020.05.08-21.24.04:186][472]LogAIModule: Creating AISystem for world Untitled_1
[2020.05.08-21.24.04:186][472]LogPlayLevel: PIE: World Init took: (0.000627s)
[2020.05.08-21.24.04:186][472]LogPlayLevel: PIE: Created PIE world by copying editor world from /Temp/Untitled_1.Untitled_1 to /Temp/UEDPIE_0_Untitled_1.Untitled_1 (0.002440s)
[2020.05.08-21.24.04:330][472]LogInit: XAudio2 using 'Krekek (Razer Kraken 7.1 V2)' : 2 channels at 48 kHz using 16 bits per sample (channel mask 0x3)
[2020.05.08-21.24.04:376][472]LogInit: FAudioDevice initialized.
[2020.05.08-21.24.04:408][472]LogLoad: Game class is 'GameModeBase'
[2020.05.08-21.24.04:409][472]LogWorld: Bringing World /Temp/UEDPIE_0_Untitled_1.Untitled_1 up for play (max tick rate 0) at 2020.05.08-23.24.04
[2020.05.08-21.24.04:409][472]LogWorld: Bringing up level for play took: 0.000504
[2020.05.08-21.24.04:459][472]LogBlueprintUserMessages: [Untitled_C_0] Hello
[2020.05.08-21.24.04:463][472]PIE: Play in editor start time for /Temp/UEDPIE_0_Untitled_1 -0,398
[2020.05.08-21.24.04:463][472]LogBlueprintUserMessages: Late PlayInEditor Detection: Level '/Temp/Untitled_1.Untitled_1:PersistentLevel' has LevelScriptBlueprint '/Temp/Untitled_1.Untitled_1:PersistentLevel.Untitled' with GeneratedClass '/Temp/Untitled_1.Untitled_C' with ClassGeneratedBy '/Temp/Untitled_1.Untitled_1:PersistentLevel.Untitled'
[2020.05.08-21.24.06:419][705]LogSlate: FSceneViewport::OnFocusLost() reason 0
[2020.05.08-21.24.06:484][713]LogBlueprintUserMessages: Early EndPlayMap Detection: Level '/Temp/Untitled_1.Untitled_1:PersistentLevel' has LevelScriptBlueprint '/Temp/Untitled_1.Untitled_1:PersistentLevel.Untitled' with GeneratedClass '/Temp/Untitled_1.Untitled_C' with ClassGeneratedBy '/Temp/Untitled_1.Untitled_1:PersistentLevel.Untitled'
[2020.05.08-21.24.06:484][713]LogSlate: Updating window title bar state: overlay mode, drag disabled, window buttons hidden, title bar hidden
[2020.05.08-21.24.06:515][713]LogPlayLevel: Display: Shutting down PIE online subsystems
[2020.05.08-21.24.06:516][713]LogBlueprintUserMessages: Late EndPlayMap Detection: Level '/Temp/Untitled_1.Untitled_1:PersistentLevel' has LevelScriptBlueprint '/Temp/Untitled_1.Untitled_1:PersistentLevel.Untitled' with GeneratedClass '/Temp/Untitled_1.Untitled_C' with ClassGeneratedBy '/Temp/Untitled_1.Untitled_1:PersistentLevel.Untitled'
[2020.05.08-21.24.06:540][713]LogSlate: Updating window title bar state: overlay mode, drag disabled, window buttons hidden, title bar hidden
[2020.05.08-21.24.06:584][717]LogPlayLevel: Display: Destroying online subsystem :Context_6
[2020.05.08-21.24.07:037][771]LogEditorViewport: Clicking on Actor (LMB): BP_Sky_Sphere_C (Sky Sphere)
[2020.05.08-21.24.08:752][935]LogSlate: FSceneViewport::OnFocusLost() reason 0
[2020.05.08-21.24.08:835][945]LogTemp: Repeating last play command: Selected Viewport
[2020.05.08-21.24.08:842][945]LogBlueprintUserMessages: Early PlayInEditor Detection: Level '/Temp/Untitled_1.Untitled_1:PersistentLevel' has LevelScriptBlueprint '/Temp/Untitled_1.Untitled_1:PersistentLevel.Untitled' with GeneratedClass '/Temp/Untitled_1.Untitled_C' with ClassGeneratedBy '/Temp/Untitled_1.Untitled_1:PersistentLevel.Untitled'
[2020.05.08-21.24.08:842][945]LogPlayLevel: PlayLevel: No blueprints needed recompiling
[2020.05.08-21.24.08:842][945]PIE: New page: PIE session: Untitled_1 (9 maj 2020, 01:24:08)
[2020.05.08-21.24.08:842][945]LogPlayLevel: Creating play world package: /Temp/UEDPIE_0_Untitled_1
[2020.05.08-21.24.08:844][945]LogPlayLevel: PIE: StaticDuplicateObject took: (0.001637s)
[2020.05.08-21.24.08:845][945]LogAIModule: Creating AISystem for world Untitled_1
[2020.05.08-21.24.08:845][945]LogPlayLevel: PIE: World Init took: (0.000570s)
[2020.05.08-21.24.08:845][945]LogPlayLevel: PIE: Created PIE world by copying editor world from /Temp/Untitled_1.Untitled_1 to /Temp/UEDPIE_0_Untitled_1.Untitled_1 (0.002302s)
[2020.05.08-21.24.08:990][945]LogInit: XAudio2 using 'Krekek (Razer Kraken 7.1 V2)' : 2 channels at 48 kHz using 16 bits per sample (channel mask 0x3)
[2020.05.08-21.24.09:035][945]LogInit: FAudioDevice initialized.
[2020.05.08-21.24.09:069][945]LogLoad: Game class is 'GameModeBase'
[2020.05.08-21.24.09:070][945]LogWorld: Bringing World /Temp/UEDPIE_0_Untitled_1.Untitled_1 up for play (max tick rate 0) at 2020.05.08-23.24.09
[2020.05.08-21.24.09:070][945]LogWorld: Bringing up level for play took: 0.000567
[2020.05.08-21.24.09:083][945]LogBlueprintUserMessages: [Untitled_C_0] Hello
[2020.05.08-21.24.09:083][945]PIE: Play in editor start time for /Temp/UEDPIE_0_Untitled_1 0,222
[2020.05.08-21.24.09:083][945]LogBlueprintUserMessages: Late PlayInEditor Detection: Level '/Temp/Untitled_1.Untitled_1:PersistentLevel' has LevelScriptBlueprint '/Temp/Untitled_1.Untitled_1:PersistentLevel.Untitled' with GeneratedClass '/Temp/Untitled_1.Untitled_C' with ClassGeneratedBy '/Temp/Untitled_1.Untitled_1:PersistentLevel.Untitled'
[2020.05.08-21.24.12:306][243]LogSlate: FSceneViewport::OnFocusLost() reason 0
[2020.05.08-21.24.12:364][250]LogBlueprintUserMessages: Early EndPlayMap Detection: Level '/Temp/Untitled_1.Untitled_1:PersistentLevel' has LevelScriptBlueprint '/Temp/Untitled_1.Untitled_1:PersistentLevel.Untitled' with GeneratedClass '/Temp/Untitled_1.Untitled_C' with ClassGeneratedBy '/Temp/Untitled_1.Untitled_1:PersistentLevel.Untitled'
[2020.05.08-21.24.12:364][250]LogSlate: Updating window title bar state: overlay mode, drag disabled, window buttons hidden, title bar hidden
[2020.05.08-21.24.12:401][250]LogPlayLevel: Display: Shutting down PIE online subsystems
[2020.05.08-21.24.12:401][250]LogBlueprintUserMessages: Late EndPlayMap Detection: Level '/Temp/Untitled_1.Untitled_1:PersistentLevel' has LevelScriptBlueprint '/Temp/Untitled_1.Untitled_1:PersistentLevel.Untitled' with GeneratedClass '/Temp/Untitled_1.Untitled_C' with ClassGeneratedBy '/Temp/Untitled_1.Untitled_1:PersistentLevel.Untitled'
[2020.05.08-21.24.12:427][250]LogSlate: Updating window title bar state: overlay mode, drag disabled, window buttons hidden, title bar hidden
[2020.05.08-21.24.12:470][254]LogPlayLevel: Display: Destroying online subsystem :Context_7
[2020.05.08-21.25.07:111][464]LogTemp: Repeating last play command: Selected Viewport
[2020.05.08-21.25.07:118][464]LogBlueprintUserMessages: Early PlayInEditor Detection: Level '/Temp/Untitled_1.Untitled_1:PersistentLevel' has LevelScriptBlueprint '/Temp/Untitled_1.Untitled_1:PersistentLevel.Untitled' with GeneratedClass '/Temp/Untitled_1.Untitled_C' with ClassGeneratedBy '/Temp/Untitled_1.Untitled_1:PersistentLevel.Untitled'
[2020.05.08-21.25.07:118][464]BlueprintLog: New page: Pre-Play auto-recompile
[2020.05.08-21.25.07:119][464]LogPlayLevel: [PlayLevel] Compiling Untitled before play...
[2020.05.08-21.25.07:222][464]LogPlayLevel: PlayLevel: Blueprint regeneration took 104 ms (1 blueprints)
[2020.05.08-21.25.07:222][464]PIE: New page: PIE session: Untitled_1 (9 maj 2020, 01:25:07)
[2020.05.08-21.25.07:222][464]LogPlayLevel: Creating play world package: /Temp/UEDPIE_0_Untitled_1
[2020.05.08-21.25.07:224][464]LogPlayLevel: PIE: StaticDuplicateObject took: (0.001698s)
[2020.05.08-21.25.07:224][464]LogAIModule: Creating AISystem for world Untitled_1
[2020.05.08-21.25.07:225][464]LogPlayLevel: PIE: World Init took: (0.000610s)
[2020.05.08-21.25.07:225][464]LogPlayLevel: PIE: Created PIE world by copying editor world from /Temp/Untitled_1.Untitled_1 to /Temp/UEDPIE_0_Untitled_1.Untitled_1 (0.002399s)
[2020.05.08-21.25.07:369][464]LogInit: XAudio2 using 'Krekek (Razer Kraken 7.1 V2)' : 2 channels at 48 kHz using 16 bits per sample (channel mask 0x3)
[2020.05.08-21.25.07:416][464]LogInit: FAudioDevice initialized.
[2020.05.08-21.25.07:453][464]LogLoad: Game class is 'GameModeBase'
[2020.05.08-21.25.07:454][464]LogWorld: Bringing World /Temp/UEDPIE_0_Untitled_1.Untitled_1 up for play (max tick rate 0) at 2020.05.08-23.25.07
[2020.05.08-21.25.07:454][464]LogWorld: Bringing up level for play took: 0.000501
[2020.05.08-21.25.07:467][464]LogBlueprintUserMessages: [Untitled_C_1] Hello
[2020.05.08-21.25.07:467][464]PIE: Play in editor start time for /Temp/UEDPIE_0_Untitled_1 0,605
[2020.05.08-21.25.07:467][464]LogBlueprintUserMessages: Late PlayInEditor Detection: Level '/Temp/Untitled_1.Untitled_1:PersistentLevel' has LevelScriptBlueprint '/Temp/Untitled_1.Untitled_1:PersistentLevel.Untitled' with GeneratedClass '/Temp/Untitled_1.Untitled_C' with ClassGeneratedBy '/Temp/Untitled_1.Untitled_1:PersistentLevel.Untitled'
[2020.05.08-21.25.09:858][749]LogSlate: FSceneViewport::OnFocusLost() reason 0
[2020.05.08-21.25.12:734][ 86]LogBlueprintUserMessages: Early EndPlayMap Detection: Level '/Temp/Untitled_1.Untitled_1:PersistentLevel' has LevelScriptBlueprint '/Temp/Untitled_1.Untitled_1:PersistentLevel.Untitled' with GeneratedClass '/Temp/Untitled_1.Untitled_C' with ClassGeneratedBy '/Temp/Untitled_1.Untitled_1:PersistentLevel.Untitled'
[2020.05.08-21.25.12:734][ 86]LogSlate: Updating window title bar state: overlay mode, drag disabled, window buttons hidden, title bar hidden
[2020.05.08-21.25.12:767][ 86]LogPlayLevel: Display: Shutting down PIE online subsystems
[2020.05.08-21.25.12:768][ 86]LogBlueprintUserMessages: Late EndPlayMap Detection: Level '/Temp/Untitled_1.Untitled_1:PersistentLevel' has LevelScriptBlueprint '/Temp/Untitled_1.Untitled_1:PersistentLevel.Untitled' with GeneratedClass '/Temp/Untitled_1.Untitled_C' with ClassGeneratedBy '/Temp/Untitled_1.Untitled_1:PersistentLevel.Untitled'
[2020.05.08-21.25.12:793][ 86]LogSlate: Updating window title bar state: overlay mode, drag disabled, window buttons hidden, title bar hidden
[2020.05.08-21.25.12:835][ 90]LogPlayLevel: Display: Destroying online subsystem :Context_8
[2020.05.08-21.25.27:422][655]LogEditorTransaction: Undo Move Node
[2020.05.08-21.25.28:111][732]LogEditorTransaction: Undo Create Reroute Node
[2020.05.08-21.26.55:577][357]LogSlate: Window 'Save Level As' being destroyed
[2020.05.08-21.26.55:785][357]Cmd: OBJ SAVEPACKAGE PACKAGE="/Game/Zadanie02" FILE="C:/Users/admin/Documents/Unreal Projects/Projekt/Content/Zadanie02.umap" SILENT=true AUTOSAVING=false KEEPDIRTY=false
[2020.05.08-21.26.55:936][357]LogSavePackage: Moving 'C:/Users/admin/Documents/Unreal Projects/Projekt/Saved/Zadanie02E7602FC74F3C28F97E99C2B876CD1133.tmp' to 'C:/Users/admin/Documents/Unreal Projects/Projekt/Content/Zadanie02.umap'
[2020.05.08-21.26.55:966][357]Cmd: OBJ SAVEPACKAGE PACKAGE="/Game/Zadanie02_BuiltData" FILE="C:/Users/admin/Documents/Unreal Projects/Projekt/Content/Zadanie02_BuiltData.uasset" SILENT=true
[2020.05.08-21.26.55:976][357]LogSavePackage: Moving 'C:/Users/admin/Documents/Unreal Projects/Projekt/Saved/Zadanie02_BuiltData22BD2247462CC5B9EE4DC5976F6BEA3F.tmp' to 'C:/Users/admin/Documents/Unreal Projects/Projekt/Content/Zadanie02_BuiltData.uasset'
[2020.05.08-21.26.55:982][357]LogFileHelpers: Saving map 'Zadanie02' took 0.398
[2020.05.08-21.26.55:983][357]Cmd: MAP LOAD FILE="C:/Users/admin/Documents/Unreal Projects/Projekt/Content/Zadanie02.umap" TEMPLATE=0 SHOWPROGRESS=1 FEATURELEVEL=3
[2020.05.08-21.26.55:992][357]LightingResults: New page: Lighting Build
[2020.05.08-21.26.55:993][357]LoadErrors: New page: Loading map: Zadanie02.umap
[2020.05.08-21.26.55:994][357]LogSlate: Window 'Zadanie02 - Level Blueprint Editor' being destroyed
[2020.05.08-21.26.56:067][357]MapCheck: New page: Map Check
[2020.05.08-21.26.56:067][357]LightingResults: New page: Lighting Build
[2020.05.08-21.26.56:110][357]LogAIModule: Creating AISystem for world Zadanie02
[2020.05.08-21.26.56:115][357]LogEditorServer: Finished looking for orphan Actors (0.000 secs)
[2020.05.08-21.26.56:152][357]Cmd: MAP CHECKDEP NOCLEARLOG
[2020.05.08-21.26.56:225][357]MapCheck: Map check complete: 0 Error(s), 0 Warning(s), took 72,943ms to complete.
[2020.05.08-21.26.56:225][357]LogFileHelpers: Loading map 'Zadanie02' took 0.243
[2020.05.08-21.27.01:527][979]LogAssetEditorManager: Opening Asset editor for LevelScriptBlueprint /Game/Zadanie02.Zadanie02:PersistentLevel.Zadanie02
[2020.05.08-21.27.17:342][808]LogSlate: Window 'Color Picker' being destroyed
[2020.05.08-21.28.15:715][555]LogTemp: Repeating last play command: Selected Viewport
[2020.05.08-21.28.15:724][555]LogBlueprintUserMessages: Early PlayInEditor Detection: Level '/Game/Zadanie02.Zadanie02:PersistentLevel' has LevelScriptBlueprint '/Game/Zadanie02.Zadanie02:PersistentLevel.Zadanie02' with GeneratedClass '/Game/Zadanie02.Zadanie02_C' with ClassGeneratedBy '/Game/Zadanie02.Zadanie02:PersistentLevel.Zadanie02'
[2020.05.08-21.28.15:724][555]BlueprintLog: New page: Pre-Play auto-recompile
[2020.05.08-21.28.15:726][555]LogPlayLevel: [PlayLevel] Compiling Zadanie02 before play...
[2020.05.08-21.28.15:829][555]LogPlayLevel: PlayLevel: Blueprint regeneration took 105 ms (1 blueprints)
[2020.05.08-21.28.15:829][555]PIE: New page: PIE session: Zadanie02 (9 maj 2020, 01:28:15)
[2020.05.08-21.28.15:830][555]LogPlayLevel: Creating play world package: /Game/UEDPIE_0_Zadanie02
[2020.05.08-21.28.15:832][555]LogPlayLevel: PIE: StaticDuplicateObject took: (0.002054s)
[2020.05.08-21.28.15:833][555]LogAIModule: Creating AISystem for world Zadanie02
[2020.05.08-21.28.15:833][555]LogPlayLevel: PIE: World Init took: (0.000716s)
[2020.05.08-21.28.15:833][555]LogPlayLevel: PIE: Created PIE world by copying editor world from /Game/Zadanie02.Zadanie02 to /Game/UEDPIE_0_Zadanie02.Zadanie02 (0.002900s)
[2020.05.08-21.28.15:979][555]LogInit: XAudio2 using 'Krekek (Razer Kraken 7.1 V2)' : 2 channels at 48 kHz using 16 bits per sample (channel mask 0x3)
[2020.05.08-21.28.16:025][555]LogInit: FAudioDevice initialized.
[2020.05.08-21.28.16:058][555]LogLoad: Game class is 'GameModeBase'
[2020.05.08-21.28.16:060][555]LogWorld: Bringing World /Game/UEDPIE_0_Zadanie02.Zadanie02 up for play (max tick rate 0) at 2020.05.08-23.28.16
[2020.05.08-21.28.16:060][555]LogWorld: Bringing up level for play took: 0.000692
[2020.05.08-21.28.16:105][555]PIE: Play in editor start time for /Game/UEDPIE_0_Zadanie02 1,244
[2020.05.08-21.28.16:105][555]LogBlueprintUserMessages: Late PlayInEditor Detection: Level '/Game/Zadanie02.Zadanie02:PersistentLevel' has LevelScriptBlueprint '/Game/Zadanie02.Zadanie02:PersistentLevel.Zadanie02' with GeneratedClass '/Game/Zadanie02.Zadanie02_C' with ClassGeneratedBy '/Game/Zadanie02.Zadanie02:PersistentLevel.Zadanie02'
[2020.05.08-21.28.19:141][698]LogBlueprintUserMessages: [Zadanie02_C_0] Hello
[2020.05.08-21.28.21:144][938]LogBlueprintUserMessages: [Zadanie02_C_0] Hello
[2020.05.08-21.28.52:266][482]Cmd: OBJ SAVEPACKAGE PACKAGE="/Game/Zadanie02" FILE="C:/Users/admin/Documents/Unreal Projects/Projekt/Content/Zadanie02.umap" SILENT=true AUTOSAVING=false KEEPDIRTY=false
[2020.05.08-21.28.52:398][482]LogSavePackage: Moving 'C:/Users/admin/Documents/Unreal Projects/Projekt/Saved/Zadanie028FF8ED054A8FA08E1F0DB8A0C2AFDC6A.tmp' to 'C:/Users/admin/Documents/Unreal Projects/Projekt/Content/Zadanie02.umap'
[2020.05.08-21.28.52:409][482]LogFileHelpers: Saving map 'Zadanie02' took 0.218
[2020.05.08-21.28.52:855][525]Cmd: OBJ SAVEPACKAGE PACKAGE="/Game/Zadanie02" FILE="C:/Users/admin/Documents/Unreal Projects/Projekt/Content/Zadanie02.umap" SILENT=true AUTOSAVING=false KEEPDIRTY=false
[2020.05.08-21.28.52:987][525]LogSavePackage: Moving 'C:/Users/admin/Documents/Unreal Projects/Projekt/Saved/Zadanie02CC8ED03E4E05D3C2AF982DA308E66DD6.tmp' to 'C:/Users/admin/Documents/Unreal Projects/Projekt/Content/Zadanie02.umap'
[2020.05.08-21.28.52:997][525]LogFileHelpers: Saving map 'Zadanie02' took 0.217
[2020.05.08-21.29.17:390][744]LogSlate: Window 'Zadanie02 - Level Blueprint Editor' being destroyed
[2020.05.08-21.29.17:395][744]LogSlate: Window 'Zadanie02 - Level Blueprint Editor' being destroyed
[2020.05.08-21.29.24:234][206]LogBlueprintUserMessages: Early EndPlayMap Detection: Level '/Game/Zadanie02.Zadanie02:PersistentLevel' has LevelScriptBlueprint '/Game/Zadanie02.Zadanie02:PersistentLevel.Zadanie02' with GeneratedClass '/Game/Zadanie02.Zadanie02_C' with ClassGeneratedBy '/Game/Zadanie02.Zadanie02:PersistentLevel.Zadanie02'
[2020.05.08-21.29.24:234][206]LogSlate: Updating window title bar state: overlay mode, drag disabled, window buttons hidden, title bar hidden
[2020.05.08-21.29.24:265][206]LogPlayLevel: Display: Shutting down PIE online subsystems
[2020.05.08-21.29.24:265][206]LogBlueprintUserMessages: Late EndPlayMap Detection: Level '/Game/Zadanie02.Zadanie02:PersistentLevel' has LevelScriptBlueprint '/Game/Zadanie02.Zadanie02:PersistentLevel.Zadanie02' with GeneratedClass '/Game/Zadanie02.Zadanie02_C' with ClassGeneratedBy '/Game/Zadanie02.Zadanie02:PersistentLevel.Zadanie02'
[2020.05.08-21.29.24:306][206]LogSlate: Updating window title bar state: overlay mode, drag disabled, window buttons hidden, title bar hidden
[2020.05.08-21.29.24:342][208]LogPlayLevel: Display: Destroying online subsystem :Context_10
[2020.05.08-21.29.24:926][278]LogSlate: FSceneViewport::OnFocusLost() reason 0
[2020.05.08-21.29.25:025][284]LogSlate: Window 'Projekt - Unreal Editor' being destroyed
[2020.05.08-21.29.25:184][285]Cmd: QUIT_EDITOR
[2020.05.08-21.29.26:078][285]LogWindowsTextInputMethodSystem: Display: IME system now deactivated.
[2020.05.08-21.29.26:085][285]LogExit: Preparing to exit.
[2020.05.08-21.29.26:962][285]LogExit: Editor shut down
[2020.05.08-21.29.26:962][285]LogExit: Transaction tracking system shut down
[2020.05.08-21.29.27:150][285]LogExit: Object subsystem successfully closed.
[2020.05.08-21.29.27:168][285]LogShaderCompilers: Display: Shaders left to compile 0
[2020.05.08-21.29.27:170][285]LogD3D11RHI: Shutdown
[2020.05.08-21.29.27:171][285]LogD3D11RHI: CleanupD3DDevice
[2020.05.08-21.29.27:172][285]LogD3D11RHI: ~FD3D11DynamicRHI
[2020.05.08-21.29.27:203][285]LogModuleManager: Shutting down and abandoning module BlueprintGraph (620)
[2020.05.08-21.29.27:203][285]LogModuleManager: Shutting down and abandoning module MovieSceneCapture (618)
[2020.05.08-21.29.27:203][285]LogModuleManager: Shutting down and abandoning module Voice (616)
[2020.05.08-21.29.27:203][285]LogModuleManager: Shutting down and abandoning module HierarchicalLODUtilities (614)
[2020.05.08-21.29.27:203][285]LogModuleManager: Shutting down and abandoning module NewLevelDialog (612)
[2020.05.08-21.29.27:203][285]LogModuleManager: Shutting down and abandoning module HierarchicalLODOutliner (610)
[2020.05.08-21.29.27:203][285]LogModuleManager: Shutting down and abandoning module SceneOutliner (608)
[2020.05.08-21.29.27:203][285]LogModuleManager: Shutting down and abandoning module AddContentDialog (606)
[2020.05.08-21.29.27:204][285]LogModuleManager: Shutting down and abandoning module WidgetCarousel (605)
[2020.05.08-21.29.27:204][285]LogModuleManager: Shutting down and abandoning module EditorWidgets (602)
[2020.05.08-21.29.27:204][285]LogModuleManager: Shutting down and abandoning module CollectionManager (600)
[2020.05.08-21.29.27:204][285]LogModuleManager: Shutting down and abandoning module StatsViewer (598)
[2020.05.08-21.29.27:204][285]LogModuleManager: Shutting down and abandoning module FoliageEdit (596)
[2020.05.08-21.29.27:204][285]LogModuleManager: Shutting down and abandoning module LandscapeEditor (594)
[2020.05.08-21.29.27:204][285]LogModuleManager: Shutting down and abandoning module MeshPaintMode (592)
[2020.05.08-21.29.27:204][285]LogModuleManager: Shutting down and abandoning module SceneDepthPickerMode (590)
[2020.05.08-21.29.27:204][285]LogModuleManager: Shutting down and abandoning module ActorPickerMode (588)
[2020.05.08-21.29.27:204][285]LogModuleManager: Shutting down and abandoning module GeometryMode (586)
[2020.05.08-21.29.27:204][285]LogModuleManager: Shutting down and abandoning module TextureAlignMode (584)
[2020.05.08-21.29.27:204][285]LogModuleManager: Shutting down and abandoning module BspMode (582)
[2020.05.08-21.29.27:204][285]LogModuleManager: Shutting down and abandoning module PIEPreviewDeviceProfileSelector (580)
[2020.05.08-21.29.27:204][285]LogModuleManager: Shutting down and abandoning module SequenceRecorderSections (578)
[2020.05.08-21.29.27:204][285]LogModuleManager: Shutting down and abandoning module AutomationWorker (576)
[2020.05.08-21.29.27:204][285]LogModuleManager: Shutting down and abandoning module AudioCaptureEditor (574)
[2020.05.08-21.29.27:204][285]LogModuleManager: Shutting down and abandoning module SequenceRecorder (573)
[2020.05.08-21.29.27:204][285]LogModuleManager: Shutting down and abandoning module MatineeToLevelSequence (570)
[2020.05.08-21.29.27:204][285]LogModuleManager: Shutting down and abandoning module LevelSequenceEditor (568)
[2020.05.08-21.29.27:204][285]LogModuleManager: Shutting down and abandoning module PlacementMode (567)
[2020.05.08-21.29.27:204][285]LogModuleManager: Shutting down and abandoning module MaterialEditor (566)
[2020.05.08-21.29.27:204][285]LogModuleManager: Shutting down and abandoning module WmfMediaFactory (562)
[2020.05.08-21.29.27:204][285]LogModuleManager: Shutting down and abandoning module WmfMediaEditor (560)
[2020.05.08-21.29.27:204][285]LogModuleManager: Shutting down and abandoning module MediaPlayerEditor (558)
[2020.05.08-21.29.27:205][285]LogModuleManager: Shutting down and abandoning module OpenExrWrapper (556)
[2020.05.08-21.29.27:205][285]LogModuleManager: Shutting down and abandoning module ImgMediaFactory (554)
[2020.05.08-21.29.27:205][285]LogModuleManager: Shutting down and abandoning module ImgMediaEditor (552)
[2020.05.08-21.29.27:205][285]LogModuleManager: Shutting down and abandoning module AvfMediaFactory (550)
[2020.05.08-21.29.27:205][285]LogModuleManager: Shutting down and abandoning module AvfMediaEditor (548)
[2020.05.08-21.29.27:205][285]LogModuleManager: Shutting down and abandoning module AndroidMediaFactory (546)
[2020.05.08-21.29.27:205][285]LogModuleManager: Shutting down and abandoning module AndroidMediaEditor (544)
[2020.05.08-21.29.27:205][285]LogModuleManager: Shutting down and abandoning module MagicLeapCameraPreviewFactory (542)
[2020.05.08-21.29.27:205][285]LogModuleManager: Shutting down and abandoning module MagicLeapMediaFactory (540)
[2020.05.08-21.29.27:205][285]LogModuleManager: Shutting down and abandoning module MagicLeapMediaEditor (538)
[2020.05.08-21.29.27:205][285]LogModuleManager: Shutting down and abandoning module CharacterAI (536)
[2020.05.08-21.29.27:205][285]LogModuleManager: Shutting down and abandoning module SmartSnapping (534)
[2020.05.08-21.29.27:205][285]LogModuleManager: Shutting down and abandoning module SessionServices (532)
[2020.05.08-21.29.27:205][285]LogModuleManager: Shutting down and abandoning module ViewportSnapping (530)
[2020.05.08-21.29.27:205][285]LogModuleManager: Shutting down and abandoning module ViewportInteraction (528)
[2020.05.08-21.29.27:205][285]LogModuleManager: Shutting down and abandoning module ClothPainter (526)
[2020.05.08-21.29.27:205][285]LogModuleManager: Shutting down and abandoning module SkeletalMeshEditor (525)
[2020.05.08-21.29.27:205][285]LogModuleManager: Shutting down and abandoning module LogVisualizer (522)
[2020.05.08-21.29.27:205][285]LogModuleManager: Shutting down and abandoning module IntroTutorials (520)
[2020.05.08-21.29.27:205][285]LogModuleManager: Shutting down and abandoning module GameProjectGeneration (519)
[2020.05.08-21.29.27:205][285]LogModuleManager: Shutting down and abandoning module LuminPlatformEditor (516)
[2020.05.08-21.29.27:205][285]LogModuleManager: Shutting down and abandoning module IOSPlatformEditor (514)
[2020.05.08-21.29.27:205][285]LogModuleManager: Shutting down and abandoning module HTML5PlatformEditor (512)
[2020.05.08-21.29.27:205][285]LogModuleManager: Shutting down and abandoning module AndroidPlatformEditor (510)
[2020.05.08-21.29.27:205][285]LogModuleManager: Shutting down and abandoning module AndroidDeviceDetection (509)
[2020.05.08-21.29.28:150][285]LogModuleManager: Shutting down and abandoning module WindowsPlatformEditor (506)
[2020.05.08-21.29.28:150][285]LogModuleManager: Shutting down and abandoning module LuminRuntimeSettings (504)
[2020.05.08-21.29.28:150][285]LogModuleManager: Shutting down and abandoning module IOSRuntimeSettings (502)
[2020.05.08-21.29.28:150][285]LogModuleManager: Shutting down and abandoning module AndroidRuntimeSettings (500)
[2020.05.08-21.29.28:150][285]LogModuleManager: Shutting down and abandoning module InputBindingEditor (498)
[2020.05.08-21.29.28:150][285]LogModuleManager: Shutting down and abandoning module MergeActors (496)
[2020.05.08-21.29.28:150][285]LogModuleManager: Shutting down and abandoning module LocalizationDashboard (494)
[2020.05.08-21.29.28:150][285]LogModuleManager: Shutting down and abandoning module LocalizationService (493)
[2020.05.08-21.29.28:150][285]LogModuleManager: Shutting down and abandoning module HardwareTargeting (490)
[2020.05.08-21.29.28:150][285]LogModuleManager: Shutting down and abandoning module DeviceProfileEditor (488)
[2020.05.08-21.29.28:150][285]LogModuleManager: Shutting down and abandoning module UndoHistory (486)
[2020.05.08-21.29.28:150][285]LogModuleManager: Shutting down and abandoning module XmlParser (484)
[2020.05.08-21.29.28:150][285]LogModuleManager: Shutting down and abandoning module Blutility (482)
[2020.05.08-21.29.28:150][285]LogModuleManager: Shutting down and abandoning module ProjectSettingsViewer (480)
[2020.05.08-21.29.28:150][285]LogModuleManager: Shutting down and abandoning module ProjectTargetPlatformEditor (479)
[2020.05.08-21.29.28:151][285]LogModuleManager: Shutting down and abandoning module EditorSettingsViewer (476)
[2020.05.08-21.29.28:151][285]LogModuleManager: Shutting down and abandoning module SettingsEditor (474)
[2020.05.08-21.29.28:151][285]LogModuleManager: Shutting down and abandoning module ProjectLauncher (472)
[2020.05.08-21.29.28:151][285]LogModuleManager: Shutting down and abandoning module SessionFrontend (470)
[2020.05.08-21.29.28:151][285]LogModuleManager: Shutting down and abandoning module ProfilerClient (468)
[2020.05.08-21.29.28:151][285]LogModuleManager: Shutting down and abandoning module DeviceManager (466)
[2020.05.08-21.29.28:151][285]LogModuleManager: Shutting down and abandoning module TargetDeviceServices (465)
[2020.05.08-21.29.28:216][285]LogModuleManager: Shutting down and abandoning module AutomationController (462)
[2020.05.08-21.29.28:216][285]LogModuleManager: Shutting down and abandoning module AutomationWindow (460)
[2020.05.08-21.29.28:216][285]LogModuleManager: Shutting down and abandoning module Layers (458)
[2020.05.08-21.29.28:216][285]LogModuleManager: Shutting down and abandoning module ComponentVisualizers (456)
[2020.05.08-21.29.28:216][285]LogModuleManager: Shutting down and abandoning module DetailCustomizations (454)
[2020.05.08-21.29.28:216][285]LogModuleManager: Shutting down and abandoning module PackagesDialog (452)
[2020.05.08-21.29.28:216][285]LogModuleManager: Shutting down and abandoning module Persona (450)
[2020.05.08-21.29.28:216][285]LogModuleManager: Shutting down and abandoning module AdvancedPreviewScene (449)
[2020.05.08-21.29.28:216][285]LogModuleManager: Shutting down and abandoning module AnimGraph (447)
[2020.05.08-21.29.28:216][285]LogModuleManager: Shutting down and abandoning module Kismet (444)
[2020.05.08-21.29.28:219][285]LogModuleManager: Shutting down and abandoning module GraphEditor (442)
[2020.05.08-21.29.28:219][285]LogModuleManager: Shutting down and abandoning module ClassViewer (440)
[2020.05.08-21.29.28:219][285]LogModuleManager: Shutting down and abandoning module Toolbox (438)
[2020.05.08-21.29.28:219][285]LogModuleManager: Shutting down and abandoning module ModuleUI (436)
[2020.05.08-21.29.28:219][285]LogModuleManager: Shutting down and abandoning module MovieSceneTools (434)
[2020.05.08-21.29.28:219][285]LogModuleManager: Shutting down and abandoning module OutputLog (432)
[2020.05.08-21.29.28:219][285]LogModuleManager: Shutting down and abandoning module GammaUI (430)
[2020.05.08-21.29.28:219][285]LogModuleManager: Shutting down and abandoning module Documentation (428)
[2020.05.08-21.29.28:219][285]LogModuleManager: Shutting down and abandoning module MovieSceneTracks (426)
[2020.05.08-21.29.28:219][285]LogModuleManager: Shutting down and abandoning module MovieScene (424)
[2020.05.08-21.29.28:219][285]LogModuleManager: Shutting down and abandoning module StreamingPauseRendering (422)
[2020.05.08-21.29.28:219][285]LogModuleManager: Shutting down and abandoning module LauncherPlatform (420)
[2020.05.08-21.29.28:219][285]LogModuleManager: Shutting down and abandoning module AnalyticsET (418)
[2020.05.08-21.29.28:219][285]LogModuleManager: Shutting down and abandoning module PortalServices (416)
[2020.05.08-21.29.28:220][285]LogModuleManager: Shutting down and abandoning module PortalRpc (414)
[2020.05.08-21.29.28:220][285]LogModuleManager: Shutting down and abandoning module MessagingRpc (412)
[2020.05.08-21.29.28:220][285]LogModuleManager: Shutting down and abandoning module AIModule (410)
[2020.05.08-21.29.28:220][285]LogModuleManager: Shutting down and abandoning module GameplayDebugger (409)
[2020.05.08-21.29.28:220][285]LogModuleManager: Shutting down and abandoning module AITestSuite (407)
[2020.05.08-21.29.28:220][285]LogModuleManager: Shutting down and abandoning module NavigationSystem (405)
[2020.05.08-21.29.28:220][285]LogModuleManager: Shutting down and abandoning module DesktopPlatform (402)
[2020.05.08-21.29.28:220][285]LogModuleManager: Shutting down and abandoning module ProfilerService (400)
[2020.05.08-21.29.28:418][285]LogModuleManager: Shutting down and abandoning module TaskGraph (398)
[2020.05.08-21.29.28:418][285]LogModuleManager: Shutting down and abandoning module SteamVRController (396)
[2020.05.08-21.29.28:418][285]LogModuleManager: Shutting down and abandoning module ProceduralMeshComponentEditor (394)
[2020.05.08-21.29.28:418][285]LogModuleManager: Shutting down and abandoning module ProceduralMeshComponent (392)
[2020.05.08-21.29.28:418][285]LogModuleManager: Shutting down and abandoning module OculusInput (390)
[2020.05.08-21.29.28:418][285]LogModuleManager: Shutting down and abandoning module MobilePatchingUtils (388)
[2020.05.08-21.29.28:418][285]LogModuleManager: Shutting down and abandoning module EditableMesh (386)
[2020.05.08-21.29.28:418][285]LogModuleManager: Shutting down and abandoning module CustomMeshComponent (384)
[2020.05.08-21.29.28:418][285]LogModuleManager: Shutting down and abandoning module CableComponent (382)
[2020.05.08-21.29.28:418][285]LogModuleManager: Shutting down and abandoning module AudioCapture (380)
[2020.05.08-21.29.28:418][285]LogModuleManager: Shutting down and abandoning module ArchVisCharacter (378)
[2020.05.08-21.29.28:418][285]LogModuleManager: Shutting down and abandoning module AndroidPermission (376)
[2020.05.08-21.29.28:418][285]LogModuleManager: Shutting down and abandoning module NUTUnrealEngine4 (374)
[2020.05.08-21.29.28:418][285]LogModuleManager: Shutting down and abandoning module NetcodeUnitTest (372)
[2020.05.08-21.29.28:418][285]LogModuleManager: Shutting down and abandoning module MediaCompositingEditor (370)
[2020.05.08-21.29.28:418][285]LogModuleManager: Shutting down and abandoning module MediaCompositing (368)
[2020.05.08-21.29.28:418][285]LogModuleManager: Shutting down and abandoning module LinearTimecode (366)
[2020.05.08-21.29.28:418][285]LogModuleManager: Shutting down and abandoning module ImgMedia (364)
[2020.05.08-21.29.28:421][285]LogModuleManager: Shutting down and abandoning module HTML5Networking (362)
[2020.05.08-21.29.28:421][285]LogModuleManager: Shutting down and abandoning module GeometryCacheTracks (360)
[2020.05.08-21.29.28:421][285]LogModuleManager: Shutting down and abandoning module GeometryCacheSequencer (358)
[2020.05.08-21.29.28:421][285]LogModuleManager: Shutting down and abandoning module BackChannel (356)
[2020.05.08-21.29.28:421][285]LogModuleManager: Shutting down and abandoning module AppleVision (354)
[2020.05.08-21.29.28:421][285]LogModuleManager: Shutting down and abandoning module AppleImageUtils (352)
[2020.05.08-21.29.28:421][285]LogModuleManager: Shutting down and abandoning module AlembicImporter (350)
[2020.05.08-21.29.28:421][285]LogModuleManager: Shutting down and abandoning module AlembicLibrary (349)
[2020.05.08-21.29.28:421][285]LogModuleManager: Shutting down and abandoning module GeometryCache (348)
[2020.05.08-21.29.28:421][285]LogModuleManager: Shutting down and abandoning module GeometryCacheEd (347)
[2020.05.08-21.29.28:421][285]LogModuleManager: Shutting down and abandoning module DatasmithContentEditor (342)
[2020.05.08-21.29.28:421][285]LogModuleManager: Shutting down and abandoning module DatasmithContent (340)
[2020.05.08-21.29.28:422][285]LogModuleManager: Shutting down and abandoning module SpeedTreeImporter (338)
[2020.05.08-21.29.28:422][285]LogModuleManager: Shutting down and abandoning module PluginBrowser (336)
[2020.05.08-21.29.28:422][285]LogModuleManager: Shutting down and abandoning module MobileLauncherProfileWizard (334)
[2020.05.08-21.29.28:422][285]LogModuleManager: Shutting down and abandoning module PolygonModeling (332)
[2020.05.08-21.29.28:422][285]LogModuleManager: Shutting down and abandoning module MeshEditor (330)
[2020.05.08-21.29.28:422][285]LogModuleManager: Shutting down and abandoning module CryptoKeysOpenSSL (328)
[2020.05.08-21.29.28:422][285]LogModuleManager: Shutting down and abandoning module CryptoKeys (326)
[2020.05.08-21.29.28:422][285]LogModuleManager: Shutting down and abandoning module VisualStudioSourceCodeAccess (324)
[2020.05.08-21.29.28:422][285]LogModuleManager: Shutting down and abandoning module VisualStudioCodeSourceCodeAccess (322)
[2020.05.08-21.29.28:422][285]LogModuleManager: Shutting down and abandoning module UObjectPlugin (320)
[2020.05.08-21.29.28:422][285]LogModuleManager: Shutting down and abandoning module SubversionSourceControl (318)
[2020.05.08-21.29.28:422][285]LogModuleManager: Shutting down and abandoning module PerforceSourceControl (316)
[2020.05.08-21.29.28:422][285]LogModuleManager: Shutting down and abandoning module GitSourceControl (314)
[2020.05.08-21.29.28:422][285]LogModuleManager: Shutting down and abandoning module SourceControl (313)
[2020.05.08-21.29.28:422][285]LogModuleManager: Shutting down and abandoning module CLionSourceCodeAccess (310)
[2020.05.08-21.29.28:422][285]LogModuleManager: Shutting down and abandoning module LightPropagationVolumeEditor (308)
[2020.05.08-21.29.28:422][285]LogModuleManager: Shutting down and abandoning module PaperTiledImporter (306)
[2020.05.08-21.29.28:422][285]LogModuleManager: Shutting down and abandoning module PaperSpriteSheetImporter (304)
[2020.05.08-21.29.28:422][285]LogModuleManager: Shutting down and abandoning module Paper2DEditor (302)
[2020.05.08-21.29.28:422][285]LogModuleManager: Shutting down and abandoning module MeshPaint (301)
[2020.05.08-21.29.28:422][285]LogModuleManager: Shutting down and abandoning module RuntimePhysXCooking (298)
[2020.05.08-21.29.28:422][285]LogModuleManager: Shutting down and abandoning module PhysXVehiclesEditor (296)
[2020.05.08-21.29.28:422][285]LogModuleManager: Shutting down and abandoning module PhysXVehicles (294)
[2020.05.08-21.29.28:422][285]LogModuleManager: Shutting down and abandoning module OculusEditor (292)
[2020.05.08-21.29.28:422][285]LogModuleManager: Shutting down and abandoning module LocationServicesBPLibrary (290)
[2020.05.08-21.29.28:422][285]LogModuleManager: Shutting down and abandoning module ImmediatePhysicsEditor (288)
[2020.05.08-21.29.28:422][285]LogModuleManager: Shutting down and abandoning module ImmediatePhysics (286)
[2020.05.08-21.29.28:422][285]LogModuleManager: Shutting down and abandoning module ActorSequence (284)
[2020.05.08-21.29.28:422][285]LogModuleManager: Shutting down and abandoning module UdpMessaging (282)
[2020.05.08-21.29.28:522][285]LogModuleManager: Shutting down and abandoning module TcpMessaging (280)
[2020.05.08-21.29.28:623][285]LogModuleManager: Shutting down and abandoning module MagicLeapAudio (278)
[2020.05.08-21.29.28:623][285]LogModuleManager: Shutting down and abandoning module GameplayTagsEditor (276)
[2020.05.08-21.29.28:623][285]LogModuleManager: Shutting down and abandoning module FacialAnimationEditor (274)
[2020.05.08-21.29.28:623][285]LogModuleManager: Shutting down and abandoning module FacialAnimation (272)
[2020.05.08-21.29.28:623][285]LogModuleManager: Shutting down and abandoning module DataValidation (270)
[2020.05.08-21.29.28:623][285]LogModuleManager: Shutting down and abandoning module AssetManagerEditor (268)
[2020.05.08-21.29.28:623][285]LogModuleManager: Shutting down and abandoning module LevelEditor (267)
[2020.05.08-21.29.28:623][285]LogModuleManager: Shutting down and abandoning module PixelInspectorModule (266)
[2020.05.08-21.29.28:623][285]LogModuleManager: Shutting down and abandoning module CommonMenuExtensions (264)
[2020.05.08-21.29.28:623][285]LogModuleManager: Shutting down and abandoning module MainFrame (262)
[2020.05.08-21.29.28:624][285]LogModuleManager: Shutting down and abandoning module HotReload (261)
[2020.05.08-21.29.28:624][285]LogModuleManager: Shutting down and abandoning module ContentBrowser (257)
[2020.05.08-21.29.28:625][285]LogModuleManager: Shutting down and abandoning module TreeMap (255)
[2020.05.08-21.29.28:625][285]LogModuleManager: Shutting down and abandoning module LightPropagationVolumeRuntime (252)
[2020.05.08-21.29.28:625][285]LogModuleManager: Shutting down and abandoning module AISupportModule (250)
[2020.05.08-21.29.28:625][285]LogModuleManager: Shutting down and abandoning module Paper2D (248)
[2020.05.08-21.29.28:625][285]LogModuleManager: Shutting down and abandoning module WindowsMoviePlayer (246)
[2020.05.08-21.29.28:625][285]LogModuleManager: Shutting down and abandoning module WmfMedia (244)
[2020.05.08-21.29.28:626][285]LogModuleManager: Shutting down and abandoning module Media (243)
[2020.05.08-21.29.28:632][285]LogModuleManager: Shutting down and abandoning module PacketHandler (240)
[2020.05.08-21.29.28:632][285]LogModuleManager: Shutting down and abandoning module ClothingSystemEditor (238)
[2020.05.08-21.29.28:632][285]LogModuleManager: Shutting down and abandoning module ClothingSystemRuntime (236)
[2020.05.08-21.29.28:632][285]LogModuleManager: Shutting down and abandoning module MediaAssets (234)
[2020.05.08-21.29.28:632][285]LogModuleManager: Shutting down and abandoning module Overlay (232)
[2020.05.08-21.29.28:632][285]LogModuleManager: Shutting down and abandoning module OverlayEditor (231)
[2020.05.08-21.29.28:632][285]LogModuleManager: Shutting down and abandoning module VREditor (228)
[2020.05.08-21.29.28:632][285]LogModuleManager: Shutting down and abandoning module StringTableEditor (226)
[2020.05.08-21.29.28:632][285]LogModuleManager: Shutting down and abandoning module GameplayTasksEditor (224)
[2020.05.08-21.29.28:632][285]LogModuleManager: Shutting down and abandoning module BehaviorTreeEditor (222)
[2020.05.08-21.29.28:632][285]LogModuleManager: Shutting down and abandoning module FunctionalTesting (220)
[2020.05.08-21.29.28:632][285]LogModuleManager: Shutting down and abandoning module CollisionAnalyzer (218)
[2020.05.08-21.29.28:632][285]LogModuleManager: Shutting down and abandoning module WorkspaceMenuStructure (217)
[2020.05.08-21.29.28:632][285]LogModuleManager: Shutting down and abandoning module UMG (214)
[2020.05.08-21.29.28:632][285]LogModuleManager: Shutting down and abandoning module UMGEditor (213)
[2020.05.08-21.29.28:632][285]LogModuleManager: Shutting down and abandoning module Sequencer (212)
[2020.05.08-21.29.28:633][285]LogModuleManager: Shutting down and abandoning module MessageLog (209)
[2020.05.08-21.29.28:633][285]LogModuleManager: Shutting down and abandoning module SlateReflector (204)
[2020.05.08-21.29.28:633][285]LogModuleManager: Shutting down and abandoning module Slate (202)
[2020.05.08-21.29.28:633][285]LogModuleManager: Shutting down and abandoning module EditorStyle (200)
[2020.05.08-21.29.28:634][285]LogModuleManager: Shutting down and abandoning module MRMesh (198)
[2020.05.08-21.29.28:634][285]LogModuleManager: Shutting down and abandoning module SourceCodeAccess (196)
[2020.05.08-21.29.28:634][285]LogModuleManager: Shutting down and abandoning module HeadMountedDisplay (194)
[2020.05.08-21.29.28:634][285]LogModuleManager: Shutting down and abandoning module XAudio2 (192)
[2020.05.08-21.29.28:634][285]LogModuleManager: Shutting down and abandoning module Networking (190)
[2020.05.08-21.29.28:634][285]LogModuleManager: Shutting down and abandoning module Core (188)
[2020.05.08-21.29.28:634][285]LogModuleManager: Shutting down and abandoning module LevelSequence (186)
[2020.05.08-21.29.28:634][285]LogModuleManager: Shutting down and abandoning module KismetCompiler (184)
[2020.05.08-21.29.28:634][285]LogModuleManager: Shutting down and abandoning module MeshUtilities (182)
[2020.05.08-21.29.28:634][285]LogModuleManager: Shutting down and abandoning module MeshMergeUtilities (181)
[2020.05.08-21.29.28:634][285]LogModuleManager: Shutting down and abandoning module MeshReductionInterface (180)
[2020.05.08-21.29.28:634][285]LogModuleManager: Shutting down and abandoning module SimplygonSwarm (179)
[2020.05.08-21.29.28:634][285]LogModuleManager: Shutting down and abandoning module ProxyLODMeshReduction (177)
[2020.05.08-21.29.28:634][285]LogModuleManager: Shutting down and abandoning module SimplygonMeshReduction (175)
[2020.05.08-21.29.28:634][285]LogModuleManager: Shutting down and abandoning module QuadricMeshReduction (173)
[2020.05.08-21.29.28:634][285]LogModuleManager: Shutting down and abandoning module MaterialBaking (169)
[2020.05.08-21.29.28:634][285]LogModuleManager: Shutting down and abandoning module DirectoryWatcher (165)
[2020.05.08-21.29.28:634][285]LogModuleManager: Shutting down and abandoning module DerivedDataCache (162)
[2020.05.08-21.29.28:660][285]LogDerivedDataCache: Shutdown
[2020.05.08-21.29.28:660][285]LogModuleManager: Shutting down and abandoning module XGEController (160)
[2020.05.08-21.29.28:660][285]LogModuleManager: Shutting down and abandoning module TargetPlatform (158)
[2020.05.08-21.29.28:660][285]LogModuleManager: Shutting down and abandoning module VulkanShaderFormat (157)
[2020.05.08-21.29.28:660][285]LogModuleManager: Shutting down and abandoning module ShaderFormatVectorVM (155)
[2020.05.08-21.29.28:660][285]LogModuleManager: Shutting down and abandoning module ShaderFormatOpenGL (153)
[2020.05.08-21.29.28:660][285]LogModuleManager: Shutting down and abandoning module ShaderFormatD3D (151)
[2020.05.08-21.29.28:660][285]LogModuleManager: Shutting down and abandoning module MetalShaderFormat (149)
[2020.05.08-21.29.28:660][285]LogModuleManager: Shutting down and abandoning module TextureFormatUncompressed (147)
[2020.05.08-21.29.28:660][285]LogModuleManager: Shutting down and abandoning module TextureFormatPVR (145)
[2020.05.08-21.29.28:660][285]LogModuleManager: Shutting down and abandoning module TextureFormatDXT (143)
[2020.05.08-21.29.28:660][285]LogModuleManager: Shutting down and abandoning module TextureFormatIntelISPCTexComp (141)
[2020.05.08-21.29.28:660][285]LogModuleManager: Shutting down and abandoning module TextureFormatASTC (139)
[2020.05.08-21.29.28:660][285]LogModuleManager: Shutting down and abandoning module ImageWrapper (138)
[2020.05.08-21.29.28:660][285]LogModuleManager: Shutting down and abandoning module TextureFormatAndroid (135)
[2020.05.08-21.29.28:660][285]LogModuleManager: Shutting down and abandoning module AudioFormatOpus (133)
[2020.05.08-21.29.28:660][285]LogModuleManager: Shutting down and abandoning module AudioFormatOgg (131)
[2020.05.08-21.29.28:660][285]LogModuleManager: Shutting down and abandoning module AudioFormatADPCM (129)
[2020.05.08-21.29.28:660][285]LogModuleManager: Shutting down and abandoning module LuminTargetPlatform (127)
[2020.05.08-21.29.28:660][285]LogModuleManager: Shutting down and abandoning module LinuxTargetPlatform (125)
[2020.05.08-21.29.28:661][285]LogModuleManager: Shutting down and abandoning module LinuxServerTargetPlatform (123)
[2020.05.08-21.29.28:661][285]LogModuleManager: Shutting down and abandoning module LinuxNoEditorTargetPlatform (121)
[2020.05.08-21.29.28:661][285]LogModuleManager: Shutting down and abandoning module LinuxClientTargetPlatform (119)
[2020.05.08-21.29.28:661][285]LogModuleManager: Shutting down and abandoning module TVOSTargetPlatform (117)
[2020.05.08-21.29.28:661][285]LogModuleManager: Shutting down and abandoning module Messaging (115)
[2020.05.08-21.29.28:661][285]LogModuleManager: Shutting down and abandoning module IOSTargetPlatform (113)
[2020.05.08-21.29.28:662][285]LogModuleManager: Shutting down and abandoning module HTML5TargetPlatform (111)
[2020.05.08-21.29.28:662][285]LogModuleManager: Shutting down and abandoning module AndroidTargetPlatform (109)
[2020.05.08-21.29.28:666][285]LogModuleManager: Shutting down and abandoning module WindowsTargetPlatform (107)
[2020.05.08-21.29.28:666][285]LogModuleManager: Shutting down and abandoning module WindowsServerTargetPlatform (105)
[2020.05.08-21.29.28:666][285]LogModuleManager: Shutting down and abandoning module WindowsNoEditorTargetPlatform (103)
[2020.05.08-21.29.28:666][285]LogModuleManager: Shutting down and abandoning module WindowsClientTargetPlatform (101)
[2020.05.08-21.29.28:666][285]LogModuleManager: Shutting down and abandoning module MacTargetPlatform (99)
[2020.05.08-21.29.28:666][285]LogModuleManager: Shutting down and abandoning module MacServerTargetPlatform (97)
[2020.05.08-21.29.28:666][285]LogModuleManager: Shutting down and abandoning module MacNoEditorTargetPlatform (95)
[2020.05.08-21.29.28:666][285]LogModuleManager: Shutting down and abandoning module MacClientTargetPlatform (93)
[2020.05.08-21.29.28:666][285]LogModuleManager: Shutting down and abandoning module AllDesktopTargetPlatform (91)
[2020.05.08-21.29.28:666][285]LogModuleManager: Shutting down and abandoning module InputCore (88)
[2020.05.08-21.29.28:666][285]LogModuleManager: Shutting down and abandoning module Settings (86)
[2020.05.08-21.29.28:666][285]LogModuleManager: Shutting down and abandoning module PhysXCooking (84)
[2020.05.08-21.29.28:666][285]LogModuleManager: Shutting down and abandoning module SteamVR (82)
[2020.05.08-21.29.28:666][285]LogModuleManager: Shutting down and abandoning module OculusHMD (80)
[2020.05.08-21.29.28:666][285]LogModuleManager: Shutting down and abandoning module ExampleDeviceProfileSelector (78)
[2020.05.08-21.29.28:666][285]LogModuleManager: Shutting down and abandoning module LauncherChunkInstaller (76)
[2020.05.08-21.29.28:666][285]LogModuleManager: Shutting down and abandoning module OnlineBlueprintSupport (74)
[2020.05.08-21.29.28:666][285]LogModuleManager: Shutting down and abandoning module OnlineSubsystem (70)
[2020.05.08-21.29.28:667][285]LogModuleManager: Shutting down and abandoning module XMPP (65)
[2020.05.08-21.29.28:667][285]LogModuleManager: Shutting down and abandoning module WebSockets (64)
[2020.05.08-21.29.28:692][285]LogModuleManager: Shutting down and abandoning module HTTP (61)
[2020.05.08-21.29.28:692][285]LogHttp: Display: Http module shutting down, but needs to wait on 1 outstanding Http requests:
[2020.05.08-21.29.28:692][285]LogHttp: Display: 	verb=[POST] url=[https://datarouter.ol.epicgames.com/datarouter/api/v1/public/data?SessionID=%7B64590DA2-4653-B121-4B1C-AA9FFEFFD927%7D&AppID=UEEditor.Rocket.Release&AppVersion=4.20.3-4369336%2B%2B%2BUE4%2BRelease-4.20&UserID=0d4ae196404e8d2de094df93fe4ad263%7C876de2b1a0eb44f1983412cdf698817a%7C0731819d-87ea-451c-8703-8664d6deaf70&AppEnvironment=datacollector-binary&UploadType=eteventstream] status=Processing
[2020.05.08-21.29.28:722][285]LogModuleManager: Shutting down and abandoning module SSL (60)
[2020.05.08-21.29.28:723][285]LogModuleManager: Shutting down and abandoning module MagicLeapEmulator (56)
[2020.05.08-21.29.28:723][285]LogModuleManager: Shutting down and abandoning module MagicLeapPrivileges (54)
[2020.05.08-21.29.28:723][285]LogModuleManager: Shutting down and abandoning module MagicLeapIdentity (52)
[2020.05.08-21.29.28:723][285]LogModuleManager: Shutting down and abandoning module MagicLeapHelperVulkan (50)
[2020.05.08-21.29.28:723][285]LogModuleManager: Shutting down and abandoning module MagicLeapHelperOpenGL (48)
[2020.05.08-21.29.28:723][285]LogModuleManager: Shutting down and abandoning module MagicLeapSecureStorage (46)
[2020.05.08-21.29.28:723][285]LogModuleManager: Shutting down and abandoning module MagicLeapGestures (44)
[2020.05.08-21.29.28:723][285]LogModuleManager: Shutting down and abandoning module MagicLeapEyeTracker (42)
[2020.05.08-21.29.28:723][285]LogModuleManager: Shutting down and abandoning module MagicLeapController (40)
[2020.05.08-21.29.28:723][285]LogSlate: Slate User Destroyed.  User Index 0, Is Virtual User: 0
[2020.05.08-21.29.28:723][285]LogModuleManager: Shutting down and abandoning module MagicLeap (38)
[2020.05.08-21.29.28:723][285]LogModuleManager: Shutting down and abandoning module AnimationModifiers (36)
[2020.05.08-21.29.28:724][285]LogModuleManager: Shutting down and abandoning module PropertyEditor (35)
[2020.05.08-21.29.28:724][285]LogModuleManager: Shutting down and abandoning module AudioEditor (32)
[2020.05.08-21.29.28:724][285]LogModuleManager: Shutting down and abandoning module TextureCompressor (30)
[2020.05.08-21.29.28:724][285]LogModuleManager: Shutting down and abandoning module ShaderCore (28)
[2020.05.08-21.29.28:724][285]LogModuleManager: Shutting down and abandoning module Landscape (26)
[2020.05.08-21.29.28:724][285]LogModuleManager: Shutting down and abandoning module SlateRHIRenderer (24)
[2020.05.08-21.29.28:724][285]LogModuleManager: Shutting down and abandoning module OpenGLDrv (22)
[2020.05.08-21.29.28:724][285]LogModuleManager: Shutting down and abandoning module D3D11RHI (20)
[2020.05.08-21.29.28:724][285]LogModuleManager: Shutting down and abandoning module AnimGraphRuntime (18)
[2020.05.08-21.29.28:724][285]LogModuleManager: Shutting down and abandoning module Renderer (16)
[2020.05.08-21.29.28:724][285]LogModuleManager: Shutting down and abandoning module Engine (14)
[2020.05.08-21.29.28:724][285]LogModuleManager: Shutting down and abandoning module CoreUObject (12)
[2020.05.08-21.29.28:724][285]LogModuleManager: Shutting down and abandoning module NetworkFile (10)
[2020.05.08-21.29.28:724][285]LogModuleManager: Shutting down and abandoning module CookedIterativeFile (8)
[2020.05.08-21.29.28:724][285]LogModuleManager: Shutting down and abandoning module StreamingFile (6)
[2020.05.08-21.29.28:724][285]LogModuleManager: Shutting down and abandoning module SandboxFile (4)
[2020.05.08-21.29.28:724][285]LogModuleManager: Shutting down and abandoning module PakFile (2)
[2020.05.08-21.29.28:729][285]LogExit: Exiting.
[2020.05.08-21.29.28:736][285]Log file closed, 05/08/20 23:29:28
